2019/05/01 16:04:13 | globus delete --notify off e7f6aaae-fe52-11e8-9345-0e3d676669f4:/~/rescer201900004-data-transfer-tests/in/10gb_1_file --recursive
2019/05/01 16:04:15 | Waiting for deletion to finish (Task ID: 2f38a76a-6bc6-11e9-8e59-029d279f7e24)
2019/05/01 16:04:24 | globus transfer --notify off --no-verify-checksum e7f6aaae-fe52-11e8-9345-0e3d676669f4:/~/tmpfs/out/10gb_1_file e7f6aaae-fe52-11e8-9345-0e3d676669f4:/~/rescer201900004-data-transfer-tests/in/10gb_1_file --recursive
2019/05/01 16:04:26 | Waiting for transfer to finish (Task ID: 35612f90-6bc6-11e9-b7f6-0a37f382de32)
2019/05/01 16:04:58 | RESULT|35612f90-6bc6-11e9-b7f6-0a37f382de32|e7f6aaae-fe52-11e8-9345-0e3d676669f4|/~/tmpfs/out/10gb_1_file|e7f6aaae-fe52-11e8-9345-0e3d676669f4|/~/rescer201900004-data-transfer-tests/in/10gb_1_file|10gb_1_file|10737418240|361101893|--no-verify-checksum|UoA-tmpfs-2-UoA-SpectrumScale|SUCCEEDED
2019/05/01 16:05:03 | globus delete --notify off e7f6aaae-fe52-11e8-9345-0e3d676669f4:/~/rescer201900004-data-transfer-tests/in/10gb_1_file --recursive
2019/05/01 16:05:05 | Waiting for deletion to finish (Task ID: 4cf3f1ba-6bc6-11e9-bf45-0e4a062367b8)
2019/05/01 16:05:13 | globus transfer --notify off --no-verify-checksum e7f6aaae-fe52-11e8-9345-0e3d676669f4:/~/tmpfs/out/10gb_1_file e7f6aaae-fe52-11e8-9345-0e3d676669f4:/~/rescer201900004-data-transfer-tests/in/10gb_1_file --recursive
2019/05/01 16:05:16 | Waiting for transfer to finish (Task ID: 52fe6e1e-6bc6-11e9-bf45-0e4a062367b8)
2019/05/01 16:05:48 | RESULT|52fe6e1e-6bc6-11e9-bf45-0e4a062367b8|e7f6aaae-fe52-11e8-9345-0e3d676669f4|/~/tmpfs/out/10gb_1_file|e7f6aaae-fe52-11e8-9345-0e3d676669f4|/~/rescer201900004-data-transfer-tests/in/10gb_1_file|10gb_1_file|10737418240|356026680|--no-verify-checksum|UoA-tmpfs-2-UoA-SpectrumScale|SUCCEEDED
2019/05/01 16:05:53 | globus delete --notify off e7f6aaae-fe52-11e8-9345-0e3d676669f4:/~/rescer201900004-data-transfer-tests/in/10gb_1_file --recursive
2019/05/01 16:05:55 | Waiting for deletion to finish (Task ID: 6abf2034-6bc6-11e9-bf45-0e4a062367b8)
2019/05/01 16:06:03 | globus transfer --notify off --no-verify-checksum e7f6aaae-fe52-11e8-9345-0e3d676669f4:/~/tmpfs/out/10gb_1_file e7f6aaae-fe52-11e8-9345-0e3d676669f4:/~/rescer201900004-data-transfer-tests/in/10gb_1_file --recursive
2019/05/01 16:06:06 | Waiting for transfer to finish (Task ID: 70e32c3a-6bc6-11e9-bf45-0e4a062367b8)
2019/05/01 16:06:39 | RESULT|70e32c3a-6bc6-11e9-bf45-0e4a062367b8|e7f6aaae-fe52-11e8-9345-0e3d676669f4|/~/tmpfs/out/10gb_1_file|e7f6aaae-fe52-11e8-9345-0e3d676669f4|/~/rescer201900004-data-transfer-tests/in/10gb_1_file|10gb_1_file|10737418240|351921954|--no-verify-checksum|UoA-tmpfs-2-UoA-SpectrumScale|SUCCEEDED
2019/05/01 16:06:44 | globus delete --notify off e7f6aaae-fe52-11e8-9345-0e3d676669f4:/~/rescer201900004-data-transfer-tests/in/10gb_1_file --recursive
2019/05/01 16:06:46 | Waiting for deletion to finish (Task ID: 894793c4-6bc6-11e9-8e59-029d279f7e24)
2019/05/01 16:06:55 | globus transfer --notify off --no-verify-checksum e7f6aaae-fe52-11e8-9345-0e3d676669f4:/~/tmpfs/out/10gb_1_file e7f6aaae-fe52-11e8-9345-0e3d676669f4:/~/rescer201900004-data-transfer-tests/in/10gb_1_file --recursive
2019/05/01 16:06:57 | Waiting for transfer to finish (Task ID: 8f88fbc4-6bc6-11e9-8e59-029d279f7e24)
2019/05/01 16:07:29 | RESULT|8f88fbc4-6bc6-11e9-8e59-029d279f7e24|e7f6aaae-fe52-11e8-9345-0e3d676669f4|/~/tmpfs/out/10gb_1_file|e7f6aaae-fe52-11e8-9345-0e3d676669f4|/~/rescer201900004-data-transfer-tests/in/10gb_1_file|10gb_1_file|10737418240|360268766|--no-verify-checksum|UoA-tmpfs-2-UoA-SpectrumScale|SUCCEEDED
2019/05/01 16:07:34 | globus delete --notify off e7f6aaae-fe52-11e8-9345-0e3d676669f4:/~/tmpfs/in/10gb_1_file --recursive
2019/05/01 16:07:36 | Waiting for deletion to finish (Task ID: a7077e38-6bc6-11e9-bf45-0e4a062367b8)
2019/05/01 16:07:44 | globus transfer --notify off --no-verify-checksum e7f6aaae-fe52-11e8-9345-0e3d676669f4:/~/tmpfs/out/10gb_1_file e7f6aaae-fe52-11e8-9345-0e3d676669f4:/~/tmpfs/in/10gb_1_file --recursive
2019/05/01 16:07:48 | Waiting for transfer to finish (Task ID: ad8f9060-6bc6-11e9-8e59-029d279f7e24)
2019/05/01 16:08:09 | RESULT|ad8f9060-6bc6-11e9-8e59-029d279f7e24|e7f6aaae-fe52-11e8-9345-0e3d676669f4|/~/tmpfs/out/10gb_1_file|e7f6aaae-fe52-11e8-9345-0e3d676669f4|/~/tmpfs/in/10gb_1_file|10gb_1_file|10737418240|551092742|--no-verify-checksum|UoA-tmpfs-2-UoA-tmpfs|SUCCEEDED
2019/05/01 16:08:15 | globus delete --notify off e7f6aaae-fe52-11e8-9345-0e3d676669f4:/~/tmpfs/in/10gb_1_file --recursive
2019/05/01 16:08:17 | Waiting for deletion to finish (Task ID: bf565072-6bc6-11e9-bf45-0e4a062367b8)
2019/05/01 16:08:25 | globus transfer --notify off --no-verify-checksum e7f6aaae-fe52-11e8-9345-0e3d676669f4:/~/tmpfs/out/10gb_1_file e7f6aaae-fe52-11e8-9345-0e3d676669f4:/~/tmpfs/in/10gb_1_file --recursive
2019/05/01 16:08:27 | Waiting for transfer to finish (Task ID: c558133e-6bc6-11e9-bf45-0e4a062367b8)
2019/05/01 16:08:49 | RESULT|c558133e-6bc6-11e9-bf45-0e4a062367b8|e7f6aaae-fe52-11e8-9345-0e3d676669f4|/~/tmpfs/out/10gb_1_file|e7f6aaae-fe52-11e8-9345-0e3d676669f4|/~/tmpfs/in/10gb_1_file|10gb_1_file|10737418240|557762868|--no-verify-checksum|UoA-tmpfs-2-UoA-tmpfs|SUCCEEDED
2019/05/01 16:08:54 | globus delete --notify off e7f6aaae-fe52-11e8-9345-0e3d676669f4:/~/tmpfs/in/10gb_1_file --recursive
2019/05/01 16:08:56 | Waiting for deletion to finish (Task ID: d6cb5090-6bc6-11e9-b7f6-0a37f382de32)
2019/05/01 16:09:05 | globus transfer --notify off --no-verify-checksum e7f6aaae-fe52-11e8-9345-0e3d676669f4:/~/tmpfs/out/10gb_1_file e7f6aaae-fe52-11e8-9345-0e3d676669f4:/~/tmpfs/in/10gb_1_file --recursive
2019/05/01 16:09:07 | Waiting for transfer to finish (Task ID: dce2c382-6bc6-11e9-b7f6-0a37f382de32)
2019/05/01 16:09:29 | RESULT|dce2c382-6bc6-11e9-b7f6-0a37f382de32|e7f6aaae-fe52-11e8-9345-0e3d676669f4|/~/tmpfs/out/10gb_1_file|e7f6aaae-fe52-11e8-9345-0e3d676669f4|/~/tmpfs/in/10gb_1_file|10gb_1_file|10737418240|555134274|--no-verify-checksum|UoA-tmpfs-2-UoA-tmpfs|SUCCEEDED
2019/05/01 16:09:34 | globus delete --notify off e7f6aaae-fe52-11e8-9345-0e3d676669f4:/~/tmpfs/in/10gb_1_file --recursive
2019/05/01 16:09:36 | Waiting for deletion to finish (Task ID: ee9b574c-6bc6-11e9-8e59-029d279f7e24)
2019/05/01 16:09:45 | globus transfer --notify off --no-verify-checksum e7f6aaae-fe52-11e8-9345-0e3d676669f4:/~/tmpfs/out/10gb_1_file e7f6aaae-fe52-11e8-9345-0e3d676669f4:/~/tmpfs/in/10gb_1_file --recursive
2019/05/01 16:09:47 | Waiting for transfer to finish (Task ID: f4a6a768-6bc6-11e9-b7f6-0a37f382de32)
2019/05/01 16:10:08 | RESULT|f4a6a768-6bc6-11e9-b7f6-0a37f382de32|e7f6aaae-fe52-11e8-9345-0e3d676669f4|/~/tmpfs/out/10gb_1_file|e7f6aaae-fe52-11e8-9345-0e3d676669f4|/~/tmpfs/in/10gb_1_file|10gb_1_file|10737418240|558651680|--no-verify-checksum|UoA-tmpfs-2-UoA-tmpfs|SUCCEEDED
