2019/05/01 10:33:04 | globus delete --notify off e7f6aaae-fe52-11e8-9345-0e3d676669f4:/~/rescer201900004-data-transfer-tests/in/10gb_1_file --recursive
2019/05/01 10:33:06 | Waiting for deletion to finish (Task ID: ec76f57c-6b97-11e9-bf45-0e4a062367b8)
2019/05/01 10:33:15 | globus transfer --notify off --no-verify-checksum e7f6aaae-fe52-11e8-9345-0e3d676669f4:/~/tmpfs/out/10gb_1_file e7f6aaae-fe52-11e8-9345-0e3d676669f4:/~/rescer201900004-data-transfer-tests/in/10gb_1_file --recursive
2019/05/01 10:33:17 | Waiting for transfer to finish (Task ID: f2d2c996-6b97-11e9-bf45-0e4a062367b8)
2019/05/01 10:33:55 | RESULT|f2d2c996-6b97-11e9-bf45-0e4a062367b8|e7f6aaae-fe52-11e8-9345-0e3d676669f4|/~/tmpfs/out/10gb_1_file|e7f6aaae-fe52-11e8-9345-0e3d676669f4|/~/rescer201900004-data-transfer-tests/in/10gb_1_file|10gb_1_file|10737418240|305586466|--no-verify-checksum|UoA-tmpfs-2-UoA-SpectrumScale|SUCCEEDED
2019/05/01 10:34:00 | globus delete --notify off e7f6aaae-fe52-11e8-9345-0e3d676669f4:/~/rescer201900004-data-transfer-tests/in/10gb_1_file --recursive
2019/05/01 10:34:02 | Waiting for deletion to finish (Task ID: 0dd7f5f4-6b98-11e9-8e59-029d279f7e24)
2019/05/01 10:34:11 | globus transfer --notify off --no-verify-checksum e7f6aaae-fe52-11e8-9345-0e3d676669f4:/~/tmpfs/out/10gb_1_file e7f6aaae-fe52-11e8-9345-0e3d676669f4:/~/rescer201900004-data-transfer-tests/in/10gb_1_file --recursive
2019/05/01 10:34:13 | Waiting for transfer to finish (Task ID: 13ee5294-6b98-11e9-bf45-0e4a062367b8)
2019/05/01 10:34:51 | RESULT|13ee5294-6b98-11e9-bf45-0e4a062367b8|e7f6aaae-fe52-11e8-9345-0e3d676669f4|/~/tmpfs/out/10gb_1_file|e7f6aaae-fe52-11e8-9345-0e3d676669f4|/~/rescer201900004-data-transfer-tests/in/10gb_1_file|10gb_1_file|10737418240|305468146|--no-verify-checksum|UoA-tmpfs-2-UoA-SpectrumScale|SUCCEEDED
2019/05/01 10:34:56 | globus delete --notify off e7f6aaae-fe52-11e8-9345-0e3d676669f4:/~/rescer201900004-data-transfer-tests/in/10gb_1_file --recursive
2019/05/01 10:34:58 | Waiting for deletion to finish (Task ID: 2f287d78-6b98-11e9-b7f6-0a37f382de32)
2019/05/01 10:35:07 | globus transfer --notify off --no-verify-checksum e7f6aaae-fe52-11e8-9345-0e3d676669f4:/~/tmpfs/out/10gb_1_file e7f6aaae-fe52-11e8-9345-0e3d676669f4:/~/rescer201900004-data-transfer-tests/in/10gb_1_file --recursive
2019/05/01 10:35:09 | Waiting for transfer to finish (Task ID: 353ff2ae-6b98-11e9-8e59-029d279f7e24)
2019/05/01 10:35:46 | RESULT|353ff2ae-6b98-11e9-8e59-029d279f7e24|e7f6aaae-fe52-11e8-9345-0e3d676669f4|/~/tmpfs/out/10gb_1_file|e7f6aaae-fe52-11e8-9345-0e3d676669f4|/~/rescer201900004-data-transfer-tests/in/10gb_1_file|10gb_1_file|10737418240|311933299|--no-verify-checksum|UoA-tmpfs-2-UoA-SpectrumScale|SUCCEEDED
2019/05/01 10:35:51 | globus delete --notify off e7f6aaae-fe52-11e8-9345-0e3d676669f4:/~/rescer201900004-data-transfer-tests/in/10gb_1_file --recursive
2019/05/01 10:35:53 | Waiting for deletion to finish (Task ID: 4fc02f40-6b98-11e9-b7f6-0a37f382de32)
2019/05/01 10:36:02 | globus transfer --notify off --no-verify-checksum e7f6aaae-fe52-11e8-9345-0e3d676669f4:/~/tmpfs/out/10gb_1_file e7f6aaae-fe52-11e8-9345-0e3d676669f4:/~/rescer201900004-data-transfer-tests/in/10gb_1_file --recursive
2019/05/01 10:36:04 | Waiting for transfer to finish (Task ID: 56123de8-6b98-11e9-bf45-0e4a062367b8)
2019/05/01 10:36:42 | RESULT|56123de8-6b98-11e9-bf45-0e4a062367b8|e7f6aaae-fe52-11e8-9345-0e3d676669f4|/~/tmpfs/out/10gb_1_file|e7f6aaae-fe52-11e8-9345-0e3d676669f4|/~/rescer201900004-data-transfer-tests/in/10gb_1_file|10gb_1_file|10737418240|303089582|--no-verify-checksum|UoA-tmpfs-2-UoA-SpectrumScale|SUCCEEDED
2019/05/01 10:36:47 | globus delete --notify off e7f6aaae-fe52-11e8-9345-0e3d676669f4:/~/tmpfs/in/10gb_1_file --recursive
2019/05/01 10:36:49 | Waiting for deletion to finish (Task ID: 71247678-6b98-11e9-bf45-0e4a062367b8)
2019/05/01 10:36:57 | globus transfer --notify off --no-verify-checksum e7f6aaae-fe52-11e8-9345-0e3d676669f4:/~/tmpfs/out/10gb_1_file e7f6aaae-fe52-11e8-9345-0e3d676669f4:/~/tmpfs/in/10gb_1_file --recursive
2019/05/01 10:37:00 | Waiting for transfer to finish (Task ID: 774e9984-6b98-11e9-b7f6-0a37f382de32)
2019/05/01 10:37:22 | RESULT|774e9984-6b98-11e9-b7f6-0a37f382de32|e7f6aaae-fe52-11e8-9345-0e3d676669f4|/~/tmpfs/out/10gb_1_file|e7f6aaae-fe52-11e8-9345-0e3d676669f4|/~/tmpfs/in/10gb_1_file|10gb_1_file|10737418240|532335784|--no-verify-checksum|UoA-tmpfs-2-UoA-tmpfs|SUCCEEDED
2019/05/01 10:37:27 | globus delete --notify off e7f6aaae-fe52-11e8-9345-0e3d676669f4:/~/tmpfs/in/10gb_1_file --recursive
2019/05/01 10:37:29 | Waiting for deletion to finish (Task ID: 88e7777e-6b98-11e9-bf45-0e4a062367b8)
2019/05/01 10:37:38 | globus transfer --notify off --no-verify-checksum e7f6aaae-fe52-11e8-9345-0e3d676669f4:/~/tmpfs/out/10gb_1_file e7f6aaae-fe52-11e8-9345-0e3d676669f4:/~/tmpfs/in/10gb_1_file --recursive
2019/05/01 10:37:40 | Waiting for transfer to finish (Task ID: 8f2544ea-6b98-11e9-b7f6-0a37f382de32)
2019/05/01 10:38:01 | RESULT|8f2544ea-6b98-11e9-b7f6-0a37f382de32|e7f6aaae-fe52-11e8-9345-0e3d676669f4|/~/tmpfs/out/10gb_1_file|e7f6aaae-fe52-11e8-9345-0e3d676669f4|/~/tmpfs/in/10gb_1_file|10gb_1_file|10737418240|545025585|--no-verify-checksum|UoA-tmpfs-2-UoA-tmpfs|SUCCEEDED
2019/05/01 10:38:07 | globus delete --notify off e7f6aaae-fe52-11e8-9345-0e3d676669f4:/~/tmpfs/in/10gb_1_file --recursive
2019/05/01 10:38:09 | Waiting for deletion to finish (Task ID: a0e3b0f4-6b98-11e9-b7f6-0a37f382de32)
2019/05/01 10:38:17 | globus transfer --notify off --no-verify-checksum e7f6aaae-fe52-11e8-9345-0e3d676669f4:/~/tmpfs/out/10gb_1_file e7f6aaae-fe52-11e8-9345-0e3d676669f4:/~/tmpfs/in/10gb_1_file --recursive
2019/05/01 10:38:20 | Waiting for transfer to finish (Task ID: a6f96d94-6b98-11e9-8e59-029d279f7e24)
2019/05/01 10:38:42 | RESULT|a6f96d94-6b98-11e9-8e59-029d279f7e24|e7f6aaae-fe52-11e8-9345-0e3d676669f4|/~/tmpfs/out/10gb_1_file|e7f6aaae-fe52-11e8-9345-0e3d676669f4|/~/tmpfs/in/10gb_1_file|10gb_1_file|10737418240|529585588|--no-verify-checksum|UoA-tmpfs-2-UoA-tmpfs|SUCCEEDED
2019/05/01 10:38:47 | globus delete --notify off e7f6aaae-fe52-11e8-9345-0e3d676669f4:/~/tmpfs/in/10gb_1_file --recursive
2019/05/01 10:38:49 | Waiting for deletion to finish (Task ID: b8ed5e5c-6b98-11e9-bf45-0e4a062367b8)
2019/05/01 10:38:58 | globus transfer --notify off --no-verify-checksum e7f6aaae-fe52-11e8-9345-0e3d676669f4:/~/tmpfs/out/10gb_1_file e7f6aaae-fe52-11e8-9345-0e3d676669f4:/~/tmpfs/in/10gb_1_file --recursive
2019/05/01 10:39:00 | Waiting for transfer to finish (Task ID: befab2cc-6b98-11e9-b7f6-0a37f382de32)
2019/05/01 10:39:23 | RESULT|befab2cc-6b98-11e9-b7f6-0a37f382de32|e7f6aaae-fe52-11e8-9345-0e3d676669f4|/~/tmpfs/out/10gb_1_file|e7f6aaae-fe52-11e8-9345-0e3d676669f4|/~/tmpfs/in/10gb_1_file|10gb_1_file|10737418240|529172536|--no-verify-checksum|UoA-tmpfs-2-UoA-tmpfs|SUCCEEDED
