2019/04/24 10:08:38 | globus delete --notify off 3064bb28-e940-11e8-8caa-0a1d4c5c824a:/nesi/nobackup/uoa99999/mfel395/10gb_1_file --recursive
2019/04/24 10:08:40 | Waiting for deletion to finish (Task ID: 599ff182-6614-11e9-8e58-029d279f7e24)
2019/04/24 10:08:50 | globus transfer --notify off --no-verify-checksum e7f6aaae-fe52-11e8-9345-0e3d676669f4:/~/rescer201900004-data-transfer-tests/out/10gb_1_file 3064bb28-e940-11e8-8caa-0a1d4c5c824a:/nesi/nobackup/uoa99999/mfel395/10gb_1_file --recursive
2019/04/24 10:08:53 | Waiting for transfer to finish (Task ID: 60e16390-6614-11e9-bf44-0e4a062367b8)
2019/04/24 10:11:03 | RESULT|60e16390-6614-11e9-bf44-0e4a062367b8|e7f6aaae-fe52-11e8-9345-0e3d676669f4|/~/rescer201900004-data-transfer-tests/out/10gb_1_file|3064bb28-e940-11e8-8caa-0a1d4c5c824a|/nesi/nobackup/uoa99999/mfel395/10gb_1_file|10gb_1_file|10737418240|84246955|--no-verify-checksum|NeSI-2-UoA-SpectrumScale|SUCCEEDED
2019/04/24 10:11:08 | globus delete --notify off e7f6aaae-fe52-11e8-9345-0e3d676669f4:/~/rescer201900004-data-transfer-tests/in/10gb_1_file --recursive
2019/04/24 10:11:11 | Waiting for deletion to finish (Task ID: b354dd64-6614-11e9-8e58-029d279f7e24)
2019/04/24 10:11:19 | globus transfer --notify off --no-verify-checksum 3064bb28-e940-11e8-8caa-0a1d4c5c824a:/nesi/nobackup/uoa99999/mfel395/10gb_1_file e7f6aaae-fe52-11e8-9345-0e3d676669f4:/~/rescer201900004-data-transfer-tests/in/10gb_1_file --recursive
2019/04/24 10:11:22 | Waiting for transfer to finish (Task ID: b988f60c-6614-11e9-bf44-0e4a062367b8)
2019/04/24 10:12:00 | RESULT|b988f60c-6614-11e9-bf44-0e4a062367b8|3064bb28-e940-11e8-8caa-0a1d4c5c824a|/nesi/nobackup/uoa99999/mfel395/10gb_1_file|e7f6aaae-fe52-11e8-9345-0e3d676669f4|/~/rescer201900004-data-transfer-tests/in/10gb_1_file|10gb_1_file|10737418240|296651337|--no-verify-checksum|NeSI-2-UoA-SpectrumScale|SUCCEEDED
2019/04/24 10:12:05 | globus delete --notify off e7f6aaae-fe52-11e8-9345-0e3d676669f4:/~/rescer201900004-data-transfer-tests/in/10gb_1_file --recursive
2019/04/24 10:12:07 | Waiting for deletion to finish (Task ID: d53266a4-6614-11e9-b7f4-0a37f382de32)
2019/04/24 10:12:16 | globus transfer --notify off --no-verify-checksum 3064bb28-e940-11e8-8caa-0a1d4c5c824a:/nesi/nobackup/uoa99999/mfel395/10gb_1_file e7f6aaae-fe52-11e8-9345-0e3d676669f4:/~/rescer201900004-data-transfer-tests/in/10gb_1_file --recursive
2019/04/24 10:12:19 | Waiting for transfer to finish (Task ID: db74ca0c-6614-11e9-b7f4-0a37f382de32)
2019/04/24 10:12:58 | RESULT|db74ca0c-6614-11e9-b7f4-0a37f382de32|3064bb28-e940-11e8-8caa-0a1d4c5c824a|/nesi/nobackup/uoa99999/mfel395/10gb_1_file|e7f6aaae-fe52-11e8-9345-0e3d676669f4|/~/rescer201900004-data-transfer-tests/in/10gb_1_file|10gb_1_file|10737418240|296449341|--no-verify-checksum|NeSI-2-UoA-SpectrumScale|SUCCEEDED
2019/04/24 10:13:03 | globus delete --notify off e7f6aaae-fe52-11e8-9345-0e3d676669f4:/~/rescer201900004-data-transfer-tests/in/10gb_1_file --recursive
2019/04/24 10:13:05 | Waiting for deletion to finish (Task ID: f767ebfe-6614-11e9-8e58-029d279f7e24)
2019/04/24 10:13:13 | globus transfer --notify off --no-verify-checksum 3064bb28-e940-11e8-8caa-0a1d4c5c824a:/nesi/nobackup/uoa99999/mfel395/10gb_1_file e7f6aaae-fe52-11e8-9345-0e3d676669f4:/~/rescer201900004-data-transfer-tests/in/10gb_1_file --recursive
2019/04/24 10:13:15 | Waiting for transfer to finish (Task ID: fd70fe82-6614-11e9-bf44-0e4a062367b8)
2019/04/24 10:13:54 | RESULT|fd70fe82-6614-11e9-bf44-0e4a062367b8|3064bb28-e940-11e8-8caa-0a1d4c5c824a|/nesi/nobackup/uoa99999/mfel395/10gb_1_file|e7f6aaae-fe52-11e8-9345-0e3d676669f4|/~/rescer201900004-data-transfer-tests/in/10gb_1_file|10gb_1_file|10737418240|292885197|--no-verify-checksum|NeSI-2-UoA-SpectrumScale|SUCCEEDED
2019/04/24 10:14:00 | globus delete --notify off e7f6aaae-fe52-11e8-9345-0e3d676669f4:/~/rescer201900004-data-transfer-tests/in/10gb_1_file --recursive
2019/04/24 10:14:02 | Waiting for deletion to finish (Task ID: 194fcb38-6615-11e9-8e58-029d279f7e24)
2019/04/24 10:14:10 | globus transfer --notify off --no-verify-checksum 3064bb28-e940-11e8-8caa-0a1d4c5c824a:/nesi/nobackup/uoa99999/mfel395/10gb_1_file e7f6aaae-fe52-11e8-9345-0e3d676669f4:/~/rescer201900004-data-transfer-tests/in/10gb_1_file --recursive
2019/04/24 10:14:12 | Waiting for transfer to finish (Task ID: 1f15ddf0-6615-11e9-bf44-0e4a062367b8)
2019/04/24 10:14:51 | RESULT|1f15ddf0-6615-11e9-bf44-0e4a062367b8|3064bb28-e940-11e8-8caa-0a1d4c5c824a|/nesi/nobackup/uoa99999/mfel395/10gb_1_file|e7f6aaae-fe52-11e8-9345-0e3d676669f4|/~/rescer201900004-data-transfer-tests/in/10gb_1_file|10gb_1_file|10737418240|298286798|--no-verify-checksum|NeSI-2-UoA-SpectrumScale|SUCCEEDED
2019/04/24 10:14:56 | globus delete --notify off e7f6aaae-fe52-11e8-9345-0e3d676669f4:/~/in/10gb_1_file --recursive
2019/04/24 10:14:58 | Waiting for deletion to finish (Task ID: 3aeaa5ba-6615-11e9-8e58-029d279f7e24)
2019/04/24 10:15:07 | globus transfer --notify off --no-verify-checksum 3064bb28-e940-11e8-8caa-0a1d4c5c824a:/nesi/nobackup/uoa99999/mfel395/10gb_1_file e7f6aaae-fe52-11e8-9345-0e3d676669f4:/~/in/10gb_1_file --recursive
2019/04/24 10:15:09 | Waiting for transfer to finish (Task ID: 412c244e-6615-11e9-b7f4-0a37f382de32)
2019/04/24 10:15:54 | RESULT|412c244e-6615-11e9-b7f4-0a37f382de32|3064bb28-e940-11e8-8caa-0a1d4c5c824a|/nesi/nobackup/uoa99999/mfel395/10gb_1_file|e7f6aaae-fe52-11e8-9345-0e3d676669f4|/~/in/10gb_1_file|10gb_1_file|10737418240|251896493|--no-verify-checksum|NeSI-2-UoA-LocalDisk|SUCCEEDED
2019/04/24 10:16:00 | globus delete --notify off e7f6aaae-fe52-11e8-9345-0e3d676669f4:/~/in/10gb_1_file --recursive
2019/04/24 10:16:03 | Waiting for deletion to finish (Task ID: 60d3e520-6615-11e9-8e58-029d279f7e24)
2019/04/24 10:16:13 | globus transfer --notify off --no-verify-checksum 3064bb28-e940-11e8-8caa-0a1d4c5c824a:/nesi/nobackup/uoa99999/mfel395/10gb_1_file e7f6aaae-fe52-11e8-9345-0e3d676669f4:/~/in/10gb_1_file --recursive
2019/04/24 10:16:15 | Waiting for transfer to finish (Task ID: 68b42782-6615-11e9-8e58-029d279f7e24)
2019/04/24 10:16:51 | RESULT|68b42782-6615-11e9-8e58-029d279f7e24|3064bb28-e940-11e8-8caa-0a1d4c5c824a|/nesi/nobackup/uoa99999/mfel395/10gb_1_file|e7f6aaae-fe52-11e8-9345-0e3d676669f4|/~/in/10gb_1_file|10gb_1_file|10737418240|318628237|--no-verify-checksum|NeSI-2-UoA-LocalDisk|SUCCEEDED
2019/04/24 10:16:56 | globus delete --notify off e7f6aaae-fe52-11e8-9345-0e3d676669f4:/~/in/10gb_1_file --recursive
2019/04/24 10:16:58 | Waiting for deletion to finish (Task ID: 82a2d2b0-6615-11e9-bf44-0e4a062367b8)
2019/04/24 10:17:07 | globus transfer --notify off --no-verify-checksum 3064bb28-e940-11e8-8caa-0a1d4c5c824a:/nesi/nobackup/uoa99999/mfel395/10gb_1_file e7f6aaae-fe52-11e8-9345-0e3d676669f4:/~/in/10gb_1_file --recursive
2019/04/24 10:17:10 | Waiting for transfer to finish (Task ID: 88f59166-6615-11e9-bf44-0e4a062367b8)
2019/04/24 10:17:47 | RESULT|88f59166-6615-11e9-bf44-0e4a062367b8|3064bb28-e940-11e8-8caa-0a1d4c5c824a|/nesi/nobackup/uoa99999/mfel395/10gb_1_file|e7f6aaae-fe52-11e8-9345-0e3d676669f4|/~/in/10gb_1_file|10gb_1_file|10737418240|311127347|--no-verify-checksum|NeSI-2-UoA-LocalDisk|SUCCEEDED
2019/04/24 10:17:53 | globus delete --notify off e7f6aaae-fe52-11e8-9345-0e3d676669f4:/~/in/10gb_1_file --recursive
2019/04/24 10:17:55 | Waiting for deletion to finish (Task ID: a4a599f6-6615-11e9-8e58-029d279f7e24)
2019/04/24 10:18:05 | globus transfer --notify off --no-verify-checksum 3064bb28-e940-11e8-8caa-0a1d4c5c824a:/nesi/nobackup/uoa99999/mfel395/10gb_1_file e7f6aaae-fe52-11e8-9345-0e3d676669f4:/~/in/10gb_1_file --recursive
2019/04/24 10:18:08 | Waiting for transfer to finish (Task ID: ab9d88d6-6615-11e9-8e58-029d279f7e24)
2019/04/24 10:18:42 | RESULT|ab9d88d6-6615-11e9-8e58-029d279f7e24|3064bb28-e940-11e8-8caa-0a1d4c5c824a|/nesi/nobackup/uoa99999/mfel395/10gb_1_file|e7f6aaae-fe52-11e8-9345-0e3d676669f4|/~/in/10gb_1_file|10gb_1_file|10737418240|333139273|--no-verify-checksum|NeSI-2-UoA-LocalDisk|SUCCEEDED
2019/04/24 10:18:47 | globus delete --notify off e7f6aaae-fe52-11e8-9345-0e3d676669f4:/~/tmpfs/in/10gb_1_file --recursive
2019/04/24 10:18:49 | Waiting for deletion to finish (Task ID: c4d03b8c-6615-11e9-8e58-029d279f7e24)
2019/04/24 10:18:58 | globus transfer --notify off --no-verify-checksum 3064bb28-e940-11e8-8caa-0a1d4c5c824a:/nesi/nobackup/uoa99999/mfel395/10gb_1_file e7f6aaae-fe52-11e8-9345-0e3d676669f4:/~/tmpfs/in/10gb_1_file --recursive
2019/04/24 10:19:00 | Waiting for transfer to finish (Task ID: cb03c834-6615-11e9-8e58-029d279f7e24)
2019/04/24 10:19:36 | RESULT|cb03c834-6615-11e9-8e58-029d279f7e24|3064bb28-e940-11e8-8caa-0a1d4c5c824a|/nesi/nobackup/uoa99999/mfel395/10gb_1_file|e7f6aaae-fe52-11e8-9345-0e3d676669f4|/~/tmpfs/in/10gb_1_file|10gb_1_file|10737418240|331001255|--no-verify-checksum|NeSI-2-UoA-tmpfs|SUCCEEDED
2019/04/24 10:19:41 | globus delete --notify off e7f6aaae-fe52-11e8-9345-0e3d676669f4:/~/tmpfs/in/10gb_1_file --recursive
2019/04/24 10:19:43 | Waiting for deletion to finish (Task ID: e4c9b058-6615-11e9-b7f4-0a37f382de32)
2019/04/24 10:19:52 | globus transfer --notify off --no-verify-checksum 3064bb28-e940-11e8-8caa-0a1d4c5c824a:/nesi/nobackup/uoa99999/mfel395/10gb_1_file e7f6aaae-fe52-11e8-9345-0e3d676669f4:/~/tmpfs/in/10gb_1_file --recursive
2019/04/24 10:19:54 | Waiting for transfer to finish (Task ID: eb04ae8c-6615-11e9-bf44-0e4a062367b8)
2019/04/24 10:20:29 | RESULT|eb04ae8c-6615-11e9-bf44-0e4a062367b8|3064bb28-e940-11e8-8caa-0a1d4c5c824a|/nesi/nobackup/uoa99999/mfel395/10gb_1_file|e7f6aaae-fe52-11e8-9345-0e3d676669f4|/~/tmpfs/in/10gb_1_file|10gb_1_file|10737418240|326555095|--no-verify-checksum|NeSI-2-UoA-tmpfs|SUCCEEDED
2019/04/24 10:20:34 | globus delete --notify off e7f6aaae-fe52-11e8-9345-0e3d676669f4:/~/tmpfs/in/10gb_1_file --recursive
2019/04/24 10:20:36 | Waiting for deletion to finish (Task ID: 04561ee8-6616-11e9-8e58-029d279f7e24)
2019/04/24 10:20:46 | globus transfer --notify off --no-verify-checksum 3064bb28-e940-11e8-8caa-0a1d4c5c824a:/nesi/nobackup/uoa99999/mfel395/10gb_1_file e7f6aaae-fe52-11e8-9345-0e3d676669f4:/~/tmpfs/in/10gb_1_file --recursive
2019/04/24 10:20:48 | Waiting for transfer to finish (Task ID: 0b127eca-6616-11e9-b7f4-0a37f382de32)
2019/04/24 10:21:23 | RESULT|0b127eca-6616-11e9-b7f4-0a37f382de32|3064bb28-e940-11e8-8caa-0a1d4c5c824a|/nesi/nobackup/uoa99999/mfel395/10gb_1_file|e7f6aaae-fe52-11e8-9345-0e3d676669f4|/~/tmpfs/in/10gb_1_file|10gb_1_file|10737418240|335664016|--no-verify-checksum|NeSI-2-UoA-tmpfs|SUCCEEDED
2019/04/24 10:21:28 | globus delete --notify off e7f6aaae-fe52-11e8-9345-0e3d676669f4:/~/tmpfs/in/10gb_1_file --recursive
2019/04/24 10:21:30 | Waiting for deletion to finish (Task ID: 249656e6-6616-11e9-bf44-0e4a062367b8)
2019/04/24 10:21:39 | globus transfer --notify off --no-verify-checksum 3064bb28-e940-11e8-8caa-0a1d4c5c824a:/nesi/nobackup/uoa99999/mfel395/10gb_1_file e7f6aaae-fe52-11e8-9345-0e3d676669f4:/~/tmpfs/in/10gb_1_file --recursive
2019/04/24 10:21:41 | Waiting for transfer to finish (Task ID: 2acda50a-6616-11e9-b7f4-0a37f382de32)
2019/04/24 10:22:15 | RESULT|2acda50a-6616-11e9-b7f4-0a37f382de32|3064bb28-e940-11e8-8caa-0a1d4c5c824a|/nesi/nobackup/uoa99999/mfel395/10gb_1_file|e7f6aaae-fe52-11e8-9345-0e3d676669f4|/~/tmpfs/in/10gb_1_file|10gb_1_file|10737418240|330985716|--no-verify-checksum|NeSI-2-UoA-tmpfs|SUCCEEDED
2019/04/24 10:22:21 | globus delete --notify off e7f6aaae-fe52-11e8-9345-0e3d676669f4:/~/rescer201900004-data-transfer-tests/in/10gb_1_file --recursive
2019/04/24 10:22:23 | Waiting for deletion to finish (Task ID: 443c89ac-6616-11e9-b7f4-0a37f382de32)
2019/04/24 10:22:32 | globus transfer --notify off --no-verify-checksum e7f6aaae-fe52-11e8-9345-0e3d676669f4:/~/tmpfs/in/10gb_1_file e7f6aaae-fe52-11e8-9345-0e3d676669f4:/~/rescer201900004-data-transfer-tests/in/10gb_1_file --recursive
2019/04/24 10:22:34 | Waiting for transfer to finish (Task ID: 4a9a59aa-6616-11e9-b7f4-0a37f382de32)
2019/04/24 10:23:09 | RESULT|4a9a59aa-6616-11e9-b7f4-0a37f382de32|e7f6aaae-fe52-11e8-9345-0e3d676669f4|/~/tmpfs/in/10gb_1_file|e7f6aaae-fe52-11e8-9345-0e3d676669f4|/~/rescer201900004-data-transfer-tests/in/10gb_1_file|10gb_1_file|10737418240|336027833|--no-verify-checksum|UoA-tmpfs-2-UoA-SpectrumScale|SUCCEEDED
2019/04/24 10:23:15 | globus delete --notify off e7f6aaae-fe52-11e8-9345-0e3d676669f4:/~/rescer201900004-data-transfer-tests/in/10gb_1_file --recursive
2019/04/24 10:23:17 | Waiting for deletion to finish (Task ID: 6407a9ce-6616-11e9-bf44-0e4a062367b8)
2019/04/24 10:23:25 | globus transfer --notify off --no-verify-checksum e7f6aaae-fe52-11e8-9345-0e3d676669f4:/~/tmpfs/in/10gb_1_file e7f6aaae-fe52-11e8-9345-0e3d676669f4:/~/rescer201900004-data-transfer-tests/in/10gb_1_file --recursive
2019/04/24 10:23:27 | Waiting for transfer to finish (Task ID: 6a2562c4-6616-11e9-bf44-0e4a062367b8)
2019/04/24 10:24:02 | RESULT|6a2562c4-6616-11e9-bf44-0e4a062367b8|e7f6aaae-fe52-11e8-9345-0e3d676669f4|/~/tmpfs/in/10gb_1_file|e7f6aaae-fe52-11e8-9345-0e3d676669f4|/~/rescer201900004-data-transfer-tests/in/10gb_1_file|10gb_1_file|10737418240|336578721|--no-verify-checksum|UoA-tmpfs-2-UoA-SpectrumScale|SUCCEEDED
2019/04/24 10:24:07 | globus delete --notify off e7f6aaae-fe52-11e8-9345-0e3d676669f4:/~/rescer201900004-data-transfer-tests/in/10gb_1_file --recursive
2019/04/24 10:24:09 | Waiting for deletion to finish (Task ID: 838d2d46-6616-11e9-8e58-029d279f7e24)
2019/04/24 10:24:18 | globus transfer --notify off --no-verify-checksum e7f6aaae-fe52-11e8-9345-0e3d676669f4:/~/tmpfs/in/10gb_1_file e7f6aaae-fe52-11e8-9345-0e3d676669f4:/~/rescer201900004-data-transfer-tests/in/10gb_1_file --recursive
2019/04/24 10:24:21 | Waiting for transfer to finish (Task ID: 8a0acd2c-6616-11e9-bf44-0e4a062367b8)
2019/04/24 10:24:54 | RESULT|8a0acd2c-6616-11e9-bf44-0e4a062367b8|e7f6aaae-fe52-11e8-9345-0e3d676669f4|/~/tmpfs/in/10gb_1_file|e7f6aaae-fe52-11e8-9345-0e3d676669f4|/~/rescer201900004-data-transfer-tests/in/10gb_1_file|10gb_1_file|10737418240|342145352|--no-verify-checksum|UoA-tmpfs-2-UoA-SpectrumScale|SUCCEEDED
2019/04/24 10:25:00 | globus delete --notify off e7f6aaae-fe52-11e8-9345-0e3d676669f4:/~/rescer201900004-data-transfer-tests/in/10gb_1_file --recursive
2019/04/24 10:25:02 | Waiting for deletion to finish (Task ID: a2d99b8a-6616-11e9-8e58-029d279f7e24)
2019/04/24 10:25:10 | globus transfer --notify off --no-verify-checksum e7f6aaae-fe52-11e8-9345-0e3d676669f4:/~/tmpfs/in/10gb_1_file e7f6aaae-fe52-11e8-9345-0e3d676669f4:/~/rescer201900004-data-transfer-tests/in/10gb_1_file --recursive
2019/04/24 10:25:13 | Waiting for transfer to finish (Task ID: a926b9be-6616-11e9-8e58-029d279f7e24)
2019/04/24 10:25:48 | RESULT|a926b9be-6616-11e9-8e58-029d279f7e24|e7f6aaae-fe52-11e8-9345-0e3d676669f4|/~/tmpfs/in/10gb_1_file|e7f6aaae-fe52-11e8-9345-0e3d676669f4|/~/rescer201900004-data-transfer-tests/in/10gb_1_file|10gb_1_file|10737418240|330492128|--no-verify-checksum|UoA-tmpfs-2-UoA-SpectrumScale|SUCCEEDED
