2019/05/01 15:16:35 | globus delete --notify off e7f6aaae-fe52-11e8-9345-0e3d676669f4:/~/rescer201900004-data-transfer-tests/in/10gb_1_file --recursive
2019/05/01 15:16:37 | Waiting for deletion to finish (Task ID: 8796b02a-6bbf-11e9-8e59-029d279f7e24)
2019/05/01 15:16:45 | globus transfer --notify off --no-verify-checksum e7f6aaae-fe52-11e8-9345-0e3d676669f4:/~/tmpfs/out/10gb_1_file e7f6aaae-fe52-11e8-9345-0e3d676669f4:/~/rescer201900004-data-transfer-tests/in/10gb_1_file --recursive
2019/05/01 15:16:48 | Waiting for transfer to finish (Task ID: 8d9e2ca0-6bbf-11e9-b7f6-0a37f382de32)
2019/05/01 15:17:30 | RESULT|8d9e2ca0-6bbf-11e9-b7f6-0a37f382de32|e7f6aaae-fe52-11e8-9345-0e3d676669f4|/~/tmpfs/out/10gb_1_file|e7f6aaae-fe52-11e8-9345-0e3d676669f4|/~/rescer201900004-data-transfer-tests/in/10gb_1_file|10gb_1_file|10737418240|263387076|--no-verify-checksum|UoA-tmpfs-2-UoA-SpectrumScale|SUCCEEDED
2019/05/01 15:17:35 | globus delete --notify off e7f6aaae-fe52-11e8-9345-0e3d676669f4:/~/rescer201900004-data-transfer-tests/in/10gb_1_file --recursive
2019/05/01 15:17:38 | Waiting for deletion to finish (Task ID: abc5e1f0-6bbf-11e9-bf45-0e4a062367b8)
2019/05/01 15:17:46 | globus transfer --notify off --no-verify-checksum e7f6aaae-fe52-11e8-9345-0e3d676669f4:/~/tmpfs/out/10gb_1_file e7f6aaae-fe52-11e8-9345-0e3d676669f4:/~/rescer201900004-data-transfer-tests/in/10gb_1_file --recursive
2019/05/01 15:17:48 | Waiting for transfer to finish (Task ID: b1f05f7e-6bbf-11e9-bf45-0e4a062367b8)
2019/05/01 15:18:30 | RESULT|b1f05f7e-6bbf-11e9-bf45-0e4a062367b8|e7f6aaae-fe52-11e8-9345-0e3d676669f4|/~/tmpfs/out/10gb_1_file|e7f6aaae-fe52-11e8-9345-0e3d676669f4|/~/rescer201900004-data-transfer-tests/in/10gb_1_file|10gb_1_file|10737418240|271069417|--no-verify-checksum|UoA-tmpfs-2-UoA-SpectrumScale|SUCCEEDED
2019/05/01 15:18:35 | globus delete --notify off e7f6aaae-fe52-11e8-9345-0e3d676669f4:/~/rescer201900004-data-transfer-tests/in/10gb_1_file --recursive
2019/05/01 15:18:37 | Waiting for deletion to finish (Task ID: cf547046-6bbf-11e9-b7f6-0a37f382de32)
2019/05/01 15:18:46 | globus transfer --notify off --no-verify-checksum e7f6aaae-fe52-11e8-9345-0e3d676669f4:/~/tmpfs/out/10gb_1_file e7f6aaae-fe52-11e8-9345-0e3d676669f4:/~/rescer201900004-data-transfer-tests/in/10gb_1_file --recursive
2019/05/01 15:18:48 | Waiting for transfer to finish (Task ID: d58d1b16-6bbf-11e9-8e59-029d279f7e24)
2019/05/01 15:19:30 | RESULT|d58d1b16-6bbf-11e9-8e59-029d279f7e24|e7f6aaae-fe52-11e8-9345-0e3d676669f4|/~/tmpfs/out/10gb_1_file|e7f6aaae-fe52-11e8-9345-0e3d676669f4|/~/rescer201900004-data-transfer-tests/in/10gb_1_file|10gb_1_file|10737418240|275204700|--no-verify-checksum|UoA-tmpfs-2-UoA-SpectrumScale|SUCCEEDED
2019/05/01 15:19:35 | globus delete --notify off e7f6aaae-fe52-11e8-9345-0e3d676669f4:/~/rescer201900004-data-transfer-tests/in/10gb_1_file --recursive
2019/05/01 15:19:37 | Waiting for deletion to finish (Task ID: f2ffff6a-6bbf-11e9-8e59-029d279f7e24)
2019/05/01 15:19:46 | globus transfer --notify off --no-verify-checksum e7f6aaae-fe52-11e8-9345-0e3d676669f4:/~/tmpfs/out/10gb_1_file e7f6aaae-fe52-11e8-9345-0e3d676669f4:/~/rescer201900004-data-transfer-tests/in/10gb_1_file --recursive
2019/05/01 15:19:48 | Waiting for transfer to finish (Task ID: f937ed20-6bbf-11e9-8e59-029d279f7e24)
2019/05/01 15:20:28 | RESULT|f937ed20-6bbf-11e9-8e59-029d279f7e24|e7f6aaae-fe52-11e8-9345-0e3d676669f4|/~/tmpfs/out/10gb_1_file|e7f6aaae-fe52-11e8-9345-0e3d676669f4|/~/rescer201900004-data-transfer-tests/in/10gb_1_file|10gb_1_file|10737418240|282245020|--no-verify-checksum|UoA-tmpfs-2-UoA-SpectrumScale|SUCCEEDED
2019/05/01 15:20:34 | globus delete --notify off e7f6aaae-fe52-11e8-9345-0e3d676669f4:/~/tmpfs/in/10gb_1_file --recursive
2019/05/01 15:20:36 | Waiting for deletion to finish (Task ID: 160db7f4-6bc0-11e9-b7f6-0a37f382de32)
2019/05/01 15:20:44 | globus transfer --notify off --no-verify-checksum e7f6aaae-fe52-11e8-9345-0e3d676669f4:/~/tmpfs/out/10gb_1_file e7f6aaae-fe52-11e8-9345-0e3d676669f4:/~/tmpfs/in/10gb_1_file --recursive
2019/05/01 15:20:46 | Waiting for transfer to finish (Task ID: 1bee52e6-6bc0-11e9-b7f6-0a37f382de32)
2019/05/01 15:21:08 | RESULT|1bee52e6-6bc0-11e9-b7f6-0a37f382de32|e7f6aaae-fe52-11e8-9345-0e3d676669f4|/~/tmpfs/out/10gb_1_file|e7f6aaae-fe52-11e8-9345-0e3d676669f4|/~/tmpfs/in/10gb_1_file|10gb_1_file|10737418240|557928761|--no-verify-checksum|UoA-tmpfs-2-UoA-tmpfs|SUCCEEDED
2019/05/01 15:21:14 | globus delete --notify off e7f6aaae-fe52-11e8-9345-0e3d676669f4:/~/tmpfs/in/10gb_1_file --recursive
2019/05/01 15:21:16 | Waiting for deletion to finish (Task ID: 2d9d2eea-6bc0-11e9-8e59-029d279f7e24)
2019/05/01 15:21:24 | globus transfer --notify off --no-verify-checksum e7f6aaae-fe52-11e8-9345-0e3d676669f4:/~/tmpfs/out/10gb_1_file e7f6aaae-fe52-11e8-9345-0e3d676669f4:/~/tmpfs/in/10gb_1_file --recursive
2019/05/01 15:21:27 | Waiting for transfer to finish (Task ID: 33fce050-6bc0-11e9-bf45-0e4a062367b8)
2019/05/01 15:21:47 | RESULT|33fce050-6bc0-11e9-bf45-0e4a062367b8|e7f6aaae-fe52-11e8-9345-0e3d676669f4|/~/tmpfs/out/10gb_1_file|e7f6aaae-fe52-11e8-9345-0e3d676669f4|/~/tmpfs/in/10gb_1_file|10gb_1_file|10737418240|575484235|--no-verify-checksum|UoA-tmpfs-2-UoA-tmpfs|SUCCEEDED
2019/05/01 15:21:52 | globus delete --notify off e7f6aaae-fe52-11e8-9345-0e3d676669f4:/~/tmpfs/in/10gb_1_file --recursive
2019/05/01 15:21:54 | Waiting for deletion to finish (Task ID: 44a9acc6-6bc0-11e9-bf45-0e4a062367b8)
2019/05/01 15:22:03 | globus transfer --notify off --no-verify-checksum e7f6aaae-fe52-11e8-9345-0e3d676669f4:/~/tmpfs/out/10gb_1_file e7f6aaae-fe52-11e8-9345-0e3d676669f4:/~/tmpfs/in/10gb_1_file --recursive
2019/05/01 15:22:05 | Waiting for transfer to finish (Task ID: 4af3cb66-6bc0-11e9-b7f6-0a37f382de32)
2019/05/01 15:22:28 | RESULT|4af3cb66-6bc0-11e9-b7f6-0a37f382de32|e7f6aaae-fe52-11e8-9345-0e3d676669f4|/~/tmpfs/out/10gb_1_file|e7f6aaae-fe52-11e8-9345-0e3d676669f4|/~/tmpfs/in/10gb_1_file|10gb_1_file|10737418240|535765387|--no-verify-checksum|UoA-tmpfs-2-UoA-tmpfs|SUCCEEDED
2019/05/01 15:22:34 | globus delete --notify off e7f6aaae-fe52-11e8-9345-0e3d676669f4:/~/tmpfs/in/10gb_1_file --recursive
2019/05/01 15:22:36 | Waiting for deletion to finish (Task ID: 5d8f3058-6bc0-11e9-b7f6-0a37f382de32)
2019/05/01 15:22:44 | globus transfer --notify off --no-verify-checksum e7f6aaae-fe52-11e8-9345-0e3d676669f4:/~/tmpfs/out/10gb_1_file e7f6aaae-fe52-11e8-9345-0e3d676669f4:/~/tmpfs/in/10gb_1_file --recursive
2019/05/01 15:22:47 | Waiting for transfer to finish (Task ID: 63a46116-6bc0-11e9-bf45-0e4a062367b8)
2019/05/01 15:23:08 | RESULT|63a46116-6bc0-11e9-bf45-0e4a062367b8|e7f6aaae-fe52-11e8-9345-0e3d676669f4|/~/tmpfs/out/10gb_1_file|e7f6aaae-fe52-11e8-9345-0e3d676669f4|/~/tmpfs/in/10gb_1_file|10gb_1_file|10737418240|539296316|--no-verify-checksum|UoA-tmpfs-2-UoA-tmpfs|SUCCEEDED
