2019/04/24 15:43:59 | globus delete --notify off e7f6aaae-fe52-11e8-9345-0e3d676669f4:/~/rescer201900004-data-transfer-tests/in/10gb_1_file --recursive
2019/04/24 15:44:01 | Waiting for deletion to finish (Task ID: 3298583e-6643-11e9-b7f4-0a37f382de32)
2019/04/24 15:44:10 | globus transfer --notify off --no-verify-checksum e7f6aaae-fe52-11e8-9345-0e3d676669f4:/~/tmpfs/in/10gb_1_file e7f6aaae-fe52-11e8-9345-0e3d676669f4:/~/rescer201900004-data-transfer-tests/in/10gb_1_file --recursive
2019/04/24 15:44:12 | Waiting for transfer to finish (Task ID: 38d5bcb4-6643-11e9-8e58-029d279f7e24)
2019/04/24 15:44:55 | RESULT|38d5bcb4-6643-11e9-8e58-029d279f7e24|e7f6aaae-fe52-11e8-9345-0e3d676669f4|/~/tmpfs/in/10gb_1_file|e7f6aaae-fe52-11e8-9345-0e3d676669f4|/~/rescer201900004-data-transfer-tests/in/10gb_1_file|10gb_1_file|10737418240|265953637|--no-verify-checksum|UoA-tmpfs-2-UoA-SpectrumScale|SUCCEEDED
2019/04/24 15:45:00 | globus delete --notify off e7f6aaae-fe52-11e8-9345-0e3d676669f4:/~/rescer201900004-data-transfer-tests/in/10gb_1_file --recursive
2019/04/24 15:45:02 | Waiting for deletion to finish (Task ID: 574ab686-6643-11e9-8e58-029d279f7e24)
2019/04/24 15:45:11 | globus transfer --notify off --no-verify-checksum e7f6aaae-fe52-11e8-9345-0e3d676669f4:/~/tmpfs/in/10gb_1_file e7f6aaae-fe52-11e8-9345-0e3d676669f4:/~/rescer201900004-data-transfer-tests/in/10gb_1_file --recursive
2019/04/24 15:45:13 | Waiting for transfer to finish (Task ID: 5d873376-6643-11e9-bf44-0e4a062367b8)
2019/04/24 15:45:48 | RESULT|5d873376-6643-11e9-bf44-0e4a062367b8|e7f6aaae-fe52-11e8-9345-0e3d676669f4|/~/tmpfs/in/10gb_1_file|e7f6aaae-fe52-11e8-9345-0e3d676669f4|/~/rescer201900004-data-transfer-tests/in/10gb_1_file|10gb_1_file|10737418240|333354483|--no-verify-checksum|UoA-tmpfs-2-UoA-SpectrumScale|SUCCEEDED
2019/04/24 15:45:53 | globus delete --notify off e7f6aaae-fe52-11e8-9345-0e3d676669f4:/~/tmpfs/out/10gb_1_file --recursive
2019/04/24 15:45:55 | Waiting for deletion to finish (Task ID: 76b15520-6643-11e9-8e58-029d279f7e24)
2019/04/24 15:46:04 | globus transfer --notify off --no-verify-checksum e7f6aaae-fe52-11e8-9345-0e3d676669f4:/~/tmpfs/in/10gb_1_file e7f6aaae-fe52-11e8-9345-0e3d676669f4:/~/tmpfs/out/10gb_1_file --recursive
2019/04/24 15:46:06 | Waiting for transfer to finish (Task ID: 7ce0d56a-6643-11e9-b7f4-0a37f382de32)
2019/04/24 15:46:28 | RESULT|7ce0d56a-6643-11e9-b7f4-0a37f382de32|e7f6aaae-fe52-11e8-9345-0e3d676669f4|/~/tmpfs/in/10gb_1_file|e7f6aaae-fe52-11e8-9345-0e3d676669f4|/~/tmpfs/out/10gb_1_file|10gb_1_file|10737418240|561019051|--no-verify-checksum|UoA-tmpfs-2-UoA-tmpfs|SUCCEEDED
2019/04/24 15:46:33 | globus delete --notify off e7f6aaae-fe52-11e8-9345-0e3d676669f4:/~/tmpfs/out/10gb_1_file --recursive
2019/04/24 15:46:35 | Waiting for deletion to finish (Task ID: 8e8140c0-6643-11e9-b7f4-0a37f382de32)
2019/04/24 15:46:44 | globus transfer --notify off --no-verify-checksum e7f6aaae-fe52-11e8-9345-0e3d676669f4:/~/tmpfs/in/10gb_1_file e7f6aaae-fe52-11e8-9345-0e3d676669f4:/~/tmpfs/out/10gb_1_file --recursive
2019/04/24 15:46:46 | Waiting for transfer to finish (Task ID: 94d6e9ca-6643-11e9-8e58-029d279f7e24)
2019/04/24 15:47:08 | RESULT|94d6e9ca-6643-11e9-8e58-029d279f7e24|e7f6aaae-fe52-11e8-9345-0e3d676669f4|/~/tmpfs/in/10gb_1_file|e7f6aaae-fe52-11e8-9345-0e3d676669f4|/~/tmpfs/out/10gb_1_file|10gb_1_file|10737418240|564870795|--no-verify-checksum|UoA-tmpfs-2-UoA-tmpfs|SUCCEEDED
