2019/04/24 13:57:21 | globus delete --notify off e7f6aaae-fe52-11e8-9345-0e3d676669f4:/~/rescer201900004-data-transfer-tests/in/10gb_1_file --recursive
2019/04/24 13:57:23 | Waiting for deletion to finish (Task ID: 4d184a3e-6634-11e9-b7f4-0a37f382de32)
2019/04/24 13:57:31 | globus transfer --notify off --no-verify-checksum e7f6aaae-fe52-11e8-9345-0e3d676669f4:/~/tmpfs/in/10gb_1_file e7f6aaae-fe52-11e8-9345-0e3d676669f4:/~/rescer201900004-data-transfer-tests/in/10gb_1_file --recursive
2019/04/24 13:57:33 | Waiting for transfer to finish (Task ID: 52e751f8-6634-11e9-bf44-0e4a062367b8)
2019/04/24 13:58:08 | RESULT|52e751f8-6634-11e9-bf44-0e4a062367b8|e7f6aaae-fe52-11e8-9345-0e3d676669f4|/~/tmpfs/in/10gb_1_file|e7f6aaae-fe52-11e8-9345-0e3d676669f4|/~/rescer201900004-data-transfer-tests/in/10gb_1_file|10gb_1_file|10737418240|339338957|--no-verify-checksum|UoA-tmpfs-2-UoA-SpectrumScale|SUCCEEDED
2019/04/24 13:58:13 | globus delete --notify off e7f6aaae-fe52-11e8-9345-0e3d676669f4:/~/rescer201900004-data-transfer-tests/in/10gb_1_file --recursive
2019/04/24 13:58:15 | Waiting for deletion to finish (Task ID: 6c2bb3c0-6634-11e9-bf44-0e4a062367b8)
2019/04/24 13:58:24 | globus transfer --notify off --no-verify-checksum e7f6aaae-fe52-11e8-9345-0e3d676669f4:/~/tmpfs/in/10gb_1_file e7f6aaae-fe52-11e8-9345-0e3d676669f4:/~/rescer201900004-data-transfer-tests/in/10gb_1_file --recursive
2019/04/24 13:58:26 | Waiting for transfer to finish (Task ID: 72794abc-6634-11e9-bf44-0e4a062367b8)
2019/04/24 13:59:01 | RESULT|72794abc-6634-11e9-bf44-0e4a062367b8|e7f6aaae-fe52-11e8-9345-0e3d676669f4|/~/tmpfs/in/10gb_1_file|e7f6aaae-fe52-11e8-9345-0e3d676669f4|/~/rescer201900004-data-transfer-tests/in/10gb_1_file|10gb_1_file|10737418240|337305423|--no-verify-checksum|UoA-tmpfs-2-UoA-SpectrumScale|SUCCEEDED
2019/04/24 13:59:06 | globus delete --notify off e7f6aaae-fe52-11e8-9345-0e3d676669f4:/~/rescer201900004-data-transfer-tests/in/10gb_1_file --recursive
2019/04/24 13:59:08 | Waiting for deletion to finish (Task ID: 8bad544c-6634-11e9-b7f4-0a37f382de32)
2019/04/24 13:59:17 | globus transfer --notify off --no-verify-checksum e7f6aaae-fe52-11e8-9345-0e3d676669f4:/~/tmpfs/in/10gb_1_file e7f6aaae-fe52-11e8-9345-0e3d676669f4:/~/rescer201900004-data-transfer-tests/in/10gb_1_file --recursive
2019/04/24 13:59:19 | Waiting for transfer to finish (Task ID: 9229df52-6634-11e9-bf44-0e4a062367b8)
2019/04/24 13:59:53 | RESULT|9229df52-6634-11e9-bf44-0e4a062367b8|e7f6aaae-fe52-11e8-9345-0e3d676669f4|/~/tmpfs/in/10gb_1_file|e7f6aaae-fe52-11e8-9345-0e3d676669f4|/~/rescer201900004-data-transfer-tests/in/10gb_1_file|10gb_1_file|10737418240|343920592|--no-verify-checksum|UoA-tmpfs-2-UoA-SpectrumScale|SUCCEEDED
2019/04/24 13:59:58 | globus delete --notify off e7f6aaae-fe52-11e8-9345-0e3d676669f4:/~/rescer201900004-data-transfer-tests/in/10gb_1_file --recursive
2019/04/24 14:00:00 | Waiting for deletion to finish (Task ID: aa7bddee-6634-11e9-bf44-0e4a062367b8)
2019/04/24 14:00:09 | globus transfer --notify off --no-verify-checksum e7f6aaae-fe52-11e8-9345-0e3d676669f4:/~/tmpfs/in/10gb_1_file e7f6aaae-fe52-11e8-9345-0e3d676669f4:/~/rescer201900004-data-transfer-tests/in/10gb_1_file --recursive
2019/04/24 14:00:11 | Waiting for transfer to finish (Task ID: b1172e60-6634-11e9-8e58-029d279f7e24)
2019/04/24 14:00:46 | RESULT|b1172e60-6634-11e9-8e58-029d279f7e24|e7f6aaae-fe52-11e8-9345-0e3d676669f4|/~/tmpfs/in/10gb_1_file|e7f6aaae-fe52-11e8-9345-0e3d676669f4|/~/rescer201900004-data-transfer-tests/in/10gb_1_file|10gb_1_file|10737418240|335242581|--no-verify-checksum|UoA-tmpfs-2-UoA-SpectrumScale|SUCCEEDED
2019/04/24 14:00:51 | globus delete --notify off e7f6aaae-fe52-11e8-9345-0e3d676669f4:/~/tmpfs/out/10gb_1_file --recursive
2019/04/24 14:00:54 | Waiting for deletion to finish (Task ID: ca9433a6-6634-11e9-8e58-029d279f7e24)
2019/04/24 14:01:02 | globus transfer --notify off --no-verify-checksum e7f6aaae-fe52-11e8-9345-0e3d676669f4:/~/tmpfs/in/10gb_1_file e7f6aaae-fe52-11e8-9345-0e3d676669f4:/~/tmpfs/out/10gb_1_file --recursive
2019/04/24 14:01:07 | Waiting for transfer to finish (Task ID: d1154d64-6634-11e9-8e58-029d279f7e24)
2019/04/24 14:01:31 | RESULT|d1154d64-6634-11e9-8e58-029d279f7e24|e7f6aaae-fe52-11e8-9345-0e3d676669f4|/~/tmpfs/in/10gb_1_file|e7f6aaae-fe52-11e8-9345-0e3d676669f4|/~/tmpfs/out/10gb_1_file|10gb_1_file|10737418240|486736030|--no-verify-checksum|UoA-tmpfs-2-UoA-tmpfs|SUCCEEDED
2019/04/24 14:01:37 | globus delete --notify off e7f6aaae-fe52-11e8-9345-0e3d676669f4:/~/tmpfs/out/10gb_1_file --recursive
2019/04/24 14:01:39 | Waiting for deletion to finish (Task ID: e5d6f1f8-6634-11e9-bf44-0e4a062367b8)
2019/04/24 14:01:48 | globus transfer --notify off --no-verify-checksum e7f6aaae-fe52-11e8-9345-0e3d676669f4:/~/tmpfs/in/10gb_1_file e7f6aaae-fe52-11e8-9345-0e3d676669f4:/~/tmpfs/out/10gb_1_file --recursive
2019/04/24 14:01:50 | Waiting for transfer to finish (Task ID: ec016a9a-6634-11e9-b7f4-0a37f382de32)
2019/04/24 14:02:12 | RESULT|ec016a9a-6634-11e9-b7f4-0a37f382de32|e7f6aaae-fe52-11e8-9345-0e3d676669f4|/~/tmpfs/in/10gb_1_file|e7f6aaae-fe52-11e8-9345-0e3d676669f4|/~/tmpfs/out/10gb_1_file|10gb_1_file|10737418240|551006403|--no-verify-checksum|UoA-tmpfs-2-UoA-tmpfs|SUCCEEDED
2019/04/24 14:02:17 | globus delete --notify off e7f6aaae-fe52-11e8-9345-0e3d676669f4:/~/tmpfs/out/10gb_1_file --recursive
2019/04/24 14:02:19 | Waiting for deletion to finish (Task ID: fdb04d4c-6634-11e9-b7f4-0a37f382de32)
2019/04/24 14:02:27 | globus transfer --notify off --no-verify-checksum e7f6aaae-fe52-11e8-9345-0e3d676669f4:/~/tmpfs/in/10gb_1_file e7f6aaae-fe52-11e8-9345-0e3d676669f4:/~/tmpfs/out/10gb_1_file --recursive
2019/04/24 14:02:30 | Waiting for transfer to finish (Task ID: 039d59a2-6635-11e9-bf44-0e4a062367b8)
2019/04/24 14:02:51 | RESULT|039d59a2-6635-11e9-bf44-0e4a062367b8|e7f6aaae-fe52-11e8-9345-0e3d676669f4|/~/tmpfs/in/10gb_1_file|e7f6aaae-fe52-11e8-9345-0e3d676669f4|/~/tmpfs/out/10gb_1_file|10gb_1_file|10737418240|554420969|--no-verify-checksum|UoA-tmpfs-2-UoA-tmpfs|SUCCEEDED
2019/04/24 14:02:57 | globus delete --notify off e7f6aaae-fe52-11e8-9345-0e3d676669f4:/~/tmpfs/out/10gb_1_file --recursive
2019/04/24 14:02:59 | Waiting for deletion to finish (Task ID: 152a5292-6635-11e9-8e58-029d279f7e24)
2019/04/24 14:03:08 | globus transfer --notify off --no-verify-checksum e7f6aaae-fe52-11e8-9345-0e3d676669f4:/~/tmpfs/in/10gb_1_file e7f6aaae-fe52-11e8-9345-0e3d676669f4:/~/tmpfs/out/10gb_1_file --recursive
2019/04/24 14:03:10 | Waiting for transfer to finish (Task ID: 1b934350-6635-11e9-b7f4-0a37f382de32)
2019/04/24 14:03:32 | RESULT|1b934350-6635-11e9-b7f4-0a37f382de32|e7f6aaae-fe52-11e8-9345-0e3d676669f4|/~/tmpfs/in/10gb_1_file|e7f6aaae-fe52-11e8-9345-0e3d676669f4|/~/tmpfs/out/10gb_1_file|10gb_1_file|10737418240|562542276|--no-verify-checksum|UoA-tmpfs-2-UoA-tmpfs|SUCCEEDED
