2019/04/24 10:33:22 | globus delete --notify off e7f6aaae-fe52-11e8-9345-0e3d676669f4:/~/rescer201900004-data-transfer-tests/in/10gb_1_file --recursive
2019/04/24 10:33:24 | Waiting for deletion to finish (Task ID: ce299f14-6617-11e9-b7f4-0a37f382de32)
2019/04/24 10:33:33 | globus transfer --notify off --no-verify-checksum e7f6aaae-fe52-11e8-9345-0e3d676669f4:/~/tmpfs/out/10gb_1_file e7f6aaae-fe52-11e8-9345-0e3d676669f4:/~/rescer201900004-data-transfer-tests/in/10gb_1_file --recursive
2019/04/24 10:33:35 | Waiting for transfer to finish (Task ID: d484b0b0-6617-11e9-b7f4-0a37f382de32)
2019/04/24 10:34:31 | RESULT|d484b0b0-6617-11e9-b7f4-0a37f382de32|e7f6aaae-fe52-11e8-9345-0e3d676669f4|/~/tmpfs/out/10gb_1_file|e7f6aaae-fe52-11e8-9345-0e3d676669f4|/~/rescer201900004-data-transfer-tests/in/10gb_1_file|10gb_1_file|10737418240|198792915|--no-verify-checksum|UoA-tmpfs-2-UoA-SpectrumScale|SUCCEEDED
2019/04/24 10:34:37 | globus delete --notify off e7f6aaae-fe52-11e8-9345-0e3d676669f4:/~/rescer201900004-data-transfer-tests/in/10gb_1_file --recursive
2019/04/24 10:34:39 | Waiting for deletion to finish (Task ID: faa340c2-6617-11e9-8e58-029d279f7e24)
2019/04/24 10:34:47 | globus transfer --notify off --no-verify-checksum e7f6aaae-fe52-11e8-9345-0e3d676669f4:/~/tmpfs/out/10gb_1_file e7f6aaae-fe52-11e8-9345-0e3d676669f4:/~/rescer201900004-data-transfer-tests/in/10gb_1_file --recursive
2019/04/24 10:34:49 | Waiting for transfer to finish (Task ID: 00b26722-6618-11e9-8e58-029d279f7e24)
2019/04/24 10:35:46 | RESULT|00b26722-6618-11e9-8e58-029d279f7e24|e7f6aaae-fe52-11e8-9345-0e3d676669f4|/~/tmpfs/out/10gb_1_file|e7f6aaae-fe52-11e8-9345-0e3d676669f4|/~/rescer201900004-data-transfer-tests/in/10gb_1_file|10gb_1_file|10737418240|198433918|--no-verify-checksum|UoA-tmpfs-2-UoA-SpectrumScale|SUCCEEDED
2019/04/24 10:35:51 | globus delete --notify off e7f6aaae-fe52-11e8-9345-0e3d676669f4:/~/rescer201900004-data-transfer-tests/in/10gb_1_file --recursive
2019/04/24 10:35:53 | Waiting for deletion to finish (Task ID: 26fb2e6e-6618-11e9-8e58-029d279f7e24)
2019/04/24 10:36:02 | globus transfer --notify off --no-verify-checksum e7f6aaae-fe52-11e8-9345-0e3d676669f4:/~/tmpfs/out/10gb_1_file e7f6aaae-fe52-11e8-9345-0e3d676669f4:/~/rescer201900004-data-transfer-tests/in/10gb_1_file --recursive
2019/04/24 10:36:04 | Waiting for transfer to finish (Task ID: 2d57c4f2-6618-11e9-8e58-029d279f7e24)
2019/04/24 10:37:00 | RESULT|2d57c4f2-6618-11e9-8e58-029d279f7e24|e7f6aaae-fe52-11e8-9345-0e3d676669f4|/~/tmpfs/out/10gb_1_file|e7f6aaae-fe52-11e8-9345-0e3d676669f4|/~/rescer201900004-data-transfer-tests/in/10gb_1_file|10gb_1_file|10737418240|198716222|--no-verify-checksum|UoA-tmpfs-2-UoA-SpectrumScale|SUCCEEDED
2019/04/24 10:37:05 | globus delete --notify off e7f6aaae-fe52-11e8-9345-0e3d676669f4:/~/rescer201900004-data-transfer-tests/in/10gb_1_file --recursive
2019/04/24 10:37:07 | Waiting for deletion to finish (Task ID: 533a4de8-6618-11e9-bf44-0e4a062367b8)
2019/04/24 10:37:16 | globus transfer --notify off --no-verify-checksum e7f6aaae-fe52-11e8-9345-0e3d676669f4:/~/tmpfs/out/10gb_1_file e7f6aaae-fe52-11e8-9345-0e3d676669f4:/~/rescer201900004-data-transfer-tests/in/10gb_1_file --recursive
2019/04/24 10:37:18 | Waiting for transfer to finish (Task ID: 598e9c26-6618-11e9-b7f4-0a37f382de32)
2019/04/24 10:38:15 | RESULT|598e9c26-6618-11e9-b7f4-0a37f382de32|e7f6aaae-fe52-11e8-9345-0e3d676669f4|/~/tmpfs/out/10gb_1_file|e7f6aaae-fe52-11e8-9345-0e3d676669f4|/~/rescer201900004-data-transfer-tests/in/10gb_1_file|10gb_1_file|10737418240|198659603|--no-verify-checksum|UoA-tmpfs-2-UoA-SpectrumScale|SUCCEEDED
