2019/05/01 15:23:26 | globus delete --notify off e7f6aaae-fe52-11e8-9345-0e3d676669f4:/~/rescer201900004-data-transfer-tests/in/10gb_1_file --recursive
2019/05/01 15:23:28 | Waiting for deletion to finish (Task ID: 7ca797f0-6bc0-11e9-b7f6-0a37f382de32)
2019/05/01 15:23:37 | globus transfer --notify off --no-verify-checksum e7f6aaae-fe52-11e8-9345-0e3d676669f4:/~/tmpfs/out/10gb_1_file e7f6aaae-fe52-11e8-9345-0e3d676669f4:/~/rescer201900004-data-transfer-tests/in/10gb_1_file --recursive
2019/05/01 15:23:39 | Waiting for transfer to finish (Task ID: 82ebd54a-6bc0-11e9-8e59-029d279f7e24)
2019/05/01 15:24:13 | RESULT|82ebd54a-6bc0-11e9-8e59-029d279f7e24|e7f6aaae-fe52-11e8-9345-0e3d676669f4|/~/tmpfs/out/10gb_1_file|e7f6aaae-fe52-11e8-9345-0e3d676669f4|/~/rescer201900004-data-transfer-tests/in/10gb_1_file|10gb_1_file|10737418240|340460679|--no-verify-checksum|UoA-tmpfs-2-UoA-SpectrumScale|SUCCEEDED
2019/05/01 15:24:18 | globus delete --notify off e7f6aaae-fe52-11e8-9345-0e3d676669f4:/~/rescer201900004-data-transfer-tests/in/10gb_1_file --recursive
2019/05/01 15:24:20 | Waiting for deletion to finish (Task ID: 9b94d6e6-6bc0-11e9-b7f6-0a37f382de32)
2019/05/01 15:24:28 | globus transfer --notify off --no-verify-checksum e7f6aaae-fe52-11e8-9345-0e3d676669f4:/~/tmpfs/out/10gb_1_file e7f6aaae-fe52-11e8-9345-0e3d676669f4:/~/rescer201900004-data-transfer-tests/in/10gb_1_file --recursive
2019/05/01 15:24:31 | Waiting for transfer to finish (Task ID: a1a62eb8-6bc0-11e9-bf45-0e4a062367b8)
2019/05/01 15:25:04 | RESULT|a1a62eb8-6bc0-11e9-bf45-0e4a062367b8|e7f6aaae-fe52-11e8-9345-0e3d676669f4|/~/tmpfs/out/10gb_1_file|e7f6aaae-fe52-11e8-9345-0e3d676669f4|/~/rescer201900004-data-transfer-tests/in/10gb_1_file|10gb_1_file|10737418240|343258574|--no-verify-checksum|UoA-tmpfs-2-UoA-SpectrumScale|SUCCEEDED
2019/05/01 15:25:09 | globus delete --notify off e7f6aaae-fe52-11e8-9345-0e3d676669f4:/~/rescer201900004-data-transfer-tests/in/10gb_1_file --recursive
2019/05/01 15:25:11 | Waiting for deletion to finish (Task ID: ba3256f0-6bc0-11e9-bf45-0e4a062367b8)
2019/05/01 15:25:20 | globus transfer --notify off --no-verify-checksum e7f6aaae-fe52-11e8-9345-0e3d676669f4:/~/tmpfs/out/10gb_1_file e7f6aaae-fe52-11e8-9345-0e3d676669f4:/~/rescer201900004-data-transfer-tests/in/10gb_1_file --recursive
2019/05/01 15:25:22 | Waiting for transfer to finish (Task ID: c083345c-6bc0-11e9-8e59-029d279f7e24)
2019/05/01 15:25:58 | RESULT|c083345c-6bc0-11e9-8e59-029d279f7e24|e7f6aaae-fe52-11e8-9345-0e3d676669f4|/~/tmpfs/out/10gb_1_file|e7f6aaae-fe52-11e8-9345-0e3d676669f4|/~/rescer201900004-data-transfer-tests/in/10gb_1_file|10gb_1_file|10737418240|325327541|--no-verify-checksum|UoA-tmpfs-2-UoA-SpectrumScale|SUCCEEDED
2019/05/01 15:26:04 | globus delete --notify off e7f6aaae-fe52-11e8-9345-0e3d676669f4:/~/rescer201900004-data-transfer-tests/in/10gb_1_file --recursive
2019/05/01 15:26:06 | Waiting for deletion to finish (Task ID: dadb885e-6bc0-11e9-b7f6-0a37f382de32)
2019/05/01 15:26:15 | globus transfer --notify off --no-verify-checksum e7f6aaae-fe52-11e8-9345-0e3d676669f4:/~/tmpfs/out/10gb_1_file e7f6aaae-fe52-11e8-9345-0e3d676669f4:/~/rescer201900004-data-transfer-tests/in/10gb_1_file --recursive
2019/05/01 15:26:18 | Waiting for transfer to finish (Task ID: e0d9fc4b-6bc0-11e9-b7f6-0a37f382de32)
2019/05/01 15:26:53 | RESULT|e0d9fc4b-6bc0-11e9-b7f6-0a37f382de32|e7f6aaae-fe52-11e8-9345-0e3d676669f4|/~/tmpfs/out/10gb_1_file|e7f6aaae-fe52-11e8-9345-0e3d676669f4|/~/rescer201900004-data-transfer-tests/in/10gb_1_file|10gb_1_file|10737418240|338380488|--no-verify-checksum|UoA-tmpfs-2-UoA-SpectrumScale|SUCCEEDED
2019/05/01 15:26:58 | globus delete --notify off e7f6aaae-fe52-11e8-9345-0e3d676669f4:/~/tmpfs/in/10gb_1_file --recursive
2019/05/01 15:27:00 | Waiting for deletion to finish (Task ID: faf42cc2-6bc0-11e9-bf45-0e4a062367b8)
2019/05/01 15:27:09 | globus transfer --notify off --no-verify-checksum e7f6aaae-fe52-11e8-9345-0e3d676669f4:/~/tmpfs/out/10gb_1_file e7f6aaae-fe52-11e8-9345-0e3d676669f4:/~/tmpfs/in/10gb_1_file --recursive
2019/05/01 15:27:11 | Waiting for transfer to finish (Task ID: 0150ff0a-6bc1-11e9-8e59-029d279f7e24)
2019/05/01 15:27:33 | RESULT|0150ff0a-6bc1-11e9-8e59-029d279f7e24|e7f6aaae-fe52-11e8-9345-0e3d676669f4|/~/tmpfs/out/10gb_1_file|e7f6aaae-fe52-11e8-9345-0e3d676669f4|/~/tmpfs/in/10gb_1_file|10gb_1_file|10737418240|535066454|--no-verify-checksum|UoA-tmpfs-2-UoA-tmpfs|SUCCEEDED
2019/05/01 15:27:38 | globus delete --notify off e7f6aaae-fe52-11e8-9345-0e3d676669f4:/~/tmpfs/in/10gb_1_file --recursive
2019/05/01 15:27:41 | Waiting for deletion to finish (Task ID: 132ea9e8-6bc1-11e9-bf45-0e4a062367b8)
2019/05/01 15:27:49 | globus transfer --notify off --no-verify-checksum e7f6aaae-fe52-11e8-9345-0e3d676669f4:/~/tmpfs/out/10gb_1_file e7f6aaae-fe52-11e8-9345-0e3d676669f4:/~/tmpfs/in/10gb_1_file --recursive
2019/05/01 15:27:51 | Waiting for transfer to finish (Task ID: 1936c8c0-6bc1-11e9-bf45-0e4a062367b8)
2019/05/01 15:28:15 | RESULT|1936c8c0-6bc1-11e9-bf45-0e4a062367b8|e7f6aaae-fe52-11e8-9345-0e3d676669f4|/~/tmpfs/out/10gb_1_file|e7f6aaae-fe52-11e8-9345-0e3d676669f4|/~/tmpfs/in/10gb_1_file|10gb_1_file|10737418240|531506023|--no-verify-checksum|UoA-tmpfs-2-UoA-tmpfs|SUCCEEDED
2019/05/01 15:28:20 | globus delete --notify off e7f6aaae-fe52-11e8-9345-0e3d676669f4:/~/tmpfs/in/10gb_1_file --recursive
2019/05/01 15:28:22 | Waiting for deletion to finish (Task ID: 2bb47bb4-6bc1-11e9-b7f6-0a37f382de32)
2019/05/01 15:28:31 | globus transfer --notify off --no-verify-checksum e7f6aaae-fe52-11e8-9345-0e3d676669f4:/~/tmpfs/out/10gb_1_file e7f6aaae-fe52-11e8-9345-0e3d676669f4:/~/tmpfs/in/10gb_1_file --recursive
2019/05/01 15:28:33 | Waiting for transfer to finish (Task ID: 32135610-6bc1-11e9-b7f6-0a37f382de32)
2019/05/01 15:28:55 | RESULT|32135610-6bc1-11e9-b7f6-0a37f382de32|e7f6aaae-fe52-11e8-9345-0e3d676669f4|/~/tmpfs/out/10gb_1_file|e7f6aaae-fe52-11e8-9345-0e3d676669f4|/~/tmpfs/in/10gb_1_file|10gb_1_file|10737418240|542445818|--no-verify-checksum|UoA-tmpfs-2-UoA-tmpfs|SUCCEEDED
2019/05/01 15:29:00 | globus delete --notify off e7f6aaae-fe52-11e8-9345-0e3d676669f4:/~/tmpfs/in/10gb_1_file --recursive
2019/05/01 15:29:02 | Waiting for deletion to finish (Task ID: 43b63c34-6bc1-11e9-bf45-0e4a062367b8)
2019/05/01 15:29:10 | globus transfer --notify off --no-verify-checksum e7f6aaae-fe52-11e8-9345-0e3d676669f4:/~/tmpfs/out/10gb_1_file e7f6aaae-fe52-11e8-9345-0e3d676669f4:/~/tmpfs/in/10gb_1_file --recursive
2019/05/01 15:29:13 | Waiting for transfer to finish (Task ID: 49c3b3ea-6bc1-11e9-b7f6-0a37f382de32)
2019/05/01 15:29:35 | RESULT|49c3b3ea-6bc1-11e9-b7f6-0a37f382de32|e7f6aaae-fe52-11e8-9345-0e3d676669f4|/~/tmpfs/out/10gb_1_file|e7f6aaae-fe52-11e8-9345-0e3d676669f4|/~/tmpfs/in/10gb_1_file|10gb_1_file|10737418240|542153137|--no-verify-checksum|UoA-tmpfs-2-UoA-tmpfs|SUCCEEDED
