2019/04/24 11:11:47 | globus delete --notify off 3064bb28-e940-11e8-8caa-0a1d4c5c824a:/nesi/nobackup/uoa99999/mfel395/10gb_1_file --recursive
2019/04/24 11:11:50 | Waiting for deletion to finish (Task ID: 2bfbc0ea-661d-11e9-b7f4-0a37f382de32)
2019/04/24 11:12:00 | globus transfer --notify off --no-verify-checksum e7f6aaae-fe52-11e8-9345-0e3d676669f4:/~/rescer201900004-data-transfer-tests/out/10gb_1_file 3064bb28-e940-11e8-8caa-0a1d4c5c824a:/nesi/nobackup/uoa99999/mfel395/10gb_1_file --recursive
2019/04/24 11:12:02 | Waiting for transfer to finish (Task ID: 33923da2-661d-11e9-b7f4-0a37f382de32)
2019/04/24 11:14:09 | RESULT|33923da2-661d-11e9-b7f4-0a37f382de32|e7f6aaae-fe52-11e8-9345-0e3d676669f4|/~/rescer201900004-data-transfer-tests/out/10gb_1_file|3064bb28-e940-11e8-8caa-0a1d4c5c824a|/nesi/nobackup/uoa99999/mfel395/10gb_1_file|10gb_1_file|10737418240|85548158|--no-verify-checksum|UoA-SpectrumScale-2-NeSI|SUCCEEDED
2019/04/24 11:14:15 | globus delete --notify off e7f6aaae-fe52-11e8-9345-0e3d676669f4:/~/rescer201900004-data-transfer-tests/in/10gb_1_file --recursive
2019/04/24 11:14:17 | Waiting for deletion to finish (Task ID: 83fb349c-661d-11e9-bf44-0e4a062367b8)
2019/04/24 11:14:26 | globus transfer --notify off --no-verify-checksum 3064bb28-e940-11e8-8caa-0a1d4c5c824a:/nesi/nobackup/uoa99999/mfel395/10gb_1_file e7f6aaae-fe52-11e8-9345-0e3d676669f4:/~/rescer201900004-data-transfer-tests/in/10gb_1_file --recursive
2019/04/24 11:14:28 | Waiting for transfer to finish (Task ID: 8a6822ae-661d-11e9-8e58-029d279f7e24)
2019/04/24 11:15:23 | RESULT|8a6822ae-661d-11e9-8e58-029d279f7e24|3064bb28-e940-11e8-8caa-0a1d4c5c824a|/nesi/nobackup/uoa99999/mfel395/10gb_1_file|e7f6aaae-fe52-11e8-9345-0e3d676669f4|/~/rescer201900004-data-transfer-tests/in/10gb_1_file|10gb_1_file|10737418240|205240484|--no-verify-checksum|NeSI-2-UoA-SpectrumScale|SUCCEEDED
2019/04/24 11:15:28 | globus delete --notify off e7f6aaae-fe52-11e8-9345-0e3d676669f4:/~/rescer201900004-data-transfer-tests/in/10gb_1_file --recursive
2019/04/24 11:15:30 | Waiting for deletion to finish (Task ID: affc1084-661d-11e9-8e58-029d279f7e24)
2019/04/24 11:15:39 | globus transfer --notify off --no-verify-checksum 3064bb28-e940-11e8-8caa-0a1d4c5c824a:/nesi/nobackup/uoa99999/mfel395/10gb_1_file e7f6aaae-fe52-11e8-9345-0e3d676669f4:/~/rescer201900004-data-transfer-tests/in/10gb_1_file --recursive
2019/04/24 11:15:41 | Waiting for transfer to finish (Task ID: b62151a4-661d-11e9-8e58-029d279f7e24)
2019/04/24 11:16:22 | RESULT|b62151a4-661d-11e9-8e58-029d279f7e24|3064bb28-e940-11e8-8caa-0a1d4c5c824a|/nesi/nobackup/uoa99999/mfel395/10gb_1_file|e7f6aaae-fe52-11e8-9345-0e3d676669f4|/~/rescer201900004-data-transfer-tests/in/10gb_1_file|10gb_1_file|10737418240|277536409|--no-verify-checksum|NeSI-2-UoA-SpectrumScale|SUCCEEDED
2019/04/24 11:16:28 | globus delete --notify off e7f6aaae-fe52-11e8-9345-0e3d676669f4:/~/rescer201900004-data-transfer-tests/in/10gb_1_file --recursive
2019/04/24 11:16:29 | Waiting for deletion to finish (Task ID: d27ca15b-661d-11e9-b7f4-0a37f382de32)
2019/04/24 11:16:38 | globus transfer --notify off --no-verify-checksum 3064bb28-e940-11e8-8caa-0a1d4c5c824a:/nesi/nobackup/uoa99999/mfel395/10gb_1_file e7f6aaae-fe52-11e8-9345-0e3d676669f4:/~/rescer201900004-data-transfer-tests/in/10gb_1_file --recursive
2019/04/24 11:16:40 | Waiting for transfer to finish (Task ID: d96609d4-661d-11e9-b7f4-0a37f382de32)
2019/04/24 11:17:19 | RESULT|d96609d4-661d-11e9-b7f4-0a37f382de32|3064bb28-e940-11e8-8caa-0a1d4c5c824a|/nesi/nobackup/uoa99999/mfel395/10gb_1_file|e7f6aaae-fe52-11e8-9345-0e3d676669f4|/~/rescer201900004-data-transfer-tests/in/10gb_1_file|10gb_1_file|10737418240|292894177|--no-verify-checksum|NeSI-2-UoA-SpectrumScale|SUCCEEDED
2019/04/24 11:17:25 | globus delete --notify off e7f6aaae-fe52-11e8-9345-0e3d676669f4:/~/rescer201900004-data-transfer-tests/in/10gb_1_file --recursive
2019/04/24 11:17:27 | Waiting for deletion to finish (Task ID: f558fcf0-661d-11e9-b7f4-0a37f382de32)
2019/04/24 11:17:39 | globus transfer --notify off --no-verify-checksum 3064bb28-e940-11e8-8caa-0a1d4c5c824a:/nesi/nobackup/uoa99999/mfel395/10gb_1_file e7f6aaae-fe52-11e8-9345-0e3d676669f4:/~/rescer201900004-data-transfer-tests/in/10gb_1_file --recursive
2019/04/24 11:17:42 | Waiting for transfer to finish (Task ID: fde8ded0-661d-11e9-b7f4-0a37f382de32)
2019/04/24 11:18:19 | RESULT|fde8ded0-661d-11e9-b7f4-0a37f382de32|3064bb28-e940-11e8-8caa-0a1d4c5c824a|/nesi/nobackup/uoa99999/mfel395/10gb_1_file|e7f6aaae-fe52-11e8-9345-0e3d676669f4|/~/rescer201900004-data-transfer-tests/in/10gb_1_file|10gb_1_file|10737418240|305000520|--no-verify-checksum|NeSI-2-UoA-SpectrumScale|SUCCEEDED
2019/04/24 11:18:24 | globus delete --notify off e7f6aaae-fe52-11e8-9345-0e3d676669f4:/~/in/10gb_1_file --recursive
2019/04/24 11:18:26 | Waiting for deletion to finish (Task ID: 18ae6a14-661e-11e9-bf44-0e4a062367b8)
2019/04/24 11:18:35 | globus transfer --notify off --no-verify-checksum 3064bb28-e940-11e8-8caa-0a1d4c5c824a:/nesi/nobackup/uoa99999/mfel395/10gb_1_file e7f6aaae-fe52-11e8-9345-0e3d676669f4:/~/in/10gb_1_file --recursive
2019/04/24 11:18:37 | Waiting for transfer to finish (Task ID: 1ec59530-661e-11e9-bf44-0e4a062367b8)
2019/04/24 11:19:12 | RESULT|1ec59530-661e-11e9-bf44-0e4a062367b8|3064bb28-e940-11e8-8caa-0a1d4c5c824a|/nesi/nobackup/uoa99999/mfel395/10gb_1_file|e7f6aaae-fe52-11e8-9345-0e3d676669f4|/~/in/10gb_1_file|10gb_1_file|10737418240|328509897|--no-verify-checksum|NeSI-2-UoA-LocalDisk|SUCCEEDED
2019/04/24 11:19:17 | globus delete --notify off e7f6aaae-fe52-11e8-9345-0e3d676669f4:/~/in/10gb_1_file --recursive
2019/04/24 11:19:19 | Waiting for deletion to finish (Task ID: 382fcb08-661e-11e9-bf44-0e4a062367b8)
2019/04/24 11:19:28 | globus transfer --notify off --no-verify-checksum 3064bb28-e940-11e8-8caa-0a1d4c5c824a:/nesi/nobackup/uoa99999/mfel395/10gb_1_file e7f6aaae-fe52-11e8-9345-0e3d676669f4:/~/in/10gb_1_file --recursive
2019/04/24 11:19:30 | Waiting for transfer to finish (Task ID: 3e7ccff6-661e-11e9-8e58-029d279f7e24)
2019/04/24 11:20:08 | RESULT|3e7ccff6-661e-11e9-8e58-029d279f7e24|3064bb28-e940-11e8-8caa-0a1d4c5c824a|/nesi/nobackup/uoa99999/mfel395/10gb_1_file|e7f6aaae-fe52-11e8-9345-0e3d676669f4|/~/in/10gb_1_file|10gb_1_file|10737418240|301894006|--no-verify-checksum|NeSI-2-UoA-LocalDisk|SUCCEEDED
2019/04/24 11:20:13 | globus delete --notify off e7f6aaae-fe52-11e8-9345-0e3d676669f4:/~/in/10gb_1_file --recursive
2019/04/24 11:20:15 | Waiting for deletion to finish (Task ID: 5983a91e-661e-11e9-bf44-0e4a062367b8)
2019/04/24 11:20:24 | globus transfer --notify off --no-verify-checksum 3064bb28-e940-11e8-8caa-0a1d4c5c824a:/nesi/nobackup/uoa99999/mfel395/10gb_1_file e7f6aaae-fe52-11e8-9345-0e3d676669f4:/~/in/10gb_1_file --recursive
2019/04/24 11:20:26 | Waiting for transfer to finish (Task ID: 5fd73ac4-661e-11e9-b7f4-0a37f382de32)
2019/04/24 11:21:02 | RESULT|5fd73ac4-661e-11e9-b7f4-0a37f382de32|3064bb28-e940-11e8-8caa-0a1d4c5c824a|/nesi/nobackup/uoa99999/mfel395/10gb_1_file|e7f6aaae-fe52-11e8-9345-0e3d676669f4|/~/in/10gb_1_file|10gb_1_file|10737418240|321129211|--no-verify-checksum|NeSI-2-UoA-LocalDisk|SUCCEEDED
2019/04/24 11:21:16 | globus delete --notify off e7f6aaae-fe52-11e8-9345-0e3d676669f4:/~/in/10gb_1_file --recursive
2019/04/24 11:21:18 | Waiting for deletion to finish (Task ID: 7f562112-661e-11e9-8e58-029d279f7e24)
2019/04/24 11:21:27 | globus transfer --notify off --no-verify-checksum 3064bb28-e940-11e8-8caa-0a1d4c5c824a:/nesi/nobackup/uoa99999/mfel395/10gb_1_file e7f6aaae-fe52-11e8-9345-0e3d676669f4:/~/in/10gb_1_file --recursive
2019/04/24 11:21:30 | Waiting for transfer to finish (Task ID: 85d65552-661e-11e9-8e58-029d279f7e24)
2019/04/24 11:22:04 | RESULT|85d65552-661e-11e9-8e58-029d279f7e24|3064bb28-e940-11e8-8caa-0a1d4c5c824a|/nesi/nobackup/uoa99999/mfel395/10gb_1_file|e7f6aaae-fe52-11e8-9345-0e3d676669f4|/~/in/10gb_1_file|10gb_1_file|10737418240|326241443|--no-verify-checksum|NeSI-2-UoA-LocalDisk|SUCCEEDED
2019/04/24 11:22:09 | globus delete --notify off e7f6aaae-fe52-11e8-9345-0e3d676669f4:/~/tmpfs/in/10gb_1_file --recursive
2019/04/24 11:22:11 | Waiting for deletion to finish (Task ID: 9ef952b4-661e-11e9-b7f4-0a37f382de32)
2019/04/24 11:22:20 | globus transfer --notify off --no-verify-checksum 3064bb28-e940-11e8-8caa-0a1d4c5c824a:/nesi/nobackup/uoa99999/mfel395/10gb_1_file e7f6aaae-fe52-11e8-9345-0e3d676669f4:/~/tmpfs/in/10gb_1_file --recursive
2019/04/24 11:22:23 | Waiting for transfer to finish (Task ID: a548a138-661e-11e9-b7f4-0a37f382de32)
2019/04/24 11:22:56 | RESULT|a548a138-661e-11e9-b7f4-0a37f382de32|3064bb28-e940-11e8-8caa-0a1d4c5c824a|/nesi/nobackup/uoa99999/mfel395/10gb_1_file|e7f6aaae-fe52-11e8-9345-0e3d676669f4|/~/tmpfs/in/10gb_1_file|10gb_1_file|10737418240|341231541|--no-verify-checksum|NeSI-2-UoA-tmpfs|SUCCEEDED
2019/04/24 11:23:01 | globus delete --notify off e7f6aaae-fe52-11e8-9345-0e3d676669f4:/~/tmpfs/in/10gb_1_file --recursive
2019/04/24 11:23:03 | Waiting for deletion to finish (Task ID: be07c802-661e-11e9-bf44-0e4a062367b8)
2019/04/24 11:23:12 | globus transfer --notify off --no-verify-checksum 3064bb28-e940-11e8-8caa-0a1d4c5c824a:/nesi/nobackup/uoa99999/mfel395/10gb_1_file e7f6aaae-fe52-11e8-9345-0e3d676669f4:/~/tmpfs/in/10gb_1_file --recursive
2019/04/24 11:23:14 | Waiting for transfer to finish (Task ID: c431cdb8-661e-11e9-8e58-029d279f7e24)
2019/04/24 11:23:49 | RESULT|c431cdb8-661e-11e9-8e58-029d279f7e24|3064bb28-e940-11e8-8caa-0a1d4c5c824a|/nesi/nobackup/uoa99999/mfel395/10gb_1_file|e7f6aaae-fe52-11e8-9345-0e3d676669f4|/~/tmpfs/in/10gb_1_file|10gb_1_file|10737418240|332619091|--no-verify-checksum|NeSI-2-UoA-tmpfs|SUCCEEDED
2019/04/24 11:23:54 | globus delete --notify off e7f6aaae-fe52-11e8-9345-0e3d676669f4:/~/tmpfs/in/10gb_1_file --recursive
2019/04/24 11:23:56 | Waiting for deletion to finish (Task ID: dd522af4-661e-11e9-8e58-029d279f7e24)
2019/04/24 11:24:05 | globus transfer --notify off --no-verify-checksum 3064bb28-e940-11e8-8caa-0a1d4c5c824a:/nesi/nobackup/uoa99999/mfel395/10gb_1_file e7f6aaae-fe52-11e8-9345-0e3d676669f4:/~/tmpfs/in/10gb_1_file --recursive
2019/04/24 11:24:07 | Waiting for transfer to finish (Task ID: e3cfd494-661e-11e9-8e58-029d279f7e24)
2019/04/24 11:24:42 | RESULT|e3cfd494-661e-11e9-8e58-029d279f7e24|3064bb28-e940-11e8-8caa-0a1d4c5c824a|/nesi/nobackup/uoa99999/mfel395/10gb_1_file|e7f6aaae-fe52-11e8-9345-0e3d676669f4|/~/tmpfs/in/10gb_1_file|10gb_1_file|10737418240|333137020|--no-verify-checksum|NeSI-2-UoA-tmpfs|SUCCEEDED
2019/04/24 11:24:47 | globus delete --notify off e7f6aaae-fe52-11e8-9345-0e3d676669f4:/~/tmpfs/in/10gb_1_file --recursive
2019/04/24 11:24:49 | Waiting for deletion to finish (Task ID: fd1d81b2-661e-11e9-8e58-029d279f7e24)
2019/04/24 11:24:58 | globus transfer --notify off --no-verify-checksum 3064bb28-e940-11e8-8caa-0a1d4c5c824a:/nesi/nobackup/uoa99999/mfel395/10gb_1_file e7f6aaae-fe52-11e8-9345-0e3d676669f4:/~/tmpfs/in/10gb_1_file --recursive
2019/04/24 11:25:00 | Waiting for transfer to finish (Task ID: 03543a8a-661f-11e9-bf44-0e4a062367b8)
2019/04/24 11:25:34 | RESULT|03543a8a-661f-11e9-bf44-0e4a062367b8|3064bb28-e940-11e8-8caa-0a1d4c5c824a|/nesi/nobackup/uoa99999/mfel395/10gb_1_file|e7f6aaae-fe52-11e8-9345-0e3d676669f4|/~/tmpfs/in/10gb_1_file|10gb_1_file|10737418240|341084762|--no-verify-checksum|NeSI-2-UoA-tmpfs|SUCCEEDED
2019/04/24 11:25:39 | globus delete --notify off e7f6aaae-fe52-11e8-9345-0e3d676669f4:/~/rescer201900004-data-transfer-tests/in/10gb_1_file --recursive
2019/04/24 11:25:41 | Waiting for deletion to finish (Task ID: 1c12bc22-661f-11e9-8e58-029d279f7e24)
2019/04/24 11:25:50 | globus transfer --notify off --no-verify-checksum e7f6aaae-fe52-11e8-9345-0e3d676669f4:/~/tmpfs/in/10gb_1_file e7f6aaae-fe52-11e8-9345-0e3d676669f4:/~/rescer201900004-data-transfer-tests/in/10gb_1_file --recursive
2019/04/24 11:25:52 | Waiting for transfer to finish (Task ID: 226b6fb0-661f-11e9-8e58-029d279f7e24)
2019/04/24 11:26:27 | RESULT|226b6fb0-661f-11e9-8e58-029d279f7e24|e7f6aaae-fe52-11e8-9345-0e3d676669f4|/~/tmpfs/in/10gb_1_file|e7f6aaae-fe52-11e8-9345-0e3d676669f4|/~/rescer201900004-data-transfer-tests/in/10gb_1_file|10gb_1_file|10737418240|341006195|--no-verify-checksum|UoA-tmpfs-2-UoA-SpectrumScale|SUCCEEDED
2019/04/24 11:26:32 | globus delete --notify off e7f6aaae-fe52-11e8-9345-0e3d676669f4:/~/rescer201900004-data-transfer-tests/in/10gb_1_file --recursive
2019/04/24 11:26:34 | Waiting for deletion to finish (Task ID: 3b449ba6-661f-11e9-bf44-0e4a062367b8)
2019/04/24 11:26:42 | globus transfer --notify off --no-verify-checksum e7f6aaae-fe52-11e8-9345-0e3d676669f4:/~/tmpfs/in/10gb_1_file e7f6aaae-fe52-11e8-9345-0e3d676669f4:/~/rescer201900004-data-transfer-tests/in/10gb_1_file --recursive
2019/04/24 11:26:44 | Waiting for transfer to finish (Task ID: 41533cd2-661f-11e9-b7f4-0a37f382de32)
2019/04/24 11:27:23 | RESULT|41533cd2-661f-11e9-b7f4-0a37f382de32|e7f6aaae-fe52-11e8-9345-0e3d676669f4|/~/tmpfs/in/10gb_1_file|e7f6aaae-fe52-11e8-9345-0e3d676669f4|/~/rescer201900004-data-transfer-tests/in/10gb_1_file|10gb_1_file|10737418240|294160586|--no-verify-checksum|UoA-tmpfs-2-UoA-SpectrumScale|SUCCEEDED
2019/04/24 11:27:29 | globus delete --notify off e7f6aaae-fe52-11e8-9345-0e3d676669f4:/~/rescer201900004-data-transfer-tests/in/10gb_1_file --recursive
2019/04/24 11:27:31 | Waiting for deletion to finish (Task ID: 5d417350-661f-11e9-b7f4-0a37f382de32)
2019/04/24 11:27:39 | globus transfer --notify off --no-verify-checksum e7f6aaae-fe52-11e8-9345-0e3d676669f4:/~/tmpfs/in/10gb_1_file e7f6aaae-fe52-11e8-9345-0e3d676669f4:/~/rescer201900004-data-transfer-tests/in/10gb_1_file --recursive
2019/04/24 11:27:41 | Waiting for transfer to finish (Task ID: 634e3ed6-661f-11e9-b7f4-0a37f382de32)
2019/04/24 11:28:15 | RESULT|634e3ed6-661f-11e9-b7f4-0a37f382de32|e7f6aaae-fe52-11e8-9345-0e3d676669f4|/~/tmpfs/in/10gb_1_file|e7f6aaae-fe52-11e8-9345-0e3d676669f4|/~/rescer201900004-data-transfer-tests/in/10gb_1_file|10gb_1_file|10737418240|341757612|--no-verify-checksum|UoA-tmpfs-2-UoA-SpectrumScale|SUCCEEDED
2019/04/24 11:28:21 | globus delete --notify off e7f6aaae-fe52-11e8-9345-0e3d676669f4:/~/rescer201900004-data-transfer-tests/in/10gb_1_file --recursive
2019/04/24 11:28:23 | Waiting for deletion to finish (Task ID: 7c7daaf4-661f-11e9-8e58-029d279f7e24)
2019/04/24 11:28:32 | globus transfer --notify off --no-verify-checksum e7f6aaae-fe52-11e8-9345-0e3d676669f4:/~/tmpfs/in/10gb_1_file e7f6aaae-fe52-11e8-9345-0e3d676669f4:/~/rescer201900004-data-transfer-tests/in/10gb_1_file --recursive
2019/04/24 11:28:34 | Waiting for transfer to finish (Task ID: 82acefc0-661f-11e9-b7f4-0a37f382de32)
2019/04/24 11:29:08 | RESULT|82acefc0-661f-11e9-b7f4-0a37f382de32|e7f6aaae-fe52-11e8-9345-0e3d676669f4|/~/tmpfs/in/10gb_1_file|e7f6aaae-fe52-11e8-9345-0e3d676669f4|/~/rescer201900004-data-transfer-tests/in/10gb_1_file|10gb_1_file|10737418240|338739705|--no-verify-checksum|UoA-tmpfs-2-UoA-SpectrumScale|SUCCEEDED
2019/04/24 11:29:14 | globus delete --notify off e7f6aaae-fe52-11e8-9345-0e3d676669f4:/~/tmpfs/out/10gb_1_file --recursive
2019/04/24 11:29:16 | Waiting for deletion to finish (Task ID: 9bd9d06c-661f-11e9-bf44-0e4a062367b8)
2019/04/24 11:29:24 | globus transfer --notify off --no-verify-checksum e7f6aaae-fe52-11e8-9345-0e3d676669f4:/~/tmpfs/in/10gb_1_file e7f6aaae-fe52-11e8-9345-0e3d676669f4:/~/tmpfs/out/10gb_1_file --recursive
2019/04/24 11:29:26 | Waiting for transfer to finish (Task ID: a1e990be-661f-11e9-b7f4-0a37f382de32)
2019/04/24 11:29:48 | RESULT|a1e990be-661f-11e9-b7f4-0a37f382de32|e7f6aaae-fe52-11e8-9345-0e3d676669f4|/~/tmpfs/in/10gb_1_file|e7f6aaae-fe52-11e8-9345-0e3d676669f4|/~/tmpfs/out/10gb_1_file|10gb_1_file|10737418240|568958945|--no-verify-checksum|UoA-tmpfs-2-UoA-tmpfs|SUCCEEDED
2019/04/24 11:29:53 | globus delete --notify off e7f6aaae-fe52-11e8-9345-0e3d676669f4:/~/tmpfs/out/10gb_1_file --recursive
2019/04/24 11:29:56 | Waiting for deletion to finish (Task ID: b3a1a292-661f-11e9-bf44-0e4a062367b8)
2019/04/24 11:30:04 | globus transfer --notify off --no-verify-checksum e7f6aaae-fe52-11e8-9345-0e3d676669f4:/~/tmpfs/in/10gb_1_file e7f6aaae-fe52-11e8-9345-0e3d676669f4:/~/tmpfs/out/10gb_1_file --recursive
2019/04/24 11:30:06 | Waiting for transfer to finish (Task ID: b9c5bc9e-661f-11e9-b7f4-0a37f382de32)
2019/04/24 11:30:28 | RESULT|b9c5bc9e-661f-11e9-b7f4-0a37f382de32|e7f6aaae-fe52-11e8-9345-0e3d676669f4|/~/tmpfs/in/10gb_1_file|e7f6aaae-fe52-11e8-9345-0e3d676669f4|/~/tmpfs/out/10gb_1_file|10gb_1_file|10737418240|563846987|--no-verify-checksum|UoA-tmpfs-2-UoA-tmpfs|SUCCEEDED
2019/04/24 11:30:33 | globus delete --notify off e7f6aaae-fe52-11e8-9345-0e3d676669f4:/~/tmpfs/out/10gb_1_file --recursive
2019/04/24 11:30:35 | Waiting for deletion to finish (Task ID: cb4caaae-661f-11e9-8e58-029d279f7e24)
2019/04/24 11:30:44 | globus transfer --notify off --no-verify-checksum e7f6aaae-fe52-11e8-9345-0e3d676669f4:/~/tmpfs/in/10gb_1_file e7f6aaae-fe52-11e8-9345-0e3d676669f4:/~/tmpfs/out/10gb_1_file --recursive
2019/04/24 11:30:46 | Waiting for transfer to finish (Task ID: d18eea76-661f-11e9-b7f4-0a37f382de32)
2019/04/24 11:31:08 | RESULT|d18eea76-661f-11e9-b7f4-0a37f382de32|e7f6aaae-fe52-11e8-9345-0e3d676669f4|/~/tmpfs/in/10gb_1_file|e7f6aaae-fe52-11e8-9345-0e3d676669f4|/~/tmpfs/out/10gb_1_file|10gb_1_file|10737418240|561560245|--no-verify-checksum|UoA-tmpfs-2-UoA-tmpfs|SUCCEEDED
2019/04/24 11:31:14 | globus delete --notify off e7f6aaae-fe52-11e8-9345-0e3d676669f4:/~/tmpfs/out/10gb_1_file --recursive
2019/04/24 11:31:16 | Waiting for deletion to finish (Task ID: e3726a24-661f-11e9-b7f4-0a37f382de32)
2019/04/24 11:31:24 | globus transfer --notify off --no-verify-checksum e7f6aaae-fe52-11e8-9345-0e3d676669f4:/~/tmpfs/in/10gb_1_file e7f6aaae-fe52-11e8-9345-0e3d676669f4:/~/tmpfs/out/10gb_1_file --recursive
2019/04/24 11:31:27 | Waiting for transfer to finish (Task ID: e982f67c-661f-11e9-b7f4-0a37f382de32)
2019/04/24 11:31:48 | RESULT|e982f67c-661f-11e9-b7f4-0a37f382de32|e7f6aaae-fe52-11e8-9345-0e3d676669f4|/~/tmpfs/in/10gb_1_file|e7f6aaae-fe52-11e8-9345-0e3d676669f4|/~/tmpfs/out/10gb_1_file|10gb_1_file|10737418240|557485239|--no-verify-checksum|UoA-tmpfs-2-UoA-tmpfs|SUCCEEDED
