2019/05/01 11:12:35 | globus delete --notify off e7f6aaae-fe52-11e8-9345-0e3d676669f4:/~/rescer201900004-data-transfer-tests/in/10gb_1_file --recursive
2019/05/01 11:12:37 | Waiting for deletion to finish (Task ID: 7169e01e-6b9d-11e9-bf45-0e4a062367b8)
2019/05/01 11:12:45 | globus transfer --notify off --no-verify-checksum e7f6aaae-fe52-11e8-9345-0e3d676669f4:/~/tmpfs/out/10gb_1_file e7f6aaae-fe52-11e8-9345-0e3d676669f4:/~/rescer201900004-data-transfer-tests/in/10gb_1_file --recursive
2019/05/01 11:12:48 | Waiting for transfer to finish (Task ID: 77836d3a-6b9d-11e9-bf45-0e4a062367b8)
2019/05/01 11:13:24 | RESULT|77836d3a-6b9d-11e9-bf45-0e4a062367b8|e7f6aaae-fe52-11e8-9345-0e3d676669f4|/~/tmpfs/out/10gb_1_file|e7f6aaae-fe52-11e8-9345-0e3d676669f4|/~/rescer201900004-data-transfer-tests/in/10gb_1_file|10gb_1_file|10737418240|310142604|--no-verify-checksum|UoA-tmpfs-2-UoA-SpectrumScale|SUCCEEDED
2019/05/01 11:13:29 | globus delete --notify off e7f6aaae-fe52-11e8-9345-0e3d676669f4:/~/rescer201900004-data-transfer-tests/in/10gb_1_file --recursive
2019/05/01 11:13:31 | Waiting for deletion to finish (Task ID: 91dfd286-6b9d-11e9-bf45-0e4a062367b8)
2019/05/01 11:13:40 | globus transfer --notify off --no-verify-checksum e7f6aaae-fe52-11e8-9345-0e3d676669f4:/~/tmpfs/out/10gb_1_file e7f6aaae-fe52-11e8-9345-0e3d676669f4:/~/rescer201900004-data-transfer-tests/in/10gb_1_file --recursive
2019/05/01 11:13:42 | Waiting for transfer to finish (Task ID: 981f80c4-6b9d-11e9-b7f6-0a37f382de32)
2019/05/01 11:14:19 | RESULT|981f80c4-6b9d-11e9-b7f6-0a37f382de32|e7f6aaae-fe52-11e8-9345-0e3d676669f4|/~/tmpfs/out/10gb_1_file|e7f6aaae-fe52-11e8-9345-0e3d676669f4|/~/rescer201900004-data-transfer-tests/in/10gb_1_file|10gb_1_file|10737418240|310727415|--no-verify-checksum|UoA-tmpfs-2-UoA-SpectrumScale|SUCCEEDED
2019/05/01 11:14:24 | globus delete --notify off e7f6aaae-fe52-11e8-9345-0e3d676669f4:/~/rescer201900004-data-transfer-tests/in/10gb_1_file --recursive
2019/05/01 11:14:26 | Waiting for deletion to finish (Task ID: b264991a-6b9d-11e9-bf45-0e4a062367b8)
2019/05/01 11:14:34 | globus transfer --notify off --no-verify-checksum e7f6aaae-fe52-11e8-9345-0e3d676669f4:/~/tmpfs/out/10gb_1_file e7f6aaae-fe52-11e8-9345-0e3d676669f4:/~/rescer201900004-data-transfer-tests/in/10gb_1_file --recursive
2019/05/01 11:14:37 | Waiting for transfer to finish (Task ID: b875907a-6b9d-11e9-b7f6-0a37f382de32)
2019/05/01 11:15:13 | RESULT|b875907a-6b9d-11e9-b7f6-0a37f382de32|e7f6aaae-fe52-11e8-9345-0e3d676669f4|/~/tmpfs/out/10gb_1_file|e7f6aaae-fe52-11e8-9345-0e3d676669f4|/~/rescer201900004-data-transfer-tests/in/10gb_1_file|10gb_1_file|10737418240|311773102|--no-verify-checksum|UoA-tmpfs-2-UoA-SpectrumScale|SUCCEEDED
2019/05/01 11:15:18 | globus delete --notify off e7f6aaae-fe52-11e8-9345-0e3d676669f4:/~/rescer201900004-data-transfer-tests/in/10gb_1_file --recursive
2019/05/01 11:15:20 | Waiting for deletion to finish (Task ID: d2a56af6-6b9d-11e9-bf45-0e4a062367b8)
2019/05/01 11:15:29 | globus transfer --notify off --no-verify-checksum e7f6aaae-fe52-11e8-9345-0e3d676669f4:/~/tmpfs/out/10gb_1_file e7f6aaae-fe52-11e8-9345-0e3d676669f4:/~/rescer201900004-data-transfer-tests/in/10gb_1_file --recursive
2019/05/01 11:15:31 | Waiting for transfer to finish (Task ID: d8e0d8ba-6b9d-11e9-bf45-0e4a062367b8)
2019/05/01 11:16:09 | RESULT|d8e0d8ba-6b9d-11e9-bf45-0e4a062367b8|e7f6aaae-fe52-11e8-9345-0e3d676669f4|/~/tmpfs/out/10gb_1_file|e7f6aaae-fe52-11e8-9345-0e3d676669f4|/~/rescer201900004-data-transfer-tests/in/10gb_1_file|10gb_1_file|10737418240|305664028|--no-verify-checksum|UoA-tmpfs-2-UoA-SpectrumScale|SUCCEEDED
2019/05/01 11:16:14 | globus delete --notify off e7f6aaae-fe52-11e8-9345-0e3d676669f4:/~/tmpfs/in/10gb_1_file --recursive
2019/05/01 11:16:16 | Waiting for deletion to finish (Task ID: f428632c-6b9d-11e9-8e59-029d279f7e24)
2019/05/01 11:16:25 | globus transfer --notify off --no-verify-checksum e7f6aaae-fe52-11e8-9345-0e3d676669f4:/~/tmpfs/out/10gb_1_file e7f6aaae-fe52-11e8-9345-0e3d676669f4:/~/tmpfs/in/10gb_1_file --recursive
2019/05/01 11:16:28 | Waiting for transfer to finish (Task ID: fae349d4-6b9d-11e9-b7f6-0a37f382de32)
2019/05/01 11:16:50 | RESULT|fae349d4-6b9d-11e9-b7f6-0a37f382de32|e7f6aaae-fe52-11e8-9345-0e3d676669f4|/~/tmpfs/out/10gb_1_file|e7f6aaae-fe52-11e8-9345-0e3d676669f4|/~/tmpfs/in/10gb_1_file|10gb_1_file|10737418240|533148046|--no-verify-checksum|UoA-tmpfs-2-UoA-tmpfs|SUCCEEDED
2019/05/01 11:16:55 | globus delete --notify off e7f6aaae-fe52-11e8-9345-0e3d676669f4:/~/tmpfs/in/10gb_1_file --recursive
2019/05/01 11:16:57 | Waiting for deletion to finish (Task ID: 0c7c026c-6b9e-11e9-bf45-0e4a062367b8)
2019/05/01 11:17:06 | globus transfer --notify off --no-verify-checksum e7f6aaae-fe52-11e8-9345-0e3d676669f4:/~/tmpfs/out/10gb_1_file e7f6aaae-fe52-11e8-9345-0e3d676669f4:/~/tmpfs/in/10gb_1_file --recursive
2019/05/01 11:17:08 | Waiting for transfer to finish (Task ID: 12aef392-6b9e-11e9-8e59-029d279f7e24)
2019/05/01 11:17:30 | RESULT|12aef392-6b9e-11e9-8e59-029d279f7e24|e7f6aaae-fe52-11e8-9345-0e3d676669f4|/~/tmpfs/out/10gb_1_file|e7f6aaae-fe52-11e8-9345-0e3d676669f4|/~/tmpfs/in/10gb_1_file|10gb_1_file|10737418240|542428033|--no-verify-checksum|UoA-tmpfs-2-UoA-tmpfs|SUCCEEDED
2019/05/01 11:17:36 | globus delete --notify off e7f6aaae-fe52-11e8-9345-0e3d676669f4:/~/tmpfs/in/10gb_1_file --recursive
2019/05/01 11:17:38 | Waiting for deletion to finish (Task ID: 24a49778-6b9e-11e9-b7f6-0a37f382de32)
2019/05/01 11:17:46 | globus transfer --notify off --no-verify-checksum e7f6aaae-fe52-11e8-9345-0e3d676669f4:/~/tmpfs/out/10gb_1_file e7f6aaae-fe52-11e8-9345-0e3d676669f4:/~/tmpfs/in/10gb_1_file --recursive
2019/05/01 11:17:48 | Waiting for transfer to finish (Task ID: 2ac51326-6b9e-11e9-8e59-029d279f7e24)
2019/05/01 11:18:10 | RESULT|2ac51326-6b9e-11e9-8e59-029d279f7e24|e7f6aaae-fe52-11e8-9345-0e3d676669f4|/~/tmpfs/out/10gb_1_file|e7f6aaae-fe52-11e8-9345-0e3d676669f4|/~/tmpfs/in/10gb_1_file|10gb_1_file|10737418240|541786733|--no-verify-checksum|UoA-tmpfs-2-UoA-tmpfs|SUCCEEDED
2019/05/01 11:18:15 | globus delete --notify off e7f6aaae-fe52-11e8-9345-0e3d676669f4:/~/tmpfs/in/10gb_1_file --recursive
2019/05/01 11:18:18 | Waiting for deletion to finish (Task ID: 3c6dc46a-6b9e-11e9-b7f6-0a37f382de32)
2019/05/01 11:18:26 | globus transfer --notify off --no-verify-checksum e7f6aaae-fe52-11e8-9345-0e3d676669f4:/~/tmpfs/out/10gb_1_file e7f6aaae-fe52-11e8-9345-0e3d676669f4:/~/tmpfs/in/10gb_1_file --recursive
2019/05/01 11:18:28 | Waiting for transfer to finish (Task ID: 4288ba76-6b9e-11e9-bf45-0e4a062367b8)
2019/05/01 11:18:50 | RESULT|4288ba76-6b9e-11e9-bf45-0e4a062367b8|e7f6aaae-fe52-11e8-9345-0e3d676669f4|/~/tmpfs/out/10gb_1_file|e7f6aaae-fe52-11e8-9345-0e3d676669f4|/~/tmpfs/in/10gb_1_file|10gb_1_file|10737418240|537006855|--no-verify-checksum|UoA-tmpfs-2-UoA-tmpfs|SUCCEEDED
