2019/04/16 18:00:35 | globus delete  3064bb28-e940-11e8-8caa-0a1d4c5c824a:/nesi/nobackup/uoa99999/mfel395/10gb_1_file --recursive
2019/04/16 18:00:37 | Waiting for deletion to finish (Task ID: f446ebae-600c-11e9-bf34-0edbf3a4e7ee)
2019/04/16 18:00:40 | Waiting for deletion to finish (Task ID: f446ebae-600c-11e9-bf34-0edbf3a4e7ee)
2019/04/16 18:00:44 | globus transfer --notify off --no-verify-checksum e7f6aaae-fe52-11e8-9345-0e3d676669f4:/~/rescer201900004-data-transfer-tests/out/10gb_1_file 3064bb28-e940-11e8-8caa-0a1d4c5c824a:/nesi/nobackup/uoa99999/mfel395/10gb_1_file --recursive
2019/04/16 18:00:58 | Waiting for transfer to finish (Task ID: f99322ee-600c-11e9-9e6f-0266b1fe9f9e | Bytes transferred: 0 | Transfer rate: 0)
2019/04/16 18:01:10 | Waiting for transfer to finish (Task ID: f99322ee-600c-11e9-9e6f-0266b1fe9f9e | Bytes transferred: 0 | Transfer rate: 0)
2019/04/16 18:01:21 | Waiting for transfer to finish (Task ID: f99322ee-600c-11e9-9e6f-0266b1fe9f9e | Bytes transferred: 0 | Transfer rate: 0)
2019/04/16 18:01:33 | Waiting for transfer to finish (Task ID: f99322ee-600c-11e9-9e6f-0266b1fe9f9e | Bytes transferred: 0 | Transfer rate: 0)
2019/04/16 18:01:45 | Waiting for transfer to finish (Task ID: f99322ee-600c-11e9-9e6f-0266b1fe9f9e | Bytes transferred: 0 | Transfer rate: 0)
2019/04/16 18:01:56 | Waiting for transfer to finish (Task ID: f99322ee-600c-11e9-9e6f-0266b1fe9f9e | Bytes transferred: 0 | Transfer rate: 0)
2019/04/16 18:02:08 | Waiting for transfer to finish (Task ID: f99322ee-600c-11e9-9e6f-0266b1fe9f9e | Bytes transferred: 5578686464 | Transfer rate: 68.03)
2019/04/16 18:02:20 | Waiting for transfer to finish (Task ID: f99322ee-600c-11e9-9e6f-0266b1fe9f9e | Bytes transferred: 5578686464 | Transfer rate: 59.53)
2019/04/16 18:02:31 | Waiting for transfer to finish (Task ID: f99322ee-600c-11e9-9e6f-0266b1fe9f9e | Bytes transferred: 5578686464 | Transfer rate: 52.98)
2019/04/16 18:02:43 | Waiting for transfer to finish (Task ID: f99322ee-600c-11e9-9e6f-0266b1fe9f9e | Bytes transferred: 5578686464 | Transfer rate: 47.70)
2019/04/16 18:02:54 | Waiting for transfer to finish (Task ID: f99322ee-600c-11e9-9e6f-0266b1fe9f9e | Bytes transferred: 10737418240 | Transfer rate: 85.35)
2019/04/16 18:02:54 |RESULT|f99322ee-600c-11e9-9e6f-0266b1fe9f9e|e7f6aaae-fe52-11e8-9345-0e3d676669f4|/~/rescer201900004-data-transfer-tests/out/10gb_1_file|3064bb28-e940-11e8-8caa-0a1d4c5c824a|/nesi/nobackup/uoa99999/mfel395/10gb_1_file|10gb_1_file|10737418240|85359433|--no-verify-checksum|UoA-SpectrumScale|SUCCEEDED
2019/04/16 18:02:59 | globus delete  3064bb28-e940-11e8-8caa-0a1d4c5c824a:/nesi/nobackup/uoa99999/mfel395/10gb_10_files --recursive
2019/04/16 18:03:01 | Waiting for deletion to finish (Task ID: 4a43af9c-600d-11e9-bf34-0edbf3a4e7ee)
2019/04/16 18:03:05 | Waiting for deletion to finish (Task ID: 4a43af9c-600d-11e9-bf34-0edbf3a4e7ee)
2019/04/16 18:03:08 | globus transfer --notify off --no-verify-checksum e7f6aaae-fe52-11e8-9345-0e3d676669f4:/~/rescer201900004-data-transfer-tests/out/10gb_10_files 3064bb28-e940-11e8-8caa-0a1d4c5c824a:/nesi/nobackup/uoa99999/mfel395/10gb_10_files --recursive
2019/04/16 18:03:22 | Waiting for transfer to finish (Task ID: 4fa4f108-600d-11e9-a624-0a54e005f950 | Bytes transferred: 0 | Transfer rate: 0)
2019/04/16 18:03:33 | Waiting for transfer to finish (Task ID: 4fa4f108-600d-11e9-a624-0a54e005f950 | Bytes transferred: 0 | Transfer rate: 0)
2019/04/16 18:03:45 | Waiting for transfer to finish (Task ID: 4fa4f108-600d-11e9-a624-0a54e005f950 | Bytes transferred: 0 | Transfer rate: 0)
2019/04/16 18:03:56 | Waiting for transfer to finish (Task ID: 4fa4f108-600d-11e9-a624-0a54e005f950 | Bytes transferred: 0 | Transfer rate: 0)
2019/04/16 18:04:08 | Waiting for transfer to finish (Task ID: 4fa4f108-600d-11e9-a624-0a54e005f950 | Bytes transferred: 0 | Transfer rate: 0)
2019/04/16 18:04:19 | Waiting for transfer to finish (Task ID: 4fa4f108-600d-11e9-a624-0a54e005f950 | Bytes transferred: 0 | Transfer rate: 0)
2019/04/16 18:04:31 | Waiting for transfer to finish (Task ID: 4fa4f108-600d-11e9-a624-0a54e005f950 | Bytes transferred: 9354870784 | Transfer rate: 116.12)
2019/04/16 18:04:43 | Waiting for transfer to finish (Task ID: 4fa4f108-600d-11e9-a624-0a54e005f950 | Bytes transferred: 10737418240 | Transfer rate: 130.72)
2019/04/16 18:04:43 |RESULT|4fa4f108-600d-11e9-a624-0a54e005f950|e7f6aaae-fe52-11e8-9345-0e3d676669f4|/~/rescer201900004-data-transfer-tests/out/10gb_10_files|3064bb28-e940-11e8-8caa-0a1d4c5c824a|/nesi/nobackup/uoa99999/mfel395/10gb_10_files|10gb_10_files|10737418240|130722617|--no-verify-checksum|UoA-SpectrumScale|SUCCEEDED
2019/04/16 18:04:47 | globus delete  3064bb28-e940-11e8-8caa-0a1d4c5c824a:/nesi/nobackup/uoa99999/mfel395/10gb_100_files --recursive
2019/04/16 18:04:49 | Waiting for deletion to finish (Task ID: 8a9317cc-600d-11e9-bf34-0edbf3a4e7ee)
2019/04/16 18:04:52 | Waiting for deletion to finish (Task ID: 8a9317cc-600d-11e9-bf34-0edbf3a4e7ee)
2019/04/16 18:04:55 | globus transfer --notify off --no-verify-checksum e7f6aaae-fe52-11e8-9345-0e3d676669f4:/~/rescer201900004-data-transfer-tests/out/10gb_100_files 3064bb28-e940-11e8-8caa-0a1d4c5c824a:/nesi/nobackup/uoa99999/mfel395/10gb_100_files --recursive
2019/04/16 18:05:09 | Waiting for transfer to finish (Task ID: 8f9dcb4a-600d-11e9-bf34-0edbf3a4e7ee | Bytes transferred: 0 | Transfer rate: 0)
2019/04/16 18:05:21 | Waiting for transfer to finish (Task ID: 8f9dcb4a-600d-11e9-bf34-0edbf3a4e7ee | Bytes transferred: 0 | Transfer rate: 0)
2019/04/16 18:05:32 | Waiting for transfer to finish (Task ID: 8f9dcb4a-600d-11e9-bf34-0edbf3a4e7ee | Bytes transferred: 0 | Transfer rate: 0)
2019/04/16 18:05:44 | Waiting for transfer to finish (Task ID: 8f9dcb4a-600d-11e9-bf34-0edbf3a4e7ee | Bytes transferred: 0 | Transfer rate: 0)
2019/04/16 18:05:56 | Waiting for transfer to finish (Task ID: 8f9dcb4a-600d-11e9-bf34-0edbf3a4e7ee | Bytes transferred: 0 | Transfer rate: 0)
2019/04/16 18:06:07 | Waiting for transfer to finish (Task ID: 8f9dcb4a-600d-11e9-bf34-0edbf3a4e7ee | Bytes transferred: 0 | Transfer rate: 0)
2019/04/16 18:06:20 | Waiting for transfer to finish (Task ID: 8f9dcb4a-600d-11e9-bf34-0edbf3a4e7ee | Bytes transferred: 10485760000 | Transfer rate: 130.63)
2019/04/16 18:06:20 |RESULT|8f9dcb4a-600d-11e9-bf34-0edbf3a4e7ee|e7f6aaae-fe52-11e8-9345-0e3d676669f4|/~/rescer201900004-data-transfer-tests/out/10gb_100_files|3064bb28-e940-11e8-8caa-0a1d4c5c824a|/nesi/nobackup/uoa99999/mfel395/10gb_100_files|10gb_100_files|10485760000|130635843|--no-verify-checksum|UoA-SpectrumScale|SUCCEEDED
2019/04/16 18:06:26 | globus delete  3064bb28-e940-11e8-8caa-0a1d4c5c824a:/nesi/nobackup/uoa99999/mfel395/10gb_1000_files --recursive
2019/04/16 18:06:28 | Waiting for deletion to finish (Task ID: c58ffbb0-600d-11e9-9e6f-0266b1fe9f9e)
2019/04/16 18:06:31 | Waiting for deletion to finish (Task ID: c58ffbb0-600d-11e9-9e6f-0266b1fe9f9e)
2019/04/16 18:06:35 | Waiting for deletion to finish (Task ID: c58ffbb0-600d-11e9-9e6f-0266b1fe9f9e)
2019/04/16 18:06:38 | Waiting for deletion to finish (Task ID: c58ffbb0-600d-11e9-9e6f-0266b1fe9f9e)
2019/04/16 18:06:42 | Waiting for deletion to finish (Task ID: c58ffbb0-600d-11e9-9e6f-0266b1fe9f9e)
2019/04/16 18:06:45 | Waiting for deletion to finish (Task ID: c58ffbb0-600d-11e9-9e6f-0266b1fe9f9e)
2019/04/16 18:06:48 | globus transfer --notify off --no-verify-checksum e7f6aaae-fe52-11e8-9345-0e3d676669f4:/~/rescer201900004-data-transfer-tests/out/10gb_1000_files 3064bb28-e940-11e8-8caa-0a1d4c5c824a:/nesi/nobackup/uoa99999/mfel395/10gb_1000_files --recursive
2019/04/16 18:07:02 | Waiting for transfer to finish (Task ID: d2f779b8-600d-11e9-9e6f-0266b1fe9f9e | Bytes transferred: 0 | Transfer rate: 0)
2019/04/16 18:07:14 | Waiting for transfer to finish (Task ID: d2f779b8-600d-11e9-9e6f-0266b1fe9f9e | Bytes transferred: 0 | Transfer rate: 0)
2019/04/16 18:07:26 | Waiting for transfer to finish (Task ID: d2f779b8-600d-11e9-9e6f-0266b1fe9f9e | Bytes transferred: 0 | Transfer rate: 0)
2019/04/16 18:07:37 | Waiting for transfer to finish (Task ID: d2f779b8-600d-11e9-9e6f-0266b1fe9f9e | Bytes transferred: 0 | Transfer rate: 0)
2019/04/16 18:07:48 | Waiting for transfer to finish (Task ID: d2f779b8-600d-11e9-9e6f-0266b1fe9f9e | Bytes transferred: 0 | Transfer rate: 0)
2019/04/16 18:08:00 | Waiting for transfer to finish (Task ID: d2f779b8-600d-11e9-9e6f-0266b1fe9f9e | Bytes transferred: 0 | Transfer rate: 0)
2019/04/16 18:08:11 | Waiting for transfer to finish (Task ID: d2f779b8-600d-11e9-9e6f-0266b1fe9f9e | Bytes transferred: 9028239360 | Transfer rate: 111.77)
2019/04/16 18:08:23 | Waiting for transfer to finish (Task ID: d2f779b8-600d-11e9-9e6f-0266b1fe9f9e | Bytes transferred: 10485760000 | Transfer rate: 117.26)
2019/04/16 18:08:23 |RESULT|d2f779b8-600d-11e9-9e6f-0266b1fe9f9e|e7f6aaae-fe52-11e8-9345-0e3d676669f4|/~/rescer201900004-data-transfer-tests/out/10gb_1000_files|3064bb28-e940-11e8-8caa-0a1d4c5c824a|/nesi/nobackup/uoa99999/mfel395/10gb_1000_files|10gb_1000_files|10485760000|117260581|--no-verify-checksum|UoA-SpectrumScale|SUCCEEDED
2019/04/16 18:08:48 | globus delete  3064bb28-e940-11e8-8caa-0a1d4c5c824a:/nesi/nobackup/uoa99999/mfel395/10gb_10000_files --recursive
2019/04/16 18:08:50 | Waiting for deletion to finish (Task ID: 1aa03e80-600e-11e9-bf34-0edbf3a4e7ee)
2019/04/16 18:08:54 | Waiting for deletion to finish (Task ID: 1aa03e80-600e-11e9-bf34-0edbf3a4e7ee)
2019/04/16 18:08:58 | Waiting for deletion to finish (Task ID: 1aa03e80-600e-11e9-bf34-0edbf3a4e7ee)
2019/04/16 18:09:01 | Waiting for deletion to finish (Task ID: 1aa03e80-600e-11e9-bf34-0edbf3a4e7ee)
2019/04/16 18:09:04 | Waiting for deletion to finish (Task ID: 1aa03e80-600e-11e9-bf34-0edbf3a4e7ee)
2019/04/16 18:09:08 | Waiting for deletion to finish (Task ID: 1aa03e80-600e-11e9-bf34-0edbf3a4e7ee)
2019/04/16 18:09:12 | Waiting for deletion to finish (Task ID: 1aa03e80-600e-11e9-bf34-0edbf3a4e7ee)
2019/04/16 18:09:15 | Waiting for deletion to finish (Task ID: 1aa03e80-600e-11e9-bf34-0edbf3a4e7ee)
2019/04/16 18:09:18 | Waiting for deletion to finish (Task ID: 1aa03e80-600e-11e9-bf34-0edbf3a4e7ee)
2019/04/16 18:09:22 | Waiting for deletion to finish (Task ID: 1aa03e80-600e-11e9-bf34-0edbf3a4e7ee)
2019/04/16 18:09:25 | Waiting for deletion to finish (Task ID: 1aa03e80-600e-11e9-bf34-0edbf3a4e7ee)
2019/04/16 18:09:28 | Waiting for deletion to finish (Task ID: 1aa03e80-600e-11e9-bf34-0edbf3a4e7ee)
2019/04/16 18:09:32 | Waiting for deletion to finish (Task ID: 1aa03e80-600e-11e9-bf34-0edbf3a4e7ee)
2019/04/16 18:09:35 | Waiting for deletion to finish (Task ID: 1aa03e80-600e-11e9-bf34-0edbf3a4e7ee)
2019/04/16 18:09:39 | Waiting for deletion to finish (Task ID: 1aa03e80-600e-11e9-bf34-0edbf3a4e7ee)
2019/04/16 18:09:42 | Waiting for deletion to finish (Task ID: 1aa03e80-600e-11e9-bf34-0edbf3a4e7ee)
2019/04/16 18:09:46 | Waiting for deletion to finish (Task ID: 1aa03e80-600e-11e9-bf34-0edbf3a4e7ee)
2019/04/16 18:09:49 | Waiting for deletion to finish (Task ID: 1aa03e80-600e-11e9-bf34-0edbf3a4e7ee)
2019/04/16 18:09:53 | Waiting for deletion to finish (Task ID: 1aa03e80-600e-11e9-bf34-0edbf3a4e7ee)
2019/04/16 18:09:56 | Waiting for deletion to finish (Task ID: 1aa03e80-600e-11e9-bf34-0edbf3a4e7ee)
2019/04/16 18:09:59 | Waiting for deletion to finish (Task ID: 1aa03e80-600e-11e9-bf34-0edbf3a4e7ee)
2019/04/16 18:10:03 | Waiting for deletion to finish (Task ID: 1aa03e80-600e-11e9-bf34-0edbf3a4e7ee)
2019/04/16 18:10:07 | Waiting for deletion to finish (Task ID: 1aa03e80-600e-11e9-bf34-0edbf3a4e7ee)
2019/04/16 18:10:10 | Waiting for deletion to finish (Task ID: 1aa03e80-600e-11e9-bf34-0edbf3a4e7ee)
2019/04/16 18:10:13 | Waiting for deletion to finish (Task ID: 1aa03e80-600e-11e9-bf34-0edbf3a4e7ee)
2019/04/16 18:10:17 | Waiting for deletion to finish (Task ID: 1aa03e80-600e-11e9-bf34-0edbf3a4e7ee)
2019/04/16 18:10:20 | Waiting for deletion to finish (Task ID: 1aa03e80-600e-11e9-bf34-0edbf3a4e7ee)
2019/04/16 18:10:24 | Waiting for deletion to finish (Task ID: 1aa03e80-600e-11e9-bf34-0edbf3a4e7ee)
2019/04/16 18:10:27 | Waiting for deletion to finish (Task ID: 1aa03e80-600e-11e9-bf34-0edbf3a4e7ee)
2019/04/16 18:10:30 | Waiting for deletion to finish (Task ID: 1aa03e80-600e-11e9-bf34-0edbf3a4e7ee)
2019/04/16 18:10:34 | Waiting for deletion to finish (Task ID: 1aa03e80-600e-11e9-bf34-0edbf3a4e7ee)
2019/04/16 18:10:38 | Waiting for deletion to finish (Task ID: 1aa03e80-600e-11e9-bf34-0edbf3a4e7ee)
2019/04/16 18:10:41 | Waiting for deletion to finish (Task ID: 1aa03e80-600e-11e9-bf34-0edbf3a4e7ee)
2019/04/16 18:10:45 | Waiting for deletion to finish (Task ID: 1aa03e80-600e-11e9-bf34-0edbf3a4e7ee)
2019/04/16 18:10:48 | Waiting for deletion to finish (Task ID: 1aa03e80-600e-11e9-bf34-0edbf3a4e7ee)
2019/04/16 18:10:52 | Waiting for deletion to finish (Task ID: 1aa03e80-600e-11e9-bf34-0edbf3a4e7ee)
2019/04/16 18:10:55 | Waiting for deletion to finish (Task ID: 1aa03e80-600e-11e9-bf34-0edbf3a4e7ee)
2019/04/16 18:10:58 | Waiting for deletion to finish (Task ID: 1aa03e80-600e-11e9-bf34-0edbf3a4e7ee)
2019/04/16 18:11:02 | globus transfer --notify off --no-verify-checksum e7f6aaae-fe52-11e8-9345-0e3d676669f4:/~/rescer201900004-data-transfer-tests/out/10gb_10000_files 3064bb28-e940-11e8-8caa-0a1d4c5c824a:/nesi/nobackup/uoa99999/mfel395/10gb_10000_files --recursive
2019/04/16 18:11:15 | Waiting for transfer to finish (Task ID: 69f61d92-600e-11e9-a624-0a54e005f950 | Bytes transferred: 0 | Transfer rate: 0)
2019/04/16 18:11:27 | Waiting for transfer to finish (Task ID: 69f61d92-600e-11e9-a624-0a54e005f950 | Bytes transferred: 0 | Transfer rate: 0)
2019/04/16 18:11:39 | Waiting for transfer to finish (Task ID: 69f61d92-600e-11e9-a624-0a54e005f950 | Bytes transferred: 0 | Transfer rate: 0)
2019/04/16 18:11:50 | Waiting for transfer to finish (Task ID: 69f61d92-600e-11e9-a624-0a54e005f950 | Bytes transferred: 0 | Transfer rate: 0)
2019/04/16 18:12:02 | Waiting for transfer to finish (Task ID: 69f61d92-600e-11e9-a624-0a54e005f950 | Bytes transferred: 0 | Transfer rate: 0)
2019/04/16 18:12:13 | Waiting for transfer to finish (Task ID: 69f61d92-600e-11e9-a624-0a54e005f950 | Bytes transferred: 1047527424 | Transfer rate: 15.14)
2019/04/16 18:12:25 | Waiting for transfer to finish (Task ID: 69f61d92-600e-11e9-a624-0a54e005f950 | Bytes transferred: 1047527424 | Transfer rate: 12.96)
2019/04/16 18:12:36 | Waiting for transfer to finish (Task ID: 69f61d92-600e-11e9-a624-0a54e005f950 | Bytes transferred: 1047527424 | Transfer rate: 11.33)
2019/04/16 18:12:48 | Waiting for transfer to finish (Task ID: 69f61d92-600e-11e9-a624-0a54e005f950 | Bytes transferred: 1047527424 | Transfer rate: 10.09)
2019/04/16 18:12:59 | Waiting for transfer to finish (Task ID: 69f61d92-600e-11e9-a624-0a54e005f950 | Bytes transferred: 1047527424 | Transfer rate: 9.07)
2019/04/16 18:13:11 | Waiting for transfer to finish (Task ID: 69f61d92-600e-11e9-a624-0a54e005f950 | Bytes transferred: 3219128320 | Transfer rate: 25.32)
2019/04/16 18:13:23 | Waiting for transfer to finish (Task ID: 69f61d92-600e-11e9-a624-0a54e005f950 | Bytes transferred: 3219128320 | Transfer rate: 23.24)
2019/04/16 18:13:34 | Waiting for transfer to finish (Task ID: 69f61d92-600e-11e9-a624-0a54e005f950 | Bytes transferred: 3219128320 | Transfer rate: 21.42)
2019/04/16 18:13:46 | Waiting for transfer to finish (Task ID: 69f61d92-600e-11e9-a624-0a54e005f950 | Bytes transferred: 3219128320 | Transfer rate: 19.88)
2019/04/16 18:13:57 | Waiting for transfer to finish (Task ID: 69f61d92-600e-11e9-a624-0a54e005f950 | Bytes transferred: 3219128320 | Transfer rate: 18.58)
2019/04/16 18:14:09 | Waiting for transfer to finish (Task ID: 69f61d92-600e-11e9-a624-0a54e005f950 | Bytes transferred: 5740953600 | Transfer rate: 31.05)
2019/04/16 18:14:20 | Waiting for transfer to finish (Task ID: 69f61d92-600e-11e9-a624-0a54e005f950 | Bytes transferred: 5740953600 | Transfer rate: 29.24)
2019/04/16 18:14:32 | Waiting for transfer to finish (Task ID: 69f61d92-600e-11e9-a624-0a54e005f950 | Bytes transferred: 5740953600 | Transfer rate: 27.64)
2019/04/16 18:14:43 | Waiting for transfer to finish (Task ID: 69f61d92-600e-11e9-a624-0a54e005f950 | Bytes transferred: 5740953600 | Transfer rate: 26.17)
2019/04/16 18:14:55 | Waiting for transfer to finish (Task ID: 69f61d92-600e-11e9-a624-0a54e005f950 | Bytes transferred: 5740953600 | Transfer rate: 24.88)
2019/04/16 18:15:06 | Waiting for transfer to finish (Task ID: 69f61d92-600e-11e9-a624-0a54e005f950 | Bytes transferred: 5740953600 | Transfer rate: 23.69)
2019/04/16 18:15:18 | Waiting for transfer to finish (Task ID: 69f61d92-600e-11e9-a624-0a54e005f950 | Bytes transferred: 8239710208 | Transfer rate: 32.47)
2019/04/16 18:15:29 | Waiting for transfer to finish (Task ID: 69f61d92-600e-11e9-a624-0a54e005f950 | Bytes transferred: 8239710208 | Transfer rate: 31.08)
2019/04/16 18:15:41 | Waiting for transfer to finish (Task ID: 69f61d92-600e-11e9-a624-0a54e005f950 | Bytes transferred: 8239710208 | Transfer rate: 29.76)
2019/04/16 18:15:52 | Waiting for transfer to finish (Task ID: 69f61d92-600e-11e9-a624-0a54e005f950 | Bytes transferred: 8239710208 | Transfer rate: 28.56)
2019/04/16 18:16:04 | Waiting for transfer to finish (Task ID: 69f61d92-600e-11e9-a624-0a54e005f950 | Bytes transferred: 8239710208 | Transfer rate: 27.47)
2019/04/16 18:16:16 | Waiting for transfer to finish (Task ID: 69f61d92-600e-11e9-a624-0a54e005f950 | Bytes transferred: 10485760000 | Transfer rate: 34.95)
2019/04/16 18:16:16 |RESULT|69f61d92-600e-11e9-a624-0a54e005f950|e7f6aaae-fe52-11e8-9345-0e3d676669f4|/~/rescer201900004-data-transfer-tests/out/10gb_10000_files|3064bb28-e940-11e8-8caa-0a1d4c5c824a|/nesi/nobackup/uoa99999/mfel395/10gb_10000_files|10gb_10000_files|10485760000|34955453|--no-verify-checksum|UoA-SpectrumScale|SUCCEEDED
2019/04/16 18:16:20 | globus delete  3064bb28-e940-11e8-8caa-0a1d4c5c824a:/nesi/nobackup/uoa99999/mfel395/10gb_1_file --recursive
2019/04/16 18:16:22 | Waiting for deletion to finish (Task ID: 27b08692-600f-11e9-9e6f-0266b1fe9f9e)
2019/04/16 18:16:25 | Waiting for deletion to finish (Task ID: 27b08692-600f-11e9-9e6f-0266b1fe9f9e)
2019/04/16 18:16:29 | globus transfer --notify off --verify-checksum e7f6aaae-fe52-11e8-9345-0e3d676669f4:/~/rescer201900004-data-transfer-tests/out/10gb_1_file 3064bb28-e940-11e8-8caa-0a1d4c5c824a:/nesi/nobackup/uoa99999/mfel395/10gb_1_file --recursive
2019/04/16 18:16:43 | Waiting for transfer to finish (Task ID: 2cebb99c-600f-11e9-9e6f-0266b1fe9f9e | Bytes transferred: 0 | Transfer rate: 0)
2019/04/16 18:16:54 | Waiting for transfer to finish (Task ID: 2cebb99c-600f-11e9-9e6f-0266b1fe9f9e | Bytes transferred: 0 | Transfer rate: 0)
2019/04/16 18:17:06 | Waiting for transfer to finish (Task ID: 2cebb99c-600f-11e9-9e6f-0266b1fe9f9e | Bytes transferred: 0 | Transfer rate: 0)
2019/04/16 18:17:18 | Waiting for transfer to finish (Task ID: 2cebb99c-600f-11e9-9e6f-0266b1fe9f9e | Bytes transferred: 0 | Transfer rate: 0)
2019/04/16 18:17:29 | Waiting for transfer to finish (Task ID: 2cebb99c-600f-11e9-9e6f-0266b1fe9f9e | Bytes transferred: 0 | Transfer rate: 0)
2019/04/16 18:17:41 | Waiting for transfer to finish (Task ID: 2cebb99c-600f-11e9-9e6f-0266b1fe9f9e | Bytes transferred: 0 | Transfer rate: 0)
2019/04/16 18:17:52 | Waiting for transfer to finish (Task ID: 2cebb99c-600f-11e9-9e6f-0266b1fe9f9e | Bytes transferred: 5788401664 | Transfer rate: 71.09)
2019/04/16 18:18:04 | Waiting for transfer to finish (Task ID: 2cebb99c-600f-11e9-9e6f-0266b1fe9f9e | Bytes transferred: 5788401664 | Transfer rate: 62.36)
2019/04/16 18:18:16 | Waiting for transfer to finish (Task ID: 2cebb99c-600f-11e9-9e6f-0266b1fe9f9e | Bytes transferred: 5788401664 | Transfer rate: 55.41)
2019/04/16 18:18:27 | Waiting for transfer to finish (Task ID: 2cebb99c-600f-11e9-9e6f-0266b1fe9f9e | Bytes transferred: 5788401664 | Transfer rate: 49.87)
2019/04/16 18:18:39 | Waiting for transfer to finish (Task ID: 2cebb99c-600f-11e9-9e6f-0266b1fe9f9e | Bytes transferred: 5788401664 | Transfer rate: 45.41)
2019/04/16 18:18:50 | Waiting for transfer to finish (Task ID: 2cebb99c-600f-11e9-9e6f-0266b1fe9f9e | Bytes transferred: 10737418240 | Transfer rate: 77.14)
2019/04/16 18:19:02 | Waiting for transfer to finish (Task ID: 2cebb99c-600f-11e9-9e6f-0266b1fe9f9e | Bytes transferred: 10737418240 | Transfer rate: 71.25)
2019/04/16 18:19:13 | Waiting for transfer to finish (Task ID: 2cebb99c-600f-11e9-9e6f-0266b1fe9f9e | Bytes transferred: 10737418240 | Transfer rate: 66.11)
2019/04/16 18:19:25 | Waiting for transfer to finish (Task ID: 2cebb99c-600f-11e9-9e6f-0266b1fe9f9e | Bytes transferred: 10737418240 | Transfer rate: 61.69)
2019/04/16 18:19:37 | Waiting for transfer to finish (Task ID: 2cebb99c-600f-11e9-9e6f-0266b1fe9f9e | Bytes transferred: 10737418240 | Transfer rate: 57.90)
2019/04/16 18:19:48 | Waiting for transfer to finish (Task ID: 2cebb99c-600f-11e9-9e6f-0266b1fe9f9e | Bytes transferred: 10737418240 | Transfer rate: 54.49)
2019/04/16 18:20:00 | Waiting for transfer to finish (Task ID: 2cebb99c-600f-11e9-9e6f-0266b1fe9f9e | Bytes transferred: 10737418240 | Transfer rate: 51.45)
2019/04/16 18:20:12 | Waiting for transfer to finish (Task ID: 2cebb99c-600f-11e9-9e6f-0266b1fe9f9e | Bytes transferred: 10737418240 | Transfer rate: 48.71)
2019/04/16 18:20:23 | Waiting for transfer to finish (Task ID: 2cebb99c-600f-11e9-9e6f-0266b1fe9f9e | Bytes transferred: 10737418240 | Transfer rate: 46.26)
2019/04/16 18:20:35 | Waiting for transfer to finish (Task ID: 2cebb99c-600f-11e9-9e6f-0266b1fe9f9e | Bytes transferred: 10737418240 | Transfer rate: 44.02)
2019/04/16 18:20:47 | Waiting for transfer to finish (Task ID: 2cebb99c-600f-11e9-9e6f-0266b1fe9f9e | Bytes transferred: 10737418240 | Transfer rate: 43.50)
2019/04/16 18:20:47 |RESULT|2cebb99c-600f-11e9-9e6f-0266b1fe9f9e|e7f6aaae-fe52-11e8-9345-0e3d676669f4|/~/rescer201900004-data-transfer-tests/out/10gb_1_file|3064bb28-e940-11e8-8caa-0a1d4c5c824a|/nesi/nobackup/uoa99999/mfel395/10gb_1_file|10gb_1_file|10737418240|43502838|--verify-checksum|UoA-SpectrumScale|SUCCEEDED
2019/04/16 18:20:51 | globus delete  3064bb28-e940-11e8-8caa-0a1d4c5c824a:/nesi/nobackup/uoa99999/mfel395/10gb_10_files --recursive
2019/04/16 18:20:53 | Waiting for deletion to finish (Task ID: c95ccf96-600f-11e9-bf34-0edbf3a4e7ee)
2019/04/16 18:20:56 | Waiting for deletion to finish (Task ID: c95ccf96-600f-11e9-bf34-0edbf3a4e7ee)
2019/04/16 18:21:00 | globus transfer --notify off --verify-checksum e7f6aaae-fe52-11e8-9345-0e3d676669f4:/~/rescer201900004-data-transfer-tests/out/10gb_10_files 3064bb28-e940-11e8-8caa-0a1d4c5c824a:/nesi/nobackup/uoa99999/mfel395/10gb_10_files --recursive
2019/04/16 18:21:14 | Waiting for transfer to finish (Task ID: ce650346-600f-11e9-a624-0a54e005f950 | Bytes transferred: 0 | Transfer rate: 0)
2019/04/16 18:21:25 | Waiting for transfer to finish (Task ID: ce650346-600f-11e9-a624-0a54e005f950 | Bytes transferred: 0 | Transfer rate: 0)
2019/04/16 18:21:37 | Waiting for transfer to finish (Task ID: ce650346-600f-11e9-a624-0a54e005f950 | Bytes transferred: 0 | Transfer rate: 0)
2019/04/16 18:21:49 | Waiting for transfer to finish (Task ID: ce650346-600f-11e9-a624-0a54e005f950 | Bytes transferred: 0 | Transfer rate: 0)
2019/04/16 18:22:00 | Waiting for transfer to finish (Task ID: ce650346-600f-11e9-a624-0a54e005f950 | Bytes transferred: 0 | Transfer rate: 0)
2019/04/16 18:22:12 | Waiting for transfer to finish (Task ID: ce650346-600f-11e9-a624-0a54e005f950 | Bytes transferred: 0 | Transfer rate: 0)
2019/04/16 18:22:24 | Waiting for transfer to finish (Task ID: ce650346-600f-11e9-a624-0a54e005f950 | Bytes transferred: 5590745088 | Transfer rate: 68.50)
2019/04/16 18:22:35 | Waiting for transfer to finish (Task ID: ce650346-600f-11e9-a624-0a54e005f950 | Bytes transferred: 5590745088 | Transfer rate: 59.88)
2019/04/16 18:22:47 | Waiting for transfer to finish (Task ID: ce650346-600f-11e9-a624-0a54e005f950 | Bytes transferred: 5590745088 | Transfer rate: 53.38)
2019/04/16 18:22:59 | Waiting for transfer to finish (Task ID: ce650346-600f-11e9-a624-0a54e005f950 | Bytes transferred: 5590745088 | Transfer rate: 48.00)
2019/04/16 18:23:10 | Waiting for transfer to finish (Task ID: ce650346-600f-11e9-a624-0a54e005f950 | Bytes transferred: 5590745088 | Transfer rate: 43.63)
2019/04/16 18:23:22 | Waiting for transfer to finish (Task ID: ce650346-600f-11e9-a624-0a54e005f950 | Bytes transferred: 10737418240 | Transfer rate: 76.96)
2019/04/16 18:23:33 | Waiting for transfer to finish (Task ID: ce650346-600f-11e9-a624-0a54e005f950 | Bytes transferred: 10737418240 | Transfer rate: 71.61)
2019/04/16 18:23:33 |RESULT|ce650346-600f-11e9-a624-0a54e005f950|e7f6aaae-fe52-11e8-9345-0e3d676669f4|/~/rescer201900004-data-transfer-tests/out/10gb_10_files|3064bb28-e940-11e8-8caa-0a1d4c5c824a|/nesi/nobackup/uoa99999/mfel395/10gb_10_files|10gb_10_files|10737418240|71611828|--verify-checksum|UoA-SpectrumScale|SUCCEEDED
2019/04/16 18:23:38 | globus delete  3064bb28-e940-11e8-8caa-0a1d4c5c824a:/nesi/nobackup/uoa99999/mfel395/10gb_100_files --recursive
2019/04/16 18:23:40 | Waiting for deletion to finish (Task ID: 2c92c3cc-6010-11e9-a624-0a54e005f950)
2019/04/16 18:23:43 | Waiting for deletion to finish (Task ID: 2c92c3cc-6010-11e9-a624-0a54e005f950)
2019/04/16 18:23:47 | globus transfer --notify off --verify-checksum e7f6aaae-fe52-11e8-9345-0e3d676669f4:/~/rescer201900004-data-transfer-tests/out/10gb_100_files 3064bb28-e940-11e8-8caa-0a1d4c5c824a:/nesi/nobackup/uoa99999/mfel395/10gb_100_files --recursive
2019/04/16 18:24:00 | Waiting for transfer to finish (Task ID: 31c766cc-6010-11e9-a624-0a54e005f950 | Bytes transferred: 0 | Transfer rate: 0)
2019/04/16 18:24:12 | Waiting for transfer to finish (Task ID: 31c766cc-6010-11e9-a624-0a54e005f950 | Bytes transferred: 0 | Transfer rate: 0)
2019/04/16 18:24:23 | Waiting for transfer to finish (Task ID: 31c766cc-6010-11e9-a624-0a54e005f950 | Bytes transferred: 0 | Transfer rate: 0)
2019/04/16 18:24:35 | Waiting for transfer to finish (Task ID: 31c766cc-6010-11e9-a624-0a54e005f950 | Bytes transferred: 0 | Transfer rate: 0)
2019/04/16 18:24:46 | Waiting for transfer to finish (Task ID: 31c766cc-6010-11e9-a624-0a54e005f950 | Bytes transferred: 0 | Transfer rate: 0)
2019/04/16 18:24:58 | Waiting for transfer to finish (Task ID: 31c766cc-6010-11e9-a624-0a54e005f950 | Bytes transferred: 0 | Transfer rate: 0)
2019/04/16 18:25:09 | Waiting for transfer to finish (Task ID: 31c766cc-6010-11e9-a624-0a54e005f950 | Bytes transferred: 4718592000 | Transfer rate: 58.57)
2019/04/16 18:25:22 | Waiting for transfer to finish (Task ID: 31c766cc-6010-11e9-a624-0a54e005f950 | Bytes transferred: 4718592000 | Transfer rate: 50.35)
2019/04/16 18:25:34 | Waiting for transfer to finish (Task ID: 31c766cc-6010-11e9-a624-0a54e005f950 | Bytes transferred: 4718592000 | Transfer rate: 44.79)
2019/04/16 18:25:45 | Waiting for transfer to finish (Task ID: 31c766cc-6010-11e9-a624-0a54e005f950 | Bytes transferred: 4718592000 | Transfer rate: 40.42)
2019/04/16 18:25:58 | Waiting for transfer to finish (Task ID: 31c766cc-6010-11e9-a624-0a54e005f950 | Bytes transferred: 4718592000 | Transfer rate: 36.52)
2019/04/16 18:26:10 | Waiting for transfer to finish (Task ID: 31c766cc-6010-11e9-a624-0a54e005f950 | Bytes transferred: 10485760000 | Transfer rate: 77.91)
2019/04/16 18:26:10 |RESULT|31c766cc-6010-11e9-a624-0a54e005f950|e7f6aaae-fe52-11e8-9345-0e3d676669f4|/~/rescer201900004-data-transfer-tests/out/10gb_100_files|3064bb28-e940-11e8-8caa-0a1d4c5c824a|/nesi/nobackup/uoa99999/mfel395/10gb_100_files|10gb_100_files|10485760000|77912290|--verify-checksum|UoA-SpectrumScale|SUCCEEDED
2019/04/16 18:26:16 | globus delete  3064bb28-e940-11e8-8caa-0a1d4c5c824a:/nesi/nobackup/uoa99999/mfel395/10gb_1000_files --recursive
2019/04/16 18:26:18 | Waiting for deletion to finish (Task ID: 8ae7c148-6010-11e9-bf34-0edbf3a4e7ee)
2019/04/16 18:26:21 | Waiting for deletion to finish (Task ID: 8ae7c148-6010-11e9-bf34-0edbf3a4e7ee)
2019/04/16 18:26:25 | Waiting for deletion to finish (Task ID: 8ae7c148-6010-11e9-bf34-0edbf3a4e7ee)
2019/04/16 18:26:28 | Waiting for deletion to finish (Task ID: 8ae7c148-6010-11e9-bf34-0edbf3a4e7ee)
2019/04/16 18:26:32 | Waiting for deletion to finish (Task ID: 8ae7c148-6010-11e9-bf34-0edbf3a4e7ee)
2019/04/16 18:26:35 | globus transfer --notify off --verify-checksum e7f6aaae-fe52-11e8-9345-0e3d676669f4:/~/rescer201900004-data-transfer-tests/out/10gb_1000_files 3064bb28-e940-11e8-8caa-0a1d4c5c824a:/nesi/nobackup/uoa99999/mfel395/10gb_1000_files --recursive
2019/04/16 18:26:49 | Waiting for transfer to finish (Task ID: 9634990e-6010-11e9-bf34-0edbf3a4e7ee | Bytes transferred: 0 | Transfer rate: 0)
2019/04/16 18:27:01 | Waiting for transfer to finish (Task ID: 9634990e-6010-11e9-bf34-0edbf3a4e7ee | Bytes transferred: 0 | Transfer rate: 0)
2019/04/16 18:27:12 | Waiting for transfer to finish (Task ID: 9634990e-6010-11e9-bf34-0edbf3a4e7ee | Bytes transferred: 0 | Transfer rate: 0)
2019/04/16 18:27:24 | Waiting for transfer to finish (Task ID: 9634990e-6010-11e9-bf34-0edbf3a4e7ee | Bytes transferred: 0 | Transfer rate: 0)
2019/04/16 18:27:37 | Waiting for transfer to finish (Task ID: 9634990e-6010-11e9-bf34-0edbf3a4e7ee | Bytes transferred: 0 | Transfer rate: 0)
2019/04/16 18:27:49 | Waiting for transfer to finish (Task ID: 9634990e-6010-11e9-bf34-0edbf3a4e7ee | Bytes transferred: 0 | Transfer rate: 0)
2019/04/16 18:28:00 | Waiting for transfer to finish (Task ID: 9634990e-6010-11e9-bf34-0edbf3a4e7ee | Bytes transferred: 4582277120 | Transfer rate: 55.13)
2019/04/16 18:28:12 | Waiting for transfer to finish (Task ID: 9634990e-6010-11e9-bf34-0edbf3a4e7ee | Bytes transferred: 4582277120 | Transfer rate: 48.35)
2019/04/16 18:28:24 | Waiting for transfer to finish (Task ID: 9634990e-6010-11e9-bf34-0edbf3a4e7ee | Bytes transferred: 4582277120 | Transfer rate: 43.05)
2019/04/16 18:28:35 | Waiting for transfer to finish (Task ID: 9634990e-6010-11e9-bf34-0edbf3a4e7ee | Bytes transferred: 4582277120 | Transfer rate: 38.79)
2019/04/16 18:28:47 | Waiting for transfer to finish (Task ID: 9634990e-6010-11e9-bf34-0edbf3a4e7ee | Bytes transferred: 4582277120 | Transfer rate: 35.38)
2019/04/16 18:28:59 | Waiting for transfer to finish (Task ID: 9634990e-6010-11e9-bf34-0edbf3a4e7ee | Bytes transferred: 9657384960 | Transfer rate: 68.10)
2019/04/16 18:29:11 | Waiting for transfer to finish (Task ID: 9634990e-6010-11e9-bf34-0edbf3a4e7ee | Bytes transferred: 10485760000 | Transfer rate: 70.49)
2019/04/16 18:29:11 |RESULT|9634990e-6010-11e9-bf34-0edbf3a4e7ee|e7f6aaae-fe52-11e8-9345-0e3d676669f4|/~/rescer201900004-data-transfer-tests/out/10gb_1000_files|3064bb28-e940-11e8-8caa-0a1d4c5c824a|/nesi/nobackup/uoa99999/mfel395/10gb_1000_files|10gb_1000_files|10485760000|70499434|--verify-checksum|UoA-SpectrumScale|SUCCEEDED
2019/04/16 18:29:44 | globus delete  3064bb28-e940-11e8-8caa-0a1d4c5c824a:/nesi/nobackup/uoa99999/mfel395/10gb_10000_files --recursive
2019/04/16 18:29:46 | Waiting for deletion to finish (Task ID: 072b7704-6011-11e9-bf34-0edbf3a4e7ee)
2019/04/16 18:29:50 | Waiting for deletion to finish (Task ID: 072b7704-6011-11e9-bf34-0edbf3a4e7ee)
2019/04/16 18:29:53 | Waiting for deletion to finish (Task ID: 072b7704-6011-11e9-bf34-0edbf3a4e7ee)
2019/04/16 18:29:57 | Waiting for deletion to finish (Task ID: 072b7704-6011-11e9-bf34-0edbf3a4e7ee)
2019/04/16 18:30:00 | Waiting for deletion to finish (Task ID: 072b7704-6011-11e9-bf34-0edbf3a4e7ee)
2019/04/16 18:30:04 | Waiting for deletion to finish (Task ID: 072b7704-6011-11e9-bf34-0edbf3a4e7ee)
2019/04/16 18:30:07 | Waiting for deletion to finish (Task ID: 072b7704-6011-11e9-bf34-0edbf3a4e7ee)
2019/04/16 18:30:10 | Waiting for deletion to finish (Task ID: 072b7704-6011-11e9-bf34-0edbf3a4e7ee)
2019/04/16 18:30:14 | Waiting for deletion to finish (Task ID: 072b7704-6011-11e9-bf34-0edbf3a4e7ee)
2019/04/16 18:30:17 | Waiting for deletion to finish (Task ID: 072b7704-6011-11e9-bf34-0edbf3a4e7ee)
2019/04/16 18:30:20 | Waiting for deletion to finish (Task ID: 072b7704-6011-11e9-bf34-0edbf3a4e7ee)
2019/04/16 18:30:24 | Waiting for deletion to finish (Task ID: 072b7704-6011-11e9-bf34-0edbf3a4e7ee)
2019/04/16 18:30:28 | Waiting for deletion to finish (Task ID: 072b7704-6011-11e9-bf34-0edbf3a4e7ee)
2019/04/16 18:30:31 | Waiting for deletion to finish (Task ID: 072b7704-6011-11e9-bf34-0edbf3a4e7ee)
2019/04/16 18:30:35 | Waiting for deletion to finish (Task ID: 072b7704-6011-11e9-bf34-0edbf3a4e7ee)
2019/04/16 18:30:38 | Waiting for deletion to finish (Task ID: 072b7704-6011-11e9-bf34-0edbf3a4e7ee)
2019/04/16 18:30:41 | Waiting for deletion to finish (Task ID: 072b7704-6011-11e9-bf34-0edbf3a4e7ee)
2019/04/16 18:30:45 | Waiting for deletion to finish (Task ID: 072b7704-6011-11e9-bf34-0edbf3a4e7ee)
2019/04/16 18:30:49 | Waiting for deletion to finish (Task ID: 072b7704-6011-11e9-bf34-0edbf3a4e7ee)
2019/04/16 18:30:52 | Waiting for deletion to finish (Task ID: 072b7704-6011-11e9-bf34-0edbf3a4e7ee)
2019/04/16 18:30:55 | Waiting for deletion to finish (Task ID: 072b7704-6011-11e9-bf34-0edbf3a4e7ee)
2019/04/16 18:30:59 | Waiting for deletion to finish (Task ID: 072b7704-6011-11e9-bf34-0edbf3a4e7ee)
2019/04/16 18:31:02 | Waiting for deletion to finish (Task ID: 072b7704-6011-11e9-bf34-0edbf3a4e7ee)
2019/04/16 18:31:06 | Waiting for deletion to finish (Task ID: 072b7704-6011-11e9-bf34-0edbf3a4e7ee)
2019/04/16 18:31:10 | Waiting for deletion to finish (Task ID: 072b7704-6011-11e9-bf34-0edbf3a4e7ee)
2019/04/16 18:31:13 | Waiting for deletion to finish (Task ID: 072b7704-6011-11e9-bf34-0edbf3a4e7ee)
2019/04/16 18:31:17 | Waiting for deletion to finish (Task ID: 072b7704-6011-11e9-bf34-0edbf3a4e7ee)
2019/04/16 18:31:20 | Waiting for deletion to finish (Task ID: 072b7704-6011-11e9-bf34-0edbf3a4e7ee)
2019/04/16 18:31:24 | Waiting for deletion to finish (Task ID: 072b7704-6011-11e9-bf34-0edbf3a4e7ee)
2019/04/16 18:31:27 | Waiting for deletion to finish (Task ID: 072b7704-6011-11e9-bf34-0edbf3a4e7ee)
2019/04/16 18:31:31 | Waiting for deletion to finish (Task ID: 072b7704-6011-11e9-bf34-0edbf3a4e7ee)
2019/04/16 18:31:34 | Waiting for deletion to finish (Task ID: 072b7704-6011-11e9-bf34-0edbf3a4e7ee)
2019/04/16 18:31:38 | Waiting for deletion to finish (Task ID: 072b7704-6011-11e9-bf34-0edbf3a4e7ee)
2019/04/16 18:31:41 | Waiting for deletion to finish (Task ID: 072b7704-6011-11e9-bf34-0edbf3a4e7ee)
2019/04/16 18:31:45 | Waiting for deletion to finish (Task ID: 072b7704-6011-11e9-bf34-0edbf3a4e7ee)
2019/04/16 18:31:48 | Waiting for deletion to finish (Task ID: 072b7704-6011-11e9-bf34-0edbf3a4e7ee)
2019/04/16 18:31:52 | Waiting for deletion to finish (Task ID: 072b7704-6011-11e9-bf34-0edbf3a4e7ee)
2019/04/16 18:31:55 | Waiting for deletion to finish (Task ID: 072b7704-6011-11e9-bf34-0edbf3a4e7ee)
2019/04/16 18:31:59 | Waiting for deletion to finish (Task ID: 072b7704-6011-11e9-bf34-0edbf3a4e7ee)
2019/04/16 18:32:02 | Waiting for deletion to finish (Task ID: 072b7704-6011-11e9-bf34-0edbf3a4e7ee)
2019/04/16 18:32:06 | globus transfer --notify off --verify-checksum e7f6aaae-fe52-11e8-9345-0e3d676669f4:/~/rescer201900004-data-transfer-tests/out/10gb_10000_files 3064bb28-e940-11e8-8caa-0a1d4c5c824a:/nesi/nobackup/uoa99999/mfel395/10gb_10000_files --recursive
2019/04/16 18:32:20 | Waiting for transfer to finish (Task ID: 5b572b48-6011-11e9-bf34-0edbf3a4e7ee | Bytes transferred: 0 | Transfer rate: 0)
2019/04/16 18:32:31 | Waiting for transfer to finish (Task ID: 5b572b48-6011-11e9-bf34-0edbf3a4e7ee | Bytes transferred: 0 | Transfer rate: 0)
2019/04/16 18:32:43 | Waiting for transfer to finish (Task ID: 5b572b48-6011-11e9-bf34-0edbf3a4e7ee | Bytes transferred: 0 | Transfer rate: 0)
2019/04/16 18:32:54 | Waiting for transfer to finish (Task ID: 5b572b48-6011-11e9-bf34-0edbf3a4e7ee | Bytes transferred: 0 | Transfer rate: 0)
2019/04/16 18:33:06 | Waiting for transfer to finish (Task ID: 5b572b48-6011-11e9-bf34-0edbf3a4e7ee | Bytes transferred: 0 | Transfer rate: 0)
2019/04/16 18:33:18 | Waiting for transfer to finish (Task ID: 5b572b48-6011-11e9-bf34-0edbf3a4e7ee | Bytes transferred: 1047527424 | Transfer rate: 15.00)
2019/04/16 18:33:30 | Waiting for transfer to finish (Task ID: 5b572b48-6011-11e9-bf34-0edbf3a4e7ee | Bytes transferred: 1047527424 | Transfer rate: 12.86)
2019/04/16 18:33:41 | Waiting for transfer to finish (Task ID: 5b572b48-6011-11e9-bf34-0edbf3a4e7ee | Bytes transferred: 1047527424 | Transfer rate: 11.25)
2019/04/16 18:33:53 | Waiting for transfer to finish (Task ID: 5b572b48-6011-11e9-bf34-0edbf3a4e7ee | Bytes transferred: 1047527424 | Transfer rate: 10.01)
2019/04/16 18:34:04 | Waiting for transfer to finish (Task ID: 5b572b48-6011-11e9-bf34-0edbf3a4e7ee | Bytes transferred: 1047527424 | Transfer rate: 9.02)
2019/04/16 18:34:16 | Waiting for transfer to finish (Task ID: 5b572b48-6011-11e9-bf34-0edbf3a4e7ee | Bytes transferred: 3076521984 | Transfer rate: 24.14)
2019/04/16 18:34:27 | Waiting for transfer to finish (Task ID: 5b572b48-6011-11e9-bf34-0edbf3a4e7ee | Bytes transferred: 3076521984 | Transfer rate: 22.13)
2019/04/16 18:34:39 | Waiting for transfer to finish (Task ID: 5b572b48-6011-11e9-bf34-0edbf3a4e7ee | Bytes transferred: 3076521984 | Transfer rate: 20.42)
2019/04/16 18:34:50 | Waiting for transfer to finish (Task ID: 5b572b48-6011-11e9-bf34-0edbf3a4e7ee | Bytes transferred: 3076521984 | Transfer rate: 18.98)
2019/04/16 18:35:02 | Waiting for transfer to finish (Task ID: 5b572b48-6011-11e9-bf34-0edbf3a4e7ee | Bytes transferred: 3076521984 | Transfer rate: 17.71)
2019/04/16 18:35:14 | Waiting for transfer to finish (Task ID: 5b572b48-6011-11e9-bf34-0edbf3a4e7ee | Bytes transferred: 5338300416 | Transfer rate: 28.79)
2019/04/16 18:35:25 | Waiting for transfer to finish (Task ID: 5b572b48-6011-11e9-bf34-0edbf3a4e7ee | Bytes transferred: 5338300416 | Transfer rate: 27.12)
2019/04/16 18:35:37 | Waiting for transfer to finish (Task ID: 5b572b48-6011-11e9-bf34-0edbf3a4e7ee | Bytes transferred: 5338300416 | Transfer rate: 25.60)
2019/04/16 18:35:48 | Waiting for transfer to finish (Task ID: 5b572b48-6011-11e9-bf34-0edbf3a4e7ee | Bytes transferred: 5338300416 | Transfer rate: 24.25)
2019/04/16 18:36:00 | Waiting for transfer to finish (Task ID: 5b572b48-6011-11e9-bf34-0edbf3a4e7ee | Bytes transferred: 5338300416 | Transfer rate: 23.05)
2019/04/16 18:36:11 | Waiting for transfer to finish (Task ID: 5b572b48-6011-11e9-bf34-0edbf3a4e7ee | Bytes transferred: 5338300416 | Transfer rate: 21.97)
2019/04/16 18:36:23 | Waiting for transfer to finish (Task ID: 5b572b48-6011-11e9-bf34-0edbf3a4e7ee | Bytes transferred: 7637827584 | Transfer rate: 30.00)
2019/04/16 18:36:34 | Waiting for transfer to finish (Task ID: 5b572b48-6011-11e9-bf34-0edbf3a4e7ee | Bytes transferred: 7637827584 | Transfer rate: 28.69)
2019/04/16 18:36:46 | Waiting for transfer to finish (Task ID: 5b572b48-6011-11e9-bf34-0edbf3a4e7ee | Bytes transferred: 7637827584 | Transfer rate: 27.49)
2019/04/16 18:36:58 | Waiting for transfer to finish (Task ID: 5b572b48-6011-11e9-bf34-0edbf3a4e7ee | Bytes transferred: 7637827584 | Transfer rate: 26.39)
2019/04/16 18:37:09 | Waiting for transfer to finish (Task ID: 5b572b48-6011-11e9-bf34-0edbf3a4e7ee | Bytes transferred: 7637827584 | Transfer rate: 25.37)
2019/04/16 18:37:21 | Waiting for transfer to finish (Task ID: 5b572b48-6011-11e9-bf34-0edbf3a4e7ee | Bytes transferred: 9878634496 | Transfer rate: 31.61)
2019/04/16 18:37:32 | Waiting for transfer to finish (Task ID: 5b572b48-6011-11e9-bf34-0edbf3a4e7ee | Bytes transferred: 9878634496 | Transfer rate: 30.47)
2019/04/16 18:37:44 | Waiting for transfer to finish (Task ID: 5b572b48-6011-11e9-bf34-0edbf3a4e7ee | Bytes transferred: 10485760000 | Transfer rate: 32.31)
2019/04/16 18:37:44 |RESULT|5b572b48-6011-11e9-bf34-0edbf3a4e7ee|e7f6aaae-fe52-11e8-9345-0e3d676669f4|/~/rescer201900004-data-transfer-tests/out/10gb_10000_files|3064bb28-e940-11e8-8caa-0a1d4c5c824a|/nesi/nobackup/uoa99999/mfel395/10gb_10000_files|10gb_10000_files|10485760000|32312299|--verify-checksum|UoA-SpectrumScale|SUCCEEDED
2019/04/16 18:37:48 | globus transfer --notify off --no-verify-checksum 3064bb28-e940-11e8-8caa-0a1d4c5c824a:/nesi/nobackup/uoa99999/mfel395/10gb_1_file e7f6aaae-fe52-11e8-9345-0e3d676669f4:/~/rescer201900004-data-transfer-tests/in/10gb_1_file --recursive
2019/04/16 18:38:01 | Waiting for transfer to finish (Task ID: 272a40ac-6012-11e9-9e6f-0266b1fe9f9e | Bytes transferred: 0 | Transfer rate: 0)
2019/04/16 18:38:13 | Waiting for transfer to finish (Task ID: 272a40ac-6012-11e9-9e6f-0266b1fe9f9e | Bytes transferred: 0 | Transfer rate: 0)
2019/04/16 18:38:25 | Waiting for transfer to finish (Task ID: 272a40ac-6012-11e9-9e6f-0266b1fe9f9e | Bytes transferred: 0 | Transfer rate: 0)
2019/04/16 18:38:36 | Waiting for transfer to finish (Task ID: 272a40ac-6012-11e9-9e6f-0266b1fe9f9e | Bytes transferred: 10737418240 | Transfer rate: 263.96)
2019/04/16 18:38:36 |RESULT|272a40ac-6012-11e9-9e6f-0266b1fe9f9e|3064bb28-e940-11e8-8caa-0a1d4c5c824a|/nesi/nobackup/uoa99999/mfel395/10gb_1_file|e7f6aaae-fe52-11e8-9345-0e3d676669f4|/~/rescer201900004-data-transfer-tests/in/10gb_1_file|10gb_1_file|10737418240|263969631|--no-verify-checksum|UoA-SpectrumScale|SUCCEEDED
2019/04/16 18:38:40 | globus transfer --notify off --no-verify-checksum 3064bb28-e940-11e8-8caa-0a1d4c5c824a:/nesi/nobackup/uoa99999/mfel395/10gb_10_files e7f6aaae-fe52-11e8-9345-0e3d676669f4:/~/rescer201900004-data-transfer-tests/in/10gb_10_files --recursive
2019/04/16 18:38:54 | Waiting for transfer to finish (Task ID: 462764d0-6012-11e9-a624-0a54e005f950 | Bytes transferred: 0 | Transfer rate: 0)
2019/04/16 18:39:05 | Waiting for transfer to finish (Task ID: 462764d0-6012-11e9-a624-0a54e005f950 | Bytes transferred: 0 | Transfer rate: 0)
2019/04/16 18:39:17 | Waiting for transfer to finish (Task ID: 462764d0-6012-11e9-a624-0a54e005f950 | Bytes transferred: 0 | Transfer rate: 0)
2019/04/16 18:39:28 | Waiting for transfer to finish (Task ID: 462764d0-6012-11e9-a624-0a54e005f950 | Bytes transferred: 10737418240 | Transfer rate: 276.27)
2019/04/16 18:39:28 |RESULT|462764d0-6012-11e9-a624-0a54e005f950|3064bb28-e940-11e8-8caa-0a1d4c5c824a|/nesi/nobackup/uoa99999/mfel395/10gb_10_files|e7f6aaae-fe52-11e8-9345-0e3d676669f4|/~/rescer201900004-data-transfer-tests/in/10gb_10_files|10gb_10_files|10737418240|276273373|--no-verify-checksum|UoA-SpectrumScale|SUCCEEDED
2019/04/16 18:39:31 | globus transfer --notify off --no-verify-checksum 3064bb28-e940-11e8-8caa-0a1d4c5c824a:/nesi/nobackup/uoa99999/mfel395/10gb_100_files e7f6aaae-fe52-11e8-9345-0e3d676669f4:/~/rescer201900004-data-transfer-tests/in/10gb_100_files --recursive
2019/04/16 18:39:45 | Waiting for transfer to finish (Task ID: 64fa0eda-6012-11e9-a624-0a54e005f950 | Bytes transferred: 0 | Transfer rate: 0)
2019/04/16 18:39:57 | Waiting for transfer to finish (Task ID: 64fa0eda-6012-11e9-a624-0a54e005f950 | Bytes transferred: 0 | Transfer rate: 0)
2019/04/16 18:40:09 | Waiting for transfer to finish (Task ID: 64fa0eda-6012-11e9-a624-0a54e005f950 | Bytes transferred: 0 | Transfer rate: 0)
2019/04/16 18:40:20 | Waiting for transfer to finish (Task ID: 64fa0eda-6012-11e9-a624-0a54e005f950 | Bytes transferred: 10485760000 | Transfer rate: 260.41)
2019/04/16 18:40:20 |RESULT|64fa0eda-6012-11e9-a624-0a54e005f950|3064bb28-e940-11e8-8caa-0a1d4c5c824a|/nesi/nobackup/uoa99999/mfel395/10gb_100_files|e7f6aaae-fe52-11e8-9345-0e3d676669f4|/~/rescer201900004-data-transfer-tests/in/10gb_100_files|10gb_100_files|10485760000|260412886|--no-verify-checksum|UoA-SpectrumScale|SUCCEEDED
2019/04/16 18:40:23 | globus transfer --notify off --no-verify-checksum 3064bb28-e940-11e8-8caa-0a1d4c5c824a:/nesi/nobackup/uoa99999/mfel395/10gb_1000_files e7f6aaae-fe52-11e8-9345-0e3d676669f4:/~/rescer201900004-data-transfer-tests/in/10gb_1000_files --recursive
2019/04/16 18:40:38 | Waiting for transfer to finish (Task ID: 841b283a-6012-11e9-bf34-0edbf3a4e7ee | Bytes transferred: 0 | Transfer rate: 0)
2019/04/16 18:40:49 | Waiting for transfer to finish (Task ID: 841b283a-6012-11e9-bf34-0edbf3a4e7ee | Bytes transferred: 0 | Transfer rate: 0)
2019/04/16 18:41:01 | Waiting for transfer to finish (Task ID: 841b283a-6012-11e9-bf34-0edbf3a4e7ee | Bytes transferred: 0 | Transfer rate: 0)
2019/04/16 18:41:12 | Waiting for transfer to finish (Task ID: 841b283a-6012-11e9-bf34-0edbf3a4e7ee | Bytes transferred: 0 | Transfer rate: 0)
2019/04/16 18:41:24 | Waiting for transfer to finish (Task ID: 841b283a-6012-11e9-bf34-0edbf3a4e7ee | Bytes transferred: 10485760000 | Transfer rate: 194.22)
2019/04/16 18:41:24 |RESULT|841b283a-6012-11e9-bf34-0edbf3a4e7ee|3064bb28-e940-11e8-8caa-0a1d4c5c824a|/nesi/nobackup/uoa99999/mfel395/10gb_1000_files|e7f6aaae-fe52-11e8-9345-0e3d676669f4|/~/rescer201900004-data-transfer-tests/in/10gb_1000_files|10gb_1000_files|10485760000|194228456|--no-verify-checksum|UoA-SpectrumScale|SUCCEEDED
2019/04/16 18:41:27 | globus transfer --notify off --no-verify-checksum 3064bb28-e940-11e8-8caa-0a1d4c5c824a:/nesi/nobackup/uoa99999/mfel395/10gb_10000_files e7f6aaae-fe52-11e8-9345-0e3d676669f4:/~/rescer201900004-data-transfer-tests/in/10gb_10000_files --recursive
2019/04/16 18:41:41 | Waiting for transfer to finish (Task ID: aa42098e-6012-11e9-a624-0a54e005f950 | Bytes transferred: 0 | Transfer rate: 0)
2019/04/16 18:41:53 | Waiting for transfer to finish (Task ID: aa42098e-6012-11e9-a624-0a54e005f950 | Bytes transferred: 0 | Transfer rate: 0)
2019/04/16 18:42:04 | Waiting for transfer to finish (Task ID: aa42098e-6012-11e9-a624-0a54e005f950 | Bytes transferred: 0 | Transfer rate: 0)
2019/04/16 18:42:16 | Waiting for transfer to finish (Task ID: aa42098e-6012-11e9-a624-0a54e005f950 | Bytes transferred: 0 | Transfer rate: 0)
2019/04/16 18:42:28 | Waiting for transfer to finish (Task ID: aa42098e-6012-11e9-a624-0a54e005f950 | Bytes transferred: 1047527424 | Transfer rate: 18.16)
2019/04/16 18:42:39 | Waiting for transfer to finish (Task ID: aa42098e-6012-11e9-a624-0a54e005f950 | Bytes transferred: 1047527424 | Transfer rate: 15.16)
2019/04/16 18:42:51 | Waiting for transfer to finish (Task ID: aa42098e-6012-11e9-a624-0a54e005f950 | Bytes transferred: 1047527424 | Transfer rate: 12.95)
2019/04/16 18:43:03 | Waiting for transfer to finish (Task ID: aa42098e-6012-11e9-a624-0a54e005f950 | Bytes transferred: 1047527424 | Transfer rate: 11.29)
2019/04/16 18:43:14 | Waiting for transfer to finish (Task ID: aa42098e-6012-11e9-a624-0a54e005f950 | Bytes transferred: 1047527424 | Transfer rate: 10.02)
2019/04/16 18:43:26 | Waiting for transfer to finish (Task ID: aa42098e-6012-11e9-a624-0a54e005f950 | Bytes transferred: 1047527424 | Transfer rate: 9.01)
2019/04/16 18:43:38 | Waiting for transfer to finish (Task ID: aa42098e-6012-11e9-a624-0a54e005f950 | Bytes transferred: 6802112512 | Transfer rate: 53.32)
2019/04/16 18:43:49 | Waiting for transfer to finish (Task ID: aa42098e-6012-11e9-a624-0a54e005f950 | Bytes transferred: 6802112512 | Transfer rate: 48.93)
2019/04/16 18:44:01 | Waiting for transfer to finish (Task ID: aa42098e-6012-11e9-a624-0a54e005f950 | Bytes transferred: 6802112512 | Transfer rate: 45.17)
2019/04/16 18:44:12 | Waiting for transfer to finish (Task ID: aa42098e-6012-11e9-a624-0a54e005f950 | Bytes transferred: 10485760000 | Transfer rate: 68.29)
2019/04/16 18:44:12 |RESULT|aa42098e-6012-11e9-a624-0a54e005f950|3064bb28-e940-11e8-8caa-0a1d4c5c824a|/nesi/nobackup/uoa99999/mfel395/10gb_10000_files|e7f6aaae-fe52-11e8-9345-0e3d676669f4|/~/rescer201900004-data-transfer-tests/in/10gb_10000_files|10gb_10000_files|10485760000|68291955|--no-verify-checksum|UoA-SpectrumScale|SUCCEEDED
2019/04/16 18:44:16 | globus delete  e7f6aaae-fe52-11e8-9345-0e3d676669f4:/~/rescer201900004-data-transfer-tests/in/10gb_1_file --recursive
2019/04/16 18:44:18 | Waiting for deletion to finish (Task ID: 0f008ec2-6013-11e9-a624-0a54e005f950)
2019/04/16 18:44:22 | Waiting for deletion to finish (Task ID: 0f008ec2-6013-11e9-a624-0a54e005f950)
2019/04/16 18:44:25 | globus transfer --notify off --verify-checksum 3064bb28-e940-11e8-8caa-0a1d4c5c824a:/nesi/nobackup/uoa99999/mfel395/10gb_1_file e7f6aaae-fe52-11e8-9345-0e3d676669f4:/~/rescer201900004-data-transfer-tests/in/10gb_1_file --recursive
2019/04/16 18:44:39 | Waiting for transfer to finish (Task ID: 141acb2a-6013-11e9-a624-0a54e005f950 | Bytes transferred: 0 | Transfer rate: 0)
2019/04/16 18:44:51 | Waiting for transfer to finish (Task ID: 141acb2a-6013-11e9-a624-0a54e005f950 | Bytes transferred: 0 | Transfer rate: 0)
2019/04/16 18:45:02 | Waiting for transfer to finish (Task ID: 141acb2a-6013-11e9-a624-0a54e005f950 | Bytes transferred: 0 | Transfer rate: 0)
2019/04/16 18:45:14 | Waiting for transfer to finish (Task ID: 141acb2a-6013-11e9-a624-0a54e005f950 | Bytes transferred: 0 | Transfer rate: 0)
2019/04/16 18:45:25 | Waiting for transfer to finish (Task ID: 141acb2a-6013-11e9-a624-0a54e005f950 | Bytes transferred: 0 | Transfer rate: 0)
2019/04/16 18:45:37 | Waiting for transfer to finish (Task ID: 141acb2a-6013-11e9-a624-0a54e005f950 | Bytes transferred: 0 | Transfer rate: 0)
2019/04/16 18:45:48 | Waiting for transfer to finish (Task ID: 141acb2a-6013-11e9-a624-0a54e005f950 | Bytes transferred: 10737418240 | Transfer rate: 132.75)
2019/04/16 18:46:00 | Waiting for transfer to finish (Task ID: 141acb2a-6013-11e9-a624-0a54e005f950 | Bytes transferred: 10737418240 | Transfer rate: 116.10)
2019/04/16 18:46:11 | Waiting for transfer to finish (Task ID: 141acb2a-6013-11e9-a624-0a54e005f950 | Bytes transferred: 10737418240 | Transfer rate: 103.36)
2019/04/16 18:46:23 | Waiting for transfer to finish (Task ID: 141acb2a-6013-11e9-a624-0a54e005f950 | Bytes transferred: 10737418240 | Transfer rate: 93.15)
2019/04/16 18:46:35 | Waiting for transfer to finish (Task ID: 141acb2a-6013-11e9-a624-0a54e005f950 | Bytes transferred: 10737418240 | Transfer rate: 84.52)
2019/04/16 18:46:46 | Waiting for transfer to finish (Task ID: 141acb2a-6013-11e9-a624-0a54e005f950 | Bytes transferred: 10737418240 | Transfer rate: 77.46)
2019/04/16 18:46:58 | Waiting for transfer to finish (Task ID: 141acb2a-6013-11e9-a624-0a54e005f950 | Bytes transferred: 10737418240 | Transfer rate: 71.55)
2019/04/16 18:47:09 | Waiting for transfer to finish (Task ID: 141acb2a-6013-11e9-a624-0a54e005f950 | Bytes transferred: 10737418240 | Transfer rate: 66.51)
2019/04/16 18:47:21 | Waiting for transfer to finish (Task ID: 141acb2a-6013-11e9-a624-0a54e005f950 | Bytes transferred: 10737418240 | Transfer rate: 62.02)
2019/04/16 18:47:32 | Waiting for transfer to finish (Task ID: 141acb2a-6013-11e9-a624-0a54e005f950 | Bytes transferred: 10737418240 | Transfer rate: 59.67)
2019/04/16 18:47:32 |RESULT|141acb2a-6013-11e9-a624-0a54e005f950|3064bb28-e940-11e8-8caa-0a1d4c5c824a|/nesi/nobackup/uoa99999/mfel395/10gb_1_file|e7f6aaae-fe52-11e8-9345-0e3d676669f4|/~/rescer201900004-data-transfer-tests/in/10gb_1_file|10gb_1_file|10737418240|59676953|--verify-checksum|UoA-SpectrumScale|SUCCEEDED
2019/04/16 18:47:36 | globus delete  e7f6aaae-fe52-11e8-9345-0e3d676669f4:/~/rescer201900004-data-transfer-tests/in/10gb_10_files --recursive
2019/04/16 18:47:38 | Waiting for deletion to finish (Task ID: 85d6d98e-6013-11e9-a624-0a54e005f950)
2019/04/16 18:47:41 | Waiting for deletion to finish (Task ID: 85d6d98e-6013-11e9-a624-0a54e005f950)
2019/04/16 18:47:45 | globus transfer --notify off --verify-checksum 3064bb28-e940-11e8-8caa-0a1d4c5c824a:/nesi/nobackup/uoa99999/mfel395/10gb_10_files e7f6aaae-fe52-11e8-9345-0e3d676669f4:/~/rescer201900004-data-transfer-tests/in/10gb_10_files --recursive
2019/04/16 18:47:59 | Waiting for transfer to finish (Task ID: 8b272dc6-6013-11e9-bf34-0edbf3a4e7ee | Bytes transferred: 0 | Transfer rate: 0)
2019/04/16 18:48:10 | Waiting for transfer to finish (Task ID: 8b272dc6-6013-11e9-bf34-0edbf3a4e7ee | Bytes transferred: 0 | Transfer rate: 0)
2019/04/16 18:48:22 | Waiting for transfer to finish (Task ID: 8b272dc6-6013-11e9-bf34-0edbf3a4e7ee | Bytes transferred: 0 | Transfer rate: 0)
2019/04/16 18:48:33 | Waiting for transfer to finish (Task ID: 8b272dc6-6013-11e9-bf34-0edbf3a4e7ee | Bytes transferred: 0 | Transfer rate: 0)
2019/04/16 18:48:45 | Waiting for transfer to finish (Task ID: 8b272dc6-6013-11e9-bf34-0edbf3a4e7ee | Bytes transferred: 0 | Transfer rate: 0)
2019/04/16 18:48:56 | Waiting for transfer to finish (Task ID: 8b272dc6-6013-11e9-bf34-0edbf3a4e7ee | Bytes transferred: 0 | Transfer rate: 0)
2019/04/16 18:49:08 | Waiting for transfer to finish (Task ID: 8b272dc6-6013-11e9-bf34-0edbf3a4e7ee | Bytes transferred: 8589934592 | Transfer rate: 105.99)
2019/04/16 18:49:20 | Waiting for transfer to finish (Task ID: 8b272dc6-6013-11e9-bf34-0edbf3a4e7ee | Bytes transferred: 8589934592 | Transfer rate: 92.92)
2019/04/16 18:49:31 | Waiting for transfer to finish (Task ID: 8b272dc6-6013-11e9-bf34-0edbf3a4e7ee | Bytes transferred: 8589934592 | Transfer rate: 82.51)
2019/04/16 18:49:43 | Waiting for transfer to finish (Task ID: 8b272dc6-6013-11e9-bf34-0edbf3a4e7ee | Bytes transferred: 10737418240 | Transfer rate: 100.46)
2019/04/16 18:49:43 |RESULT|8b272dc6-6013-11e9-bf34-0edbf3a4e7ee|3064bb28-e940-11e8-8caa-0a1d4c5c824a|/nesi/nobackup/uoa99999/mfel395/10gb_10_files|e7f6aaae-fe52-11e8-9345-0e3d676669f4|/~/rescer201900004-data-transfer-tests/in/10gb_10_files|10gb_10_files|10737418240|100460125|--verify-checksum|UoA-SpectrumScale|SUCCEEDED
2019/04/16 18:49:47 | globus delete  e7f6aaae-fe52-11e8-9345-0e3d676669f4:/~/rescer201900004-data-transfer-tests/in/10gb_100_files --recursive
2019/04/16 18:49:49 | Waiting for deletion to finish (Task ID: d3e63d7c-6013-11e9-bf34-0edbf3a4e7ee)
2019/04/16 18:49:52 | Waiting for deletion to finish (Task ID: d3e63d7c-6013-11e9-bf34-0edbf3a4e7ee)
2019/04/16 18:49:55 | globus transfer --notify off --verify-checksum 3064bb28-e940-11e8-8caa-0a1d4c5c824a:/nesi/nobackup/uoa99999/mfel395/10gb_100_files e7f6aaae-fe52-11e8-9345-0e3d676669f4:/~/rescer201900004-data-transfer-tests/in/10gb_100_files --recursive
2019/04/16 18:50:09 | Waiting for transfer to finish (Task ID: d8f0a776-6013-11e9-bf34-0edbf3a4e7ee | Bytes transferred: 0 | Transfer rate: 0)
2019/04/16 18:50:21 | Waiting for transfer to finish (Task ID: d8f0a776-6013-11e9-bf34-0edbf3a4e7ee | Bytes transferred: 0 | Transfer rate: 0)
2019/04/16 18:50:33 | Waiting for transfer to finish (Task ID: d8f0a776-6013-11e9-bf34-0edbf3a4e7ee | Bytes transferred: 0 | Transfer rate: 0)
2019/04/16 18:50:44 | Waiting for transfer to finish (Task ID: d8f0a776-6013-11e9-bf34-0edbf3a4e7ee | Bytes transferred: 0 | Transfer rate: 0)
2019/04/16 18:50:56 | Waiting for transfer to finish (Task ID: d8f0a776-6013-11e9-bf34-0edbf3a4e7ee | Bytes transferred: 0 | Transfer rate: 0)
2019/04/16 18:51:07 | Waiting for transfer to finish (Task ID: d8f0a776-6013-11e9-bf34-0edbf3a4e7ee | Bytes transferred: 0 | Transfer rate: 0)
2019/04/16 18:51:19 | Waiting for transfer to finish (Task ID: d8f0a776-6013-11e9-bf34-0edbf3a4e7ee | Bytes transferred: 6501171200 | Transfer rate: 80.00)
2019/04/16 18:51:30 | Waiting for transfer to finish (Task ID: d8f0a776-6013-11e9-bf34-0edbf3a4e7ee | Bytes transferred: 6501171200 | Transfer rate: 70.16)
2019/04/16 18:51:42 | Waiting for transfer to finish (Task ID: d8f0a776-6013-11e9-bf34-0edbf3a4e7ee | Bytes transferred: 6501171200 | Transfer rate: 62.47)
2019/04/16 18:51:53 | Waiting for transfer to finish (Task ID: d8f0a776-6013-11e9-bf34-0edbf3a4e7ee | Bytes transferred: 10485760000 | Transfer rate: 95.64)
2019/04/16 18:51:53 |RESULT|d8f0a776-6013-11e9-bf34-0edbf3a4e7ee|3064bb28-e940-11e8-8caa-0a1d4c5c824a|/nesi/nobackup/uoa99999/mfel395/10gb_100_files|e7f6aaae-fe52-11e8-9345-0e3d676669f4|/~/rescer201900004-data-transfer-tests/in/10gb_100_files|10gb_100_files|10485760000|95643298|--verify-checksum|UoA-SpectrumScale|SUCCEEDED
2019/04/16 18:51:58 | globus delete  e7f6aaae-fe52-11e8-9345-0e3d676669f4:/~/rescer201900004-data-transfer-tests/in/10gb_1000_files --recursive
2019/04/16 18:52:00 | Waiting for deletion to finish (Task ID: 224432f8-6014-11e9-9e6f-0266b1fe9f9e)
2019/04/16 18:52:04 | Waiting for deletion to finish (Task ID: 224432f8-6014-11e9-9e6f-0266b1fe9f9e)
2019/04/16 18:52:07 | Waiting for deletion to finish (Task ID: 224432f8-6014-11e9-9e6f-0266b1fe9f9e)
2019/04/16 18:52:11 | Waiting for deletion to finish (Task ID: 224432f8-6014-11e9-9e6f-0266b1fe9f9e)
2019/04/16 18:52:14 | Waiting for deletion to finish (Task ID: 224432f8-6014-11e9-9e6f-0266b1fe9f9e)
2019/04/16 18:52:17 | globus transfer --notify off --verify-checksum 3064bb28-e940-11e8-8caa-0a1d4c5c824a:/nesi/nobackup/uoa99999/mfel395/10gb_1000_files e7f6aaae-fe52-11e8-9345-0e3d676669f4:/~/rescer201900004-data-transfer-tests/in/10gb_1000_files --recursive
2019/04/16 18:52:31 | Waiting for transfer to finish (Task ID: 2d95c66c-6014-11e9-9e6f-0266b1fe9f9e | Bytes transferred: 0 | Transfer rate: 0)
2019/04/16 18:52:43 | Waiting for transfer to finish (Task ID: 2d95c66c-6014-11e9-9e6f-0266b1fe9f9e | Bytes transferred: 0 | Transfer rate: 0)
2019/04/16 18:52:54 | Waiting for transfer to finish (Task ID: 2d95c66c-6014-11e9-9e6f-0266b1fe9f9e | Bytes transferred: 0 | Transfer rate: 0)
2019/04/16 18:53:06 | Waiting for transfer to finish (Task ID: 2d95c66c-6014-11e9-9e6f-0266b1fe9f9e | Bytes transferred: 0 | Transfer rate: 0)
2019/04/16 18:53:17 | Waiting for transfer to finish (Task ID: 2d95c66c-6014-11e9-9e6f-0266b1fe9f9e | Bytes transferred: 0 | Transfer rate: 0)
2019/04/16 18:53:29 | Waiting for transfer to finish (Task ID: 2d95c66c-6014-11e9-9e6f-0266b1fe9f9e | Bytes transferred: 0 | Transfer rate: 0)
2019/04/16 18:53:41 | Waiting for transfer to finish (Task ID: 2d95c66c-6014-11e9-9e6f-0266b1fe9f9e | Bytes transferred: 6354370560 | Transfer rate: 78.57)
2019/04/16 18:53:52 | Waiting for transfer to finish (Task ID: 2d95c66c-6014-11e9-9e6f-0266b1fe9f9e | Bytes transferred: 6354370560 | Transfer rate: 68.87)
2019/04/16 18:54:04 | Waiting for transfer to finish (Task ID: 2d95c66c-6014-11e9-9e6f-0266b1fe9f9e | Bytes transferred: 6354370560 | Transfer rate: 61.02)
2019/04/16 18:54:16 | Waiting for transfer to finish (Task ID: 2d95c66c-6014-11e9-9e6f-0266b1fe9f9e | Bytes transferred: 10475274240 | Transfer rate: 90.34)
2019/04/16 18:54:27 | Waiting for transfer to finish (Task ID: 2d95c66c-6014-11e9-9e6f-0266b1fe9f9e | Bytes transferred: 10485760000 | Transfer rate: 89.61)
2019/04/16 18:54:27 |RESULT|2d95c66c-6014-11e9-9e6f-0266b1fe9f9e|3064bb28-e940-11e8-8caa-0a1d4c5c824a|/nesi/nobackup/uoa99999/mfel395/10gb_1000_files|e7f6aaae-fe52-11e8-9345-0e3d676669f4|/~/rescer201900004-data-transfer-tests/in/10gb_1000_files|10gb_1000_files|10485760000|89615904|--verify-checksum|UoA-SpectrumScale|SUCCEEDED
2019/04/16 18:54:48 | globus delete  e7f6aaae-fe52-11e8-9345-0e3d676669f4:/~/rescer201900004-data-transfer-tests/in/10gb_10000_files --recursive
2019/04/16 18:54:50 | Waiting for deletion to finish (Task ID: 874bdd18-6014-11e9-a624-0a54e005f950)
2019/04/16 18:54:53 | Waiting for deletion to finish (Task ID: 874bdd18-6014-11e9-a624-0a54e005f950)
2019/04/16 18:54:56 | Waiting for deletion to finish (Task ID: 874bdd18-6014-11e9-a624-0a54e005f950)
2019/04/16 18:55:00 | Waiting for deletion to finish (Task ID: 874bdd18-6014-11e9-a624-0a54e005f950)
2019/04/16 18:55:04 | Waiting for deletion to finish (Task ID: 874bdd18-6014-11e9-a624-0a54e005f950)
2019/04/16 18:55:07 | Waiting for deletion to finish (Task ID: 874bdd18-6014-11e9-a624-0a54e005f950)
2019/04/16 18:55:11 | Waiting for deletion to finish (Task ID: 874bdd18-6014-11e9-a624-0a54e005f950)
2019/04/16 18:55:14 | Waiting for deletion to finish (Task ID: 874bdd18-6014-11e9-a624-0a54e005f950)
2019/04/16 18:55:17 | Waiting for deletion to finish (Task ID: 874bdd18-6014-11e9-a624-0a54e005f950)
2019/04/16 18:55:21 | Waiting for deletion to finish (Task ID: 874bdd18-6014-11e9-a624-0a54e005f950)
2019/04/16 18:55:25 | Waiting for deletion to finish (Task ID: 874bdd18-6014-11e9-a624-0a54e005f950)
2019/04/16 18:55:29 | Waiting for deletion to finish (Task ID: 874bdd18-6014-11e9-a624-0a54e005f950)
2019/04/16 18:55:32 | Waiting for deletion to finish (Task ID: 874bdd18-6014-11e9-a624-0a54e005f950)
2019/04/16 18:55:35 | Waiting for deletion to finish (Task ID: 874bdd18-6014-11e9-a624-0a54e005f950)
2019/04/16 18:55:39 | Waiting for deletion to finish (Task ID: 874bdd18-6014-11e9-a624-0a54e005f950)
2019/04/16 18:55:42 | Waiting for deletion to finish (Task ID: 874bdd18-6014-11e9-a624-0a54e005f950)
2019/04/16 18:55:46 | Waiting for deletion to finish (Task ID: 874bdd18-6014-11e9-a624-0a54e005f950)
2019/04/16 18:55:49 | Waiting for deletion to finish (Task ID: 874bdd18-6014-11e9-a624-0a54e005f950)
2019/04/16 18:55:53 | Waiting for deletion to finish (Task ID: 874bdd18-6014-11e9-a624-0a54e005f950)
2019/04/16 18:55:56 | Waiting for deletion to finish (Task ID: 874bdd18-6014-11e9-a624-0a54e005f950)
2019/04/16 18:56:00 | Waiting for deletion to finish (Task ID: 874bdd18-6014-11e9-a624-0a54e005f950)
2019/04/16 18:56:03 | Waiting for deletion to finish (Task ID: 874bdd18-6014-11e9-a624-0a54e005f950)
2019/04/16 18:56:07 | Waiting for deletion to finish (Task ID: 874bdd18-6014-11e9-a624-0a54e005f950)
2019/04/16 18:56:10 | Waiting for deletion to finish (Task ID: 874bdd18-6014-11e9-a624-0a54e005f950)
2019/04/16 18:56:14 | Waiting for deletion to finish (Task ID: 874bdd18-6014-11e9-a624-0a54e005f950)
2019/04/16 18:56:17 | Waiting for deletion to finish (Task ID: 874bdd18-6014-11e9-a624-0a54e005f950)
2019/04/16 18:56:21 | Waiting for deletion to finish (Task ID: 874bdd18-6014-11e9-a624-0a54e005f950)
2019/04/16 18:56:24 | Waiting for deletion to finish (Task ID: 874bdd18-6014-11e9-a624-0a54e005f950)
2019/04/16 18:56:28 | Waiting for deletion to finish (Task ID: 874bdd18-6014-11e9-a624-0a54e005f950)
2019/04/16 18:56:31 | Waiting for deletion to finish (Task ID: 874bdd18-6014-11e9-a624-0a54e005f950)
2019/04/16 18:56:35 | Waiting for deletion to finish (Task ID: 874bdd18-6014-11e9-a624-0a54e005f950)
2019/04/16 18:56:38 | Waiting for deletion to finish (Task ID: 874bdd18-6014-11e9-a624-0a54e005f950)
2019/04/16 18:56:41 | Waiting for deletion to finish (Task ID: 874bdd18-6014-11e9-a624-0a54e005f950)
2019/04/16 18:56:45 | Waiting for deletion to finish (Task ID: 874bdd18-6014-11e9-a624-0a54e005f950)
2019/04/16 18:56:49 | globus transfer --notify off --verify-checksum 3064bb28-e940-11e8-8caa-0a1d4c5c824a:/nesi/nobackup/uoa99999/mfel395/10gb_10000_files e7f6aaae-fe52-11e8-9345-0e3d676669f4:/~/rescer201900004-data-transfer-tests/in/10gb_10000_files --recursive
2019/04/16 18:57:02 | Waiting for transfer to finish (Task ID: cf299260-6014-11e9-bf34-0edbf3a4e7ee | Bytes transferred: 0 | Transfer rate: 0)
2019/04/16 18:57:14 | Waiting for transfer to finish (Task ID: cf299260-6014-11e9-bf34-0edbf3a4e7ee | Bytes transferred: 0 | Transfer rate: 0)
2019/04/16 18:57:27 | Waiting for transfer to finish (Task ID: cf299260-6014-11e9-bf34-0edbf3a4e7ee | Bytes transferred: 0 | Transfer rate: 0)
2019/04/16 18:57:39 | Waiting for transfer to finish (Task ID: cf299260-6014-11e9-bf34-0edbf3a4e7ee | Bytes transferred: 0 | Transfer rate: 0)
2019/04/16 18:57:50 | Waiting for transfer to finish (Task ID: cf299260-6014-11e9-bf34-0edbf3a4e7ee | Bytes transferred: 0 | Transfer rate: 0)
2019/04/16 18:58:02 | Waiting for transfer to finish (Task ID: cf299260-6014-11e9-bf34-0edbf3a4e7ee | Bytes transferred: 1047527424 | Transfer rate: 14.71)
2019/04/16 18:58:14 | Waiting for transfer to finish (Task ID: cf299260-6014-11e9-bf34-0edbf3a4e7ee | Bytes transferred: 1047527424 | Transfer rate: 12.63)
2019/04/16 18:58:25 | Waiting for transfer to finish (Task ID: cf299260-6014-11e9-bf34-0edbf3a4e7ee | Bytes transferred: 1047527424 | Transfer rate: 11.11)
2019/04/16 18:58:38 | Waiting for transfer to finish (Task ID: cf299260-6014-11e9-bf34-0edbf3a4e7ee | Bytes transferred: 1047527424 | Transfer rate: 9.73)
2019/04/16 18:58:50 | Waiting for transfer to finish (Task ID: cf299260-6014-11e9-bf34-0edbf3a4e7ee | Bytes transferred: 1047527424 | Transfer rate: 8.78)
2019/04/16 18:59:01 | Waiting for transfer to finish (Task ID: cf299260-6014-11e9-bf34-0edbf3a4e7ee | Bytes transferred: 4869586944 | Transfer rate: 37.28)
2019/04/16 18:59:13 | Waiting for transfer to finish (Task ID: cf299260-6014-11e9-bf34-0edbf3a4e7ee | Bytes transferred: 4869586944 | Transfer rate: 34.17)
2019/04/16 18:59:25 | Waiting for transfer to finish (Task ID: cf299260-6014-11e9-bf34-0edbf3a4e7ee | Bytes transferred: 4869586944 | Transfer rate: 31.59)
2019/04/16 18:59:36 | Waiting for transfer to finish (Task ID: cf299260-6014-11e9-bf34-0edbf3a4e7ee | Bytes transferred: 4869586944 | Transfer rate: 29.41)
2019/04/16 18:59:48 | Waiting for transfer to finish (Task ID: cf299260-6014-11e9-bf34-0edbf3a4e7ee | Bytes transferred: 4869586944 | Transfer rate: 27.47)
2019/04/16 19:00:00 | Waiting for transfer to finish (Task ID: cf299260-6014-11e9-bf34-0edbf3a4e7ee | Bytes transferred: 9144631296 | Transfer rate: 48.42)
2019/04/16 19:00:11 | Waiting for transfer to finish (Task ID: cf299260-6014-11e9-bf34-0edbf3a4e7ee | Bytes transferred: 9144631296 | Transfer rate: 45.60)
2019/04/16 19:00:23 | Waiting for transfer to finish (Task ID: cf299260-6014-11e9-bf34-0edbf3a4e7ee | Bytes transferred: 10485760000 | Transfer rate: 50.59)
2019/04/16 19:00:23 |RESULT|cf299260-6014-11e9-bf34-0edbf3a4e7ee|3064bb28-e940-11e8-8caa-0a1d4c5c824a|/nesi/nobackup/uoa99999/mfel395/10gb_10000_files|e7f6aaae-fe52-11e8-9345-0e3d676669f4|/~/rescer201900004-data-transfer-tests/in/10gb_10000_files|10gb_10000_files|10485760000|50597586|--verify-checksum|UoA-SpectrumScale|SUCCEEDED
