2019/05/01 16:11:33 | globus delete --notify off e7f6aaae-fe52-11e8-9345-0e3d676669f4:/~/rescer201900004-data-transfer-tests/in/10gb_1_file --recursive
2019/05/01 16:11:35 | Waiting for deletion to finish (Task ID: 355920b0-6bc7-11e9-8e59-029d279f7e24)
2019/05/01 16:11:43 | globus transfer --notify off --no-verify-checksum e7f6aaae-fe52-11e8-9345-0e3d676669f4:/~/tmpfs/out/10gb_1_file e7f6aaae-fe52-11e8-9345-0e3d676669f4:/~/rescer201900004-data-transfer-tests/in/10gb_1_file --recursive
2019/05/01 16:11:46 | Waiting for transfer to finish (Task ID: 3b631b32-6bc7-11e9-b7f6-0a37f382de32)
2019/05/01 16:12:19 | RESULT|3b631b32-6bc7-11e9-b7f6-0a37f382de32|e7f6aaae-fe52-11e8-9345-0e3d676669f4|/~/tmpfs/out/10gb_1_file|e7f6aaae-fe52-11e8-9345-0e3d676669f4|/~/rescer201900004-data-transfer-tests/in/10gb_1_file|10gb_1_file|10737418240|355839905|--no-verify-checksum|UoA-tmpfs-2-UoA-SpectrumScale|SUCCEEDED
2019/05/01 16:12:24 | globus delete --notify off e7f6aaae-fe52-11e8-9345-0e3d676669f4:/~/rescer201900004-data-transfer-tests/in/10gb_1_file --recursive
2019/05/01 16:12:27 | Waiting for deletion to finish (Task ID: 5410eaa6-6bc7-11e9-b7f6-0a37f382de32)
2019/05/01 16:12:35 | globus transfer --notify off --no-verify-checksum e7f6aaae-fe52-11e8-9345-0e3d676669f4:/~/tmpfs/out/10gb_1_file e7f6aaae-fe52-11e8-9345-0e3d676669f4:/~/rescer201900004-data-transfer-tests/in/10gb_1_file --recursive
2019/05/01 16:12:38 | Waiting for transfer to finish (Task ID: 5a5fa366-6bc7-11e9-8e59-029d279f7e24)
2019/05/01 16:13:10 | RESULT|5a5fa366-6bc7-11e9-8e59-029d279f7e24|e7f6aaae-fe52-11e8-9345-0e3d676669f4|/~/tmpfs/out/10gb_1_file|e7f6aaae-fe52-11e8-9345-0e3d676669f4|/~/rescer201900004-data-transfer-tests/in/10gb_1_file|10gb_1_file|10737418240|357301586|--no-verify-checksum|UoA-tmpfs-2-UoA-SpectrumScale|SUCCEEDED
2019/05/01 16:13:16 | globus delete --notify off e7f6aaae-fe52-11e8-9345-0e3d676669f4:/~/rescer201900004-data-transfer-tests/in/10gb_1_file --recursive
2019/05/01 16:13:17 | Waiting for deletion to finish (Task ID: 727aa626-6bc7-11e9-8e59-029d279f7e24)
2019/05/01 16:13:26 | globus transfer --notify off --no-verify-checksum e7f6aaae-fe52-11e8-9345-0e3d676669f4:/~/tmpfs/out/10gb_1_file e7f6aaae-fe52-11e8-9345-0e3d676669f4:/~/rescer201900004-data-transfer-tests/in/10gb_1_file --recursive
2019/05/01 16:13:29 | Waiting for transfer to finish (Task ID: 78bcd02c-6bc7-11e9-8e59-029d279f7e24)
2019/05/01 16:14:01 | RESULT|78bcd02c-6bc7-11e9-8e59-029d279f7e24|e7f6aaae-fe52-11e8-9345-0e3d676669f4|/~/tmpfs/out/10gb_1_file|e7f6aaae-fe52-11e8-9345-0e3d676669f4|/~/rescer201900004-data-transfer-tests/in/10gb_1_file|10gb_1_file|10737418240|353688251|--no-verify-checksum|UoA-tmpfs-2-UoA-SpectrumScale|SUCCEEDED
2019/05/01 16:14:07 | globus delete --notify off e7f6aaae-fe52-11e8-9345-0e3d676669f4:/~/rescer201900004-data-transfer-tests/in/10gb_1_file --recursive
2019/05/01 16:14:09 | Waiting for deletion to finish (Task ID: 91111868-6bc7-11e9-8e59-029d279f7e24)
2019/05/01 16:14:17 | globus transfer --notify off --no-verify-checksum e7f6aaae-fe52-11e8-9345-0e3d676669f4:/~/tmpfs/out/10gb_1_file e7f6aaae-fe52-11e8-9345-0e3d676669f4:/~/rescer201900004-data-transfer-tests/in/10gb_1_file --recursive
2019/05/01 16:14:20 | Waiting for transfer to finish (Task ID: 973be812-6bc7-11e9-bf45-0e4a062367b8)
2019/05/01 16:14:51 | RESULT|973be812-6bc7-11e9-bf45-0e4a062367b8|e7f6aaae-fe52-11e8-9345-0e3d676669f4|/~/tmpfs/out/10gb_1_file|e7f6aaae-fe52-11e8-9345-0e3d676669f4|/~/rescer201900004-data-transfer-tests/in/10gb_1_file|10gb_1_file|10737418240|360922920|--no-verify-checksum|UoA-tmpfs-2-UoA-SpectrumScale|SUCCEEDED
2019/05/01 16:14:57 | globus delete --notify off e7f6aaae-fe52-11e8-9345-0e3d676669f4:/~/tmpfs/in/10gb_1_file --recursive
2019/05/01 16:14:58 | Waiting for deletion to finish (Task ID: aea91e16-6bc7-11e9-b7f6-0a37f382de32)
2019/05/01 16:15:07 | globus transfer --notify off --no-verify-checksum e7f6aaae-fe52-11e8-9345-0e3d676669f4:/~/tmpfs/out/10gb_1_file e7f6aaae-fe52-11e8-9345-0e3d676669f4:/~/tmpfs/in/10gb_1_file --recursive
2019/05/01 16:15:09 | Waiting for transfer to finish (Task ID: b4b20d7c-6bc7-11e9-b7f6-0a37f382de32)
2019/05/01 16:15:31 | RESULT|b4b20d7c-6bc7-11e9-b7f6-0a37f382de32|e7f6aaae-fe52-11e8-9345-0e3d676669f4|/~/tmpfs/out/10gb_1_file|e7f6aaae-fe52-11e8-9345-0e3d676669f4|/~/tmpfs/in/10gb_1_file|10gb_1_file|10737418240|550861669|--no-verify-checksum|UoA-tmpfs-2-UoA-tmpfs|SUCCEEDED
2019/05/01 16:15:36 | globus delete --notify off e7f6aaae-fe52-11e8-9345-0e3d676669f4:/~/tmpfs/in/10gb_1_file --recursive
2019/05/01 16:15:38 | Waiting for deletion to finish (Task ID: c630d0f6-6bc7-11e9-8e59-029d279f7e24)
2019/05/01 16:15:46 | globus transfer --notify off --no-verify-checksum e7f6aaae-fe52-11e8-9345-0e3d676669f4:/~/tmpfs/out/10gb_1_file e7f6aaae-fe52-11e8-9345-0e3d676669f4:/~/tmpfs/in/10gb_1_file --recursive
2019/05/01 16:15:49 | Waiting for transfer to finish (Task ID: cc92f8e8-6bc7-11e9-bf45-0e4a062367b8)
2019/05/01 16:16:12 | RESULT|cc92f8e8-6bc7-11e9-bf45-0e4a062367b8|e7f6aaae-fe52-11e8-9345-0e3d676669f4|/~/tmpfs/out/10gb_1_file|e7f6aaae-fe52-11e8-9345-0e3d676669f4|/~/tmpfs/in/10gb_1_file|10gb_1_file|10737418240|538498902|--no-verify-checksum|UoA-tmpfs-2-UoA-tmpfs|SUCCEEDED
2019/05/01 16:16:17 | globus delete --notify off e7f6aaae-fe52-11e8-9345-0e3d676669f4:/~/tmpfs/in/10gb_1_file --recursive
2019/05/01 16:16:19 | Waiting for deletion to finish (Task ID: dee8ff1a-6bc7-11e9-8e59-029d279f7e24)
2019/05/01 16:16:28 | globus transfer --notify off --no-verify-checksum e7f6aaae-fe52-11e8-9345-0e3d676669f4:/~/tmpfs/out/10gb_1_file e7f6aaae-fe52-11e8-9345-0e3d676669f4:/~/tmpfs/in/10gb_1_file --recursive
2019/05/01 16:16:30 | Waiting for transfer to finish (Task ID: e5087e8e-6bc7-11e9-b7f6-0a37f382de32)
2019/05/01 16:16:52 | RESULT|e5087e8e-6bc7-11e9-b7f6-0a37f382de32|e7f6aaae-fe52-11e8-9345-0e3d676669f4|/~/tmpfs/out/10gb_1_file|e7f6aaae-fe52-11e8-9345-0e3d676669f4|/~/tmpfs/in/10gb_1_file|10gb_1_file|10737418240|548759148|--no-verify-checksum|UoA-tmpfs-2-UoA-tmpfs|SUCCEEDED
2019/05/01 16:16:57 | globus delete --notify off e7f6aaae-fe52-11e8-9345-0e3d676669f4:/~/tmpfs/in/10gb_1_file --recursive
2019/05/01 16:16:59 | Waiting for deletion to finish (Task ID: f6874410-6bc7-11e9-b7f6-0a37f382de32)
2019/05/01 16:17:07 | globus transfer --notify off --no-verify-checksum e7f6aaae-fe52-11e8-9345-0e3d676669f4:/~/tmpfs/out/10gb_1_file e7f6aaae-fe52-11e8-9345-0e3d676669f4:/~/tmpfs/in/10gb_1_file --recursive
2019/05/01 16:17:10 | Waiting for transfer to finish (Task ID: fc94a302-6bc7-11e9-b7f6-0a37f382de32)
2019/05/01 16:17:32 | RESULT|fc94a302-6bc7-11e9-b7f6-0a37f382de32|e7f6aaae-fe52-11e8-9345-0e3d676669f4|/~/tmpfs/out/10gb_1_file|e7f6aaae-fe52-11e8-9345-0e3d676669f4|/~/tmpfs/in/10gb_1_file|10gb_1_file|10737418240|548477659|--no-verify-checksum|UoA-tmpfs-2-UoA-tmpfs|SUCCEEDED
