2019/05/01 11:05:21 | globus delete --notify off e7f6aaae-fe52-11e8-9345-0e3d676669f4:/~/rescer201900004-data-transfer-tests/in/10gb_1_file --recursive
2019/05/01 11:05:23 | Waiting for deletion to finish (Task ID: 6e932946-6b9c-11e9-bf45-0e4a062367b8)
2019/05/01 11:05:32 | globus transfer --notify off --no-verify-checksum e7f6aaae-fe52-11e8-9345-0e3d676669f4:/~/tmpfs/out/10gb_1_file e7f6aaae-fe52-11e8-9345-0e3d676669f4:/~/rescer201900004-data-transfer-tests/in/10gb_1_file --recursive
2019/05/01 11:05:34 | Waiting for transfer to finish (Task ID: 753cc3ce-6b9c-11e9-b7f6-0a37f382de32)
2019/05/01 11:06:13 | RESULT|753cc3ce-6b9c-11e9-b7f6-0a37f382de32|e7f6aaae-fe52-11e8-9345-0e3d676669f4|/~/tmpfs/out/10gb_1_file|e7f6aaae-fe52-11e8-9345-0e3d676669f4|/~/rescer201900004-data-transfer-tests/in/10gb_1_file|10gb_1_file|10737418240|300783200|--no-verify-checksum|UoA-tmpfs-2-UoA-SpectrumScale|SUCCEEDED
2019/05/01 11:06:19 | globus delete --notify off e7f6aaae-fe52-11e8-9345-0e3d676669f4:/~/rescer201900004-data-transfer-tests/in/10gb_1_file --recursive
2019/05/01 11:06:21 | Waiting for deletion to finish (Task ID: 9152011e-6b9c-11e9-b7f6-0a37f382de32)
2019/05/01 11:06:29 | globus transfer --notify off --no-verify-checksum e7f6aaae-fe52-11e8-9345-0e3d676669f4:/~/tmpfs/out/10gb_1_file e7f6aaae-fe52-11e8-9345-0e3d676669f4:/~/rescer201900004-data-transfer-tests/in/10gb_1_file --recursive
2019/05/01 11:06:32 | Waiting for transfer to finish (Task ID: 97708d86-6b9c-11e9-bf45-0e4a062367b8)
2019/05/01 11:07:09 | RESULT|97708d86-6b9c-11e9-bf45-0e4a062367b8|e7f6aaae-fe52-11e8-9345-0e3d676669f4|/~/tmpfs/out/10gb_1_file|e7f6aaae-fe52-11e8-9345-0e3d676669f4|/~/rescer201900004-data-transfer-tests/in/10gb_1_file|10gb_1_file|10737418240|304307662|--no-verify-checksum|UoA-tmpfs-2-UoA-SpectrumScale|SUCCEEDED
2019/05/01 11:07:15 | globus delete --notify off e7f6aaae-fe52-11e8-9345-0e3d676669f4:/~/rescer201900004-data-transfer-tests/in/10gb_1_file --recursive
2019/05/01 11:07:17 | Waiting for deletion to finish (Task ID: b284a3d2-6b9c-11e9-bf45-0e4a062367b8)
2019/05/01 11:07:26 | globus transfer --notify off --no-verify-checksum e7f6aaae-fe52-11e8-9345-0e3d676669f4:/~/tmpfs/out/10gb_1_file e7f6aaae-fe52-11e8-9345-0e3d676669f4:/~/rescer201900004-data-transfer-tests/in/10gb_1_file --recursive
2019/05/01 11:07:28 | Waiting for transfer to finish (Task ID: b91cb5a4-6b9c-11e9-8e59-029d279f7e24)
2019/05/01 11:08:05 | RESULT|b91cb5a4-6b9c-11e9-8e59-029d279f7e24|e7f6aaae-fe52-11e8-9345-0e3d676669f4|/~/tmpfs/out/10gb_1_file|e7f6aaae-fe52-11e8-9345-0e3d676669f4|/~/rescer201900004-data-transfer-tests/in/10gb_1_file|10gb_1_file|10737418240|309038912|--no-verify-checksum|UoA-tmpfs-2-UoA-SpectrumScale|SUCCEEDED
2019/05/01 11:08:10 | globus delete --notify off e7f6aaae-fe52-11e8-9345-0e3d676669f4:/~/rescer201900004-data-transfer-tests/in/10gb_1_file --recursive
2019/05/01 11:08:12 | Waiting for deletion to finish (Task ID: d3d196f8-6b9c-11e9-bf45-0e4a062367b8)
2019/05/01 11:08:21 | globus transfer --notify off --no-verify-checksum e7f6aaae-fe52-11e8-9345-0e3d676669f4:/~/tmpfs/out/10gb_1_file e7f6aaae-fe52-11e8-9345-0e3d676669f4:/~/rescer201900004-data-transfer-tests/in/10gb_1_file --recursive
2019/05/01 11:08:24 | Waiting for transfer to finish (Task ID: da2b631c-6b9c-11e9-8e59-029d279f7e24)
2019/05/01 11:09:01 | RESULT|da2b631c-6b9c-11e9-8e59-029d279f7e24|e7f6aaae-fe52-11e8-9345-0e3d676669f4|/~/tmpfs/out/10gb_1_file|e7f6aaae-fe52-11e8-9345-0e3d676669f4|/~/rescer201900004-data-transfer-tests/in/10gb_1_file|10gb_1_file|10737418240|305302851|--no-verify-checksum|UoA-tmpfs-2-UoA-SpectrumScale|SUCCEEDED
2019/05/01 11:09:06 | globus delete --notify off e7f6aaae-fe52-11e8-9345-0e3d676669f4:/~/tmpfs/in/10gb_1_file --recursive
2019/05/01 11:09:09 | Waiting for deletion to finish (Task ID: f55990be-6b9c-11e9-bf45-0e4a062367b8)
2019/05/01 11:09:18 | globus transfer --notify off --no-verify-checksum e7f6aaae-fe52-11e8-9345-0e3d676669f4:/~/tmpfs/out/10gb_1_file e7f6aaae-fe52-11e8-9345-0e3d676669f4:/~/tmpfs/in/10gb_1_file --recursive
2019/05/01 11:09:21 | Waiting for transfer to finish (Task ID: fc238684-6b9c-11e9-8e59-029d279f7e24)
2019/05/01 11:09:42 | RESULT|fc238684-6b9c-11e9-8e59-029d279f7e24|e7f6aaae-fe52-11e8-9345-0e3d676669f4|/~/tmpfs/out/10gb_1_file|e7f6aaae-fe52-11e8-9345-0e3d676669f4|/~/tmpfs/in/10gb_1_file|10gb_1_file|10737418240|540109055|--no-verify-checksum|UoA-tmpfs-2-UoA-tmpfs|SUCCEEDED
2019/05/01 11:09:47 | globus delete --notify off e7f6aaae-fe52-11e8-9345-0e3d676669f4:/~/tmpfs/in/10gb_1_file --recursive
2019/05/01 11:09:50 | Waiting for deletion to finish (Task ID: 0dbba534-6b9d-11e9-b7f6-0a37f382de32)
2019/05/01 11:09:58 | globus transfer --notify off --no-verify-checksum e7f6aaae-fe52-11e8-9345-0e3d676669f4:/~/tmpfs/out/10gb_1_file e7f6aaae-fe52-11e8-9345-0e3d676669f4:/~/tmpfs/in/10gb_1_file --recursive
2019/05/01 11:10:01 | Waiting for transfer to finish (Task ID: 13f1386a-6b9d-11e9-b7f6-0a37f382de32)
2019/05/01 11:10:30 | RESULT|13f1386a-6b9d-11e9-b7f6-0a37f382de32|e7f6aaae-fe52-11e8-9345-0e3d676669f4|/~/tmpfs/out/10gb_1_file|e7f6aaae-fe52-11e8-9345-0e3d676669f4|/~/tmpfs/in/10gb_1_file|10gb_1_file|10737418240|395059707|--no-verify-checksum|UoA-tmpfs-2-UoA-tmpfs|SUCCEEDED
2019/05/01 11:10:35 | globus delete --notify off e7f6aaae-fe52-11e8-9345-0e3d676669f4:/~/tmpfs/in/10gb_1_file --recursive
2019/05/01 11:10:37 | Waiting for deletion to finish (Task ID: 2a2caf24-6b9d-11e9-8e59-029d279f7e24)
2019/05/01 11:10:46 | globus transfer --notify off --no-verify-checksum e7f6aaae-fe52-11e8-9345-0e3d676669f4:/~/tmpfs/out/10gb_1_file e7f6aaae-fe52-11e8-9345-0e3d676669f4:/~/tmpfs/in/10gb_1_file --recursive
2019/05/01 11:10:49 | Waiting for transfer to finish (Task ID: 30e969ce-6b9d-11e9-bf45-0e4a062367b8)
2019/05/01 11:11:13 | RESULT|30e969ce-6b9d-11e9-bf45-0e4a062367b8|e7f6aaae-fe52-11e8-9345-0e3d676669f4|/~/tmpfs/out/10gb_1_file|e7f6aaae-fe52-11e8-9345-0e3d676669f4|/~/tmpfs/in/10gb_1_file|10gb_1_file|10737418240|511806714|--no-verify-checksum|UoA-tmpfs-2-UoA-tmpfs|SUCCEEDED
2019/05/01 11:11:18 | globus delete --notify off e7f6aaae-fe52-11e8-9345-0e3d676669f4:/~/tmpfs/in/10gb_1_file --recursive
2019/05/01 11:11:20 | Waiting for deletion to finish (Task ID: 43d1d29c-6b9d-11e9-8e59-029d279f7e24)
2019/05/01 11:11:29 | globus transfer --notify off --no-verify-checksum e7f6aaae-fe52-11e8-9345-0e3d676669f4:/~/tmpfs/out/10gb_1_file e7f6aaae-fe52-11e8-9345-0e3d676669f4:/~/tmpfs/in/10gb_1_file --recursive
2019/05/01 11:11:31 | Waiting for transfer to finish (Task ID: 49e281ae-6b9d-11e9-b7f6-0a37f382de32)
2019/05/01 11:11:54 | RESULT|49e281ae-6b9d-11e9-b7f6-0a37f382de32|e7f6aaae-fe52-11e8-9345-0e3d676669f4|/~/tmpfs/out/10gb_1_file|e7f6aaae-fe52-11e8-9345-0e3d676669f4|/~/tmpfs/in/10gb_1_file|10gb_1_file|10737418240|522582615|--no-verify-checksum|UoA-tmpfs-2-UoA-tmpfs|SUCCEEDED
