2019/05/01 11:39:27 | globus delete --notify off e7f6aaae-fe52-11e8-9345-0e3d676669f4:/~/rescer201900004-data-transfer-tests/in/10gb_1_file --recursive
2019/05/01 11:39:29 | Waiting for deletion to finish (Task ID: 32466a5c-6ba1-11e9-8e59-029d279f7e24)
2019/05/01 11:39:38 | globus transfer --notify off --no-verify-checksum e7f6aaae-fe52-11e8-9345-0e3d676669f4:/~/tmpfs/out/10gb_1_file e7f6aaae-fe52-11e8-9345-0e3d676669f4:/~/rescer201900004-data-transfer-tests/in/10gb_1_file --recursive
2019/05/01 11:39:40 | Waiting for transfer to finish (Task ID: 38955094-6ba1-11e9-bf45-0e4a062367b8)
2019/05/01 11:40:17 | RESULT|38955094-6ba1-11e9-bf45-0e4a062367b8|e7f6aaae-fe52-11e8-9345-0e3d676669f4|/~/tmpfs/out/10gb_1_file|e7f6aaae-fe52-11e8-9345-0e3d676669f4|/~/rescer201900004-data-transfer-tests/in/10gb_1_file|10gb_1_file|10737418240|310667899|--no-verify-checksum|UoA-tmpfs-2-UoA-SpectrumScale|SUCCEEDED
2019/05/01 11:40:22 | globus delete --notify off e7f6aaae-fe52-11e8-9345-0e3d676669f4:/~/rescer201900004-data-transfer-tests/in/10gb_1_file --recursive
2019/05/01 11:40:24 | Waiting for deletion to finish (Task ID: 5365c1c4-6ba1-11e9-8e59-029d279f7e24)
2019/05/01 11:40:33 | globus transfer --notify off --no-verify-checksum e7f6aaae-fe52-11e8-9345-0e3d676669f4:/~/tmpfs/out/10gb_1_file e7f6aaae-fe52-11e8-9345-0e3d676669f4:/~/rescer201900004-data-transfer-tests/in/10gb_1_file --recursive
2019/05/01 11:40:35 | Waiting for transfer to finish (Task ID: 596de8bc-6ba1-11e9-b7f6-0a37f382de32)
2019/05/01 11:41:13 | RESULT|596de8bc-6ba1-11e9-b7f6-0a37f382de32|e7f6aaae-fe52-11e8-9345-0e3d676669f4|/~/tmpfs/out/10gb_1_file|e7f6aaae-fe52-11e8-9345-0e3d676669f4|/~/rescer201900004-data-transfer-tests/in/10gb_1_file|10gb_1_file|10737418240|305222228|--no-verify-checksum|UoA-tmpfs-2-UoA-SpectrumScale|SUCCEEDED
2019/05/01 11:41:18 | globus delete --notify off e7f6aaae-fe52-11e8-9345-0e3d676669f4:/~/rescer201900004-data-transfer-tests/in/10gb_1_file --recursive
2019/05/01 11:41:20 | Waiting for deletion to finish (Task ID: 748ce2b0-6ba1-11e9-b7f6-0a37f382de32)
2019/05/01 11:41:29 | globus transfer --notify off --no-verify-checksum e7f6aaae-fe52-11e8-9345-0e3d676669f4:/~/tmpfs/out/10gb_1_file e7f6aaae-fe52-11e8-9345-0e3d676669f4:/~/rescer201900004-data-transfer-tests/in/10gb_1_file --recursive
2019/05/01 11:41:31 | Waiting for transfer to finish (Task ID: 7af91f6a-6ba1-11e9-b7f6-0a37f382de32)
2019/05/01 11:42:09 | RESULT|7af91f6a-6ba1-11e9-b7f6-0a37f382de32|e7f6aaae-fe52-11e8-9345-0e3d676669f4|/~/tmpfs/out/10gb_1_file|e7f6aaae-fe52-11e8-9345-0e3d676669f4|/~/rescer201900004-data-transfer-tests/in/10gb_1_file|10gb_1_file|10737418240|311340640|--no-verify-checksum|UoA-tmpfs-2-UoA-SpectrumScale|SUCCEEDED
2019/05/01 11:42:14 | globus delete --notify off e7f6aaae-fe52-11e8-9345-0e3d676669f4:/~/rescer201900004-data-transfer-tests/in/10gb_1_file --recursive
2019/05/01 11:42:16 | Waiting for deletion to finish (Task ID: 961069de-6ba1-11e9-b7f6-0a37f382de32)
2019/05/01 11:42:25 | globus transfer --notify off --no-verify-checksum e7f6aaae-fe52-11e8-9345-0e3d676669f4:/~/tmpfs/out/10gb_1_file e7f6aaae-fe52-11e8-9345-0e3d676669f4:/~/rescer201900004-data-transfer-tests/in/10gb_1_file --recursive
2019/05/01 11:42:28 | Waiting for transfer to finish (Task ID: 9c5b5934-6ba1-11e9-bf45-0e4a062367b8)
2019/05/01 11:43:04 | RESULT|9c5b5934-6ba1-11e9-bf45-0e4a062367b8|e7f6aaae-fe52-11e8-9345-0e3d676669f4|/~/tmpfs/out/10gb_1_file|e7f6aaae-fe52-11e8-9345-0e3d676669f4|/~/rescer201900004-data-transfer-tests/in/10gb_1_file|10gb_1_file|10737418240|311553973|--no-verify-checksum|UoA-tmpfs-2-UoA-SpectrumScale|SUCCEEDED
2019/05/01 11:43:09 | globus delete --notify off e7f6aaae-fe52-11e8-9345-0e3d676669f4:/~/tmpfs/in/10gb_1_file --recursive
2019/05/01 11:43:11 | Waiting for deletion to finish (Task ID: b6d37990-6ba1-11e9-bf45-0e4a062367b8)
2019/05/01 11:43:20 | globus transfer --notify off --no-verify-checksum e7f6aaae-fe52-11e8-9345-0e3d676669f4:/~/tmpfs/out/10gb_1_file e7f6aaae-fe52-11e8-9345-0e3d676669f4:/~/tmpfs/in/10gb_1_file --recursive
2019/05/01 11:43:22 | Waiting for transfer to finish (Task ID: bd19f75c-6ba1-11e9-bf45-0e4a062367b8)
2019/05/01 11:43:44 | RESULT|bd19f75c-6ba1-11e9-bf45-0e4a062367b8|e7f6aaae-fe52-11e8-9345-0e3d676669f4|/~/tmpfs/out/10gb_1_file|e7f6aaae-fe52-11e8-9345-0e3d676669f4|/~/tmpfs/in/10gb_1_file|10gb_1_file|10737418240|547421224|--no-verify-checksum|UoA-tmpfs-2-UoA-tmpfs|SUCCEEDED
2019/05/01 11:43:49 | globus delete --notify off e7f6aaae-fe52-11e8-9345-0e3d676669f4:/~/tmpfs/in/10gb_1_file --recursive
2019/05/01 11:43:51 | Waiting for deletion to finish (Task ID: ce56231a-6ba1-11e9-8e59-029d279f7e24)
2019/05/01 11:43:59 | globus transfer --notify off --no-verify-checksum e7f6aaae-fe52-11e8-9345-0e3d676669f4:/~/tmpfs/out/10gb_1_file e7f6aaae-fe52-11e8-9345-0e3d676669f4:/~/tmpfs/in/10gb_1_file --recursive
2019/05/01 11:44:02 | Waiting for transfer to finish (Task ID: d473f100-6ba1-11e9-8e59-029d279f7e24)
2019/05/01 11:44:24 | RESULT|d473f100-6ba1-11e9-8e59-029d279f7e24|e7f6aaae-fe52-11e8-9345-0e3d676669f4|/~/tmpfs/out/10gb_1_file|e7f6aaae-fe52-11e8-9345-0e3d676669f4|/~/tmpfs/in/10gb_1_file|10gb_1_file|10737418240|539506509|--no-verify-checksum|UoA-tmpfs-2-UoA-tmpfs|SUCCEEDED
2019/05/01 11:44:29 | globus delete --notify off e7f6aaae-fe52-11e8-9345-0e3d676669f4:/~/tmpfs/in/10gb_1_file --recursive
2019/05/01 11:44:31 | Waiting for deletion to finish (Task ID: e60a30be-6ba1-11e9-bf45-0e4a062367b8)
2019/05/01 11:44:39 | globus transfer --notify off --no-verify-checksum e7f6aaae-fe52-11e8-9345-0e3d676669f4:/~/tmpfs/out/10gb_1_file e7f6aaae-fe52-11e8-9345-0e3d676669f4:/~/tmpfs/in/10gb_1_file --recursive
2019/05/01 11:44:41 | Waiting for transfer to finish (Task ID: ec464e9a-6ba1-11e9-8e59-029d279f7e24)
2019/05/01 11:45:03 | RESULT|ec464e9a-6ba1-11e9-8e59-029d279f7e24|e7f6aaae-fe52-11e8-9345-0e3d676669f4|/~/tmpfs/out/10gb_1_file|e7f6aaae-fe52-11e8-9345-0e3d676669f4|/~/tmpfs/in/10gb_1_file|10gb_1_file|10737418240|543721174|--no-verify-checksum|UoA-tmpfs-2-UoA-tmpfs|SUCCEEDED
2019/05/01 11:45:09 | globus delete --notify off e7f6aaae-fe52-11e8-9345-0e3d676669f4:/~/tmpfs/in/10gb_1_file --recursive
2019/05/01 11:45:11 | Waiting for deletion to finish (Task ID: fde6fc4e-6ba1-11e9-8e59-029d279f7e24)
2019/05/01 11:45:19 | globus transfer --notify off --no-verify-checksum e7f6aaae-fe52-11e8-9345-0e3d676669f4:/~/tmpfs/out/10gb_1_file e7f6aaae-fe52-11e8-9345-0e3d676669f4:/~/tmpfs/in/10gb_1_file --recursive
2019/05/01 11:45:22 | Waiting for transfer to finish (Task ID: 041d60b2-6ba2-11e9-b7f6-0a37f382de32)
2019/05/01 11:45:43 | RESULT|041d60b2-6ba2-11e9-b7f6-0a37f382de32|e7f6aaae-fe52-11e8-9345-0e3d676669f4|/~/tmpfs/out/10gb_1_file|e7f6aaae-fe52-11e8-9345-0e3d676669f4|/~/tmpfs/in/10gb_1_file|10gb_1_file|10737418240|539693699|--no-verify-checksum|UoA-tmpfs-2-UoA-tmpfs|SUCCEEDED
