2019/04/24 16:08:27 | globus delete --notify off 3064bb28-e940-11e8-8caa-0a1d4c5c824a:/nesi/nobackup/uoa99999/mfel395/10gb_1_file --recursive
2019/04/24 16:08:30 | Waiting for deletion to finish (Task ID: 9e1451be-6646-11e9-b7f4-0a37f382de32)
2019/04/24 16:08:41 | globus transfer --notify off --no-verify-checksum e7f6aaae-fe52-11e8-9345-0e3d676669f4:/~/rescer201900004-data-transfer-tests/out/10gb_1_file 3064bb28-e940-11e8-8caa-0a1d4c5c824a:/nesi/nobackup/uoa99999/mfel395/10gb_1_file --recursive
2019/04/24 16:08:43 | Waiting for transfer to finish (Task ID: a5f51e0e-6646-11e9-8e58-029d279f7e24)
2019/04/24 16:11:27 | RESULT|a5f51e0e-6646-11e9-8e58-029d279f7e24|e7f6aaae-fe52-11e8-9345-0e3d676669f4|/~/rescer201900004-data-transfer-tests/out/10gb_1_file|3064bb28-e940-11e8-8caa-0a1d4c5c824a|/nesi/nobackup/uoa99999/mfel395/10gb_1_file|10gb_1_file|10737418240|66484594|--no-verify-checksum|UoA-SpectrumScale-2-NeSI|SUCCEEDED
2019/04/24 16:11:33 | globus delete --notify off e7f6aaae-fe52-11e8-9345-0e3d676669f4:/~/rescer201900004-data-transfer-tests/in/10gb_1_file --recursive
2019/04/24 16:11:35 | Waiting for deletion to finish (Task ID: 0c674f68-6647-11e9-8e58-029d279f7e24)
2019/04/24 16:11:43 | globus transfer --notify off --no-verify-checksum 3064bb28-e940-11e8-8caa-0a1d4c5c824a:/nesi/nobackup/uoa99999/mfel395/10gb_1_file e7f6aaae-fe52-11e8-9345-0e3d676669f4:/~/rescer201900004-data-transfer-tests/in/10gb_1_file --recursive
2019/04/24 16:11:46 | Waiting for transfer to finish (Task ID: 12a1df60-6647-11e9-b7f4-0a37f382de32)
2019/04/24 16:12:39 | RESULT|12a1df60-6647-11e9-b7f4-0a37f382de32|3064bb28-e940-11e8-8caa-0a1d4c5c824a|/nesi/nobackup/uoa99999/mfel395/10gb_1_file|e7f6aaae-fe52-11e8-9345-0e3d676669f4|/~/rescer201900004-data-transfer-tests/in/10gb_1_file|10gb_1_file|10737418240|213524464|--no-verify-checksum|NeSI-2-UoA-SpectrumScale|SUCCEEDED
2019/04/24 16:12:44 | globus delete --notify off e7f6aaae-fe52-11e8-9345-0e3d676669f4:/~/rescer201900004-data-transfer-tests/in/10gb_1_file --recursive
2019/04/24 16:12:46 | Waiting for deletion to finish (Task ID: 36bbc08c-6647-11e9-bf44-0e4a062367b8)
2019/04/24 16:12:55 | globus transfer --notify off --no-verify-checksum 3064bb28-e940-11e8-8caa-0a1d4c5c824a:/nesi/nobackup/uoa99999/mfel395/10gb_1_file e7f6aaae-fe52-11e8-9345-0e3d676669f4:/~/rescer201900004-data-transfer-tests/in/10gb_1_file --recursive
2019/04/24 16:12:57 | Waiting for transfer to finish (Task ID: 3ceedb92-6647-11e9-bf44-0e4a062367b8)
2019/04/24 16:15:09 | RESULT|3ceedb92-6647-11e9-bf44-0e4a062367b8|3064bb28-e940-11e8-8caa-0a1d4c5c824a|/nesi/nobackup/uoa99999/mfel395/10gb_1_file|e7f6aaae-fe52-11e8-9345-0e3d676669f4|/~/rescer201900004-data-transfer-tests/in/10gb_1_file|10gb_1_file|10737418240|82330138|--no-verify-checksum|NeSI-2-UoA-SpectrumScale|SUCCEEDED
2019/04/24 16:15:14 | globus delete --notify off e7f6aaae-fe52-11e8-9345-0e3d676669f4:/~/rescer201900004-data-transfer-tests/in/10gb_1_file --recursive
2019/04/24 16:15:16 | Waiting for deletion to finish (Task ID: 907ce920-6647-11e9-8e58-029d279f7e24)
2019/04/24 16:15:25 | globus transfer --notify off --no-verify-checksum 3064bb28-e940-11e8-8caa-0a1d4c5c824a:/nesi/nobackup/uoa99999/mfel395/10gb_1_file e7f6aaae-fe52-11e8-9345-0e3d676669f4:/~/rescer201900004-data-transfer-tests/in/10gb_1_file --recursive
2019/04/24 16:15:27 | Waiting for transfer to finish (Task ID: 96bd51d0-6647-11e9-bf44-0e4a062367b8)
2019/04/24 16:16:45 | RESULT|96bd51d0-6647-11e9-bf44-0e4a062367b8|3064bb28-e940-11e8-8caa-0a1d4c5c824a|/nesi/nobackup/uoa99999/mfel395/10gb_1_file|e7f6aaae-fe52-11e8-9345-0e3d676669f4|/~/rescer201900004-data-transfer-tests/in/10gb_1_file|10gb_1_file|10737418240|145403166|--no-verify-checksum|NeSI-2-UoA-SpectrumScale|SUCCEEDED
2019/04/24 16:16:50 | globus delete --notify off e7f6aaae-fe52-11e8-9345-0e3d676669f4:/~/rescer201900004-data-transfer-tests/in/10gb_1_file --recursive
2019/04/24 16:16:52 | Waiting for deletion to finish (Task ID: c977b200-6647-11e9-8e58-029d279f7e24)
2019/04/24 16:17:00 | globus transfer --notify off --no-verify-checksum 3064bb28-e940-11e8-8caa-0a1d4c5c824a:/nesi/nobackup/uoa99999/mfel395/10gb_1_file e7f6aaae-fe52-11e8-9345-0e3d676669f4:/~/rescer201900004-data-transfer-tests/in/10gb_1_file --recursive
2019/04/24 16:17:03 | Waiting for transfer to finish (Task ID: cf781fa0-6647-11e9-bf44-0e4a062367b8)
2019/04/24 16:17:47 | RESULT|cf781fa0-6647-11e9-bf44-0e4a062367b8|3064bb28-e940-11e8-8caa-0a1d4c5c824a|/nesi/nobackup/uoa99999/mfel395/10gb_1_file|e7f6aaae-fe52-11e8-9345-0e3d676669f4|/~/rescer201900004-data-transfer-tests/in/10gb_1_file|10gb_1_file|10737418240|257254130|--no-verify-checksum|NeSI-2-UoA-SpectrumScale|SUCCEEDED
2019/04/24 16:17:52 | globus delete --notify off e7f6aaae-fe52-11e8-9345-0e3d676669f4:/~/in/10gb_1_file --recursive
2019/04/24 16:17:55 | Waiting for deletion to finish (Task ID: eeabb6b6-6647-11e9-bf44-0e4a062367b8)
2019/04/24 16:18:03 | globus transfer --notify off --no-verify-checksum 3064bb28-e940-11e8-8caa-0a1d4c5c824a:/nesi/nobackup/uoa99999/mfel395/10gb_1_file e7f6aaae-fe52-11e8-9345-0e3d676669f4:/~/in/10gb_1_file --recursive
2019/04/24 16:18:05 | Waiting for transfer to finish (Task ID: f4e9969c-6647-11e9-8e58-029d279f7e24)
2019/04/24 16:18:54 | RESULT|f4e9969c-6647-11e9-8e58-029d279f7e24|3064bb28-e940-11e8-8caa-0a1d4c5c824a|/nesi/nobackup/uoa99999/mfel395/10gb_1_file|e7f6aaae-fe52-11e8-9345-0e3d676669f4|/~/in/10gb_1_file|10gb_1_file|10737418240|228738793|--no-verify-checksum|NeSI-2-UoA-LocalDisk|SUCCEEDED
2019/04/24 16:19:00 | globus delete --notify off e7f6aaae-fe52-11e8-9345-0e3d676669f4:/~/in/10gb_1_file --recursive
2019/04/24 16:19:02 | Waiting for deletion to finish (Task ID: 169a6fdc-6648-11e9-8e58-029d279f7e24)
2019/04/24 16:19:10 | globus transfer --notify off --no-verify-checksum 3064bb28-e940-11e8-8caa-0a1d4c5c824a:/nesi/nobackup/uoa99999/mfel395/10gb_1_file e7f6aaae-fe52-11e8-9345-0e3d676669f4:/~/in/10gb_1_file --recursive
2019/04/24 16:19:12 | Waiting for transfer to finish (Task ID: 1cdcb288-6648-11e9-8e58-029d279f7e24)
2019/04/24 16:20:06 | RESULT|1cdcb288-6648-11e9-8e58-029d279f7e24|3064bb28-e940-11e8-8caa-0a1d4c5c824a|/nesi/nobackup/uoa99999/mfel395/10gb_1_file|e7f6aaae-fe52-11e8-9345-0e3d676669f4|/~/in/10gb_1_file|10gb_1_file|10737418240|213139896|--no-verify-checksum|NeSI-2-UoA-LocalDisk|SUCCEEDED
2019/04/24 16:20:12 | globus delete --notify off e7f6aaae-fe52-11e8-9345-0e3d676669f4:/~/in/10gb_1_file --recursive
2019/04/24 16:20:14 | Waiting for deletion to finish (Task ID: 41ea3f46-6648-11e9-8e58-029d279f7e24)
2019/04/24 16:20:23 | globus transfer --notify off --no-verify-checksum 3064bb28-e940-11e8-8caa-0a1d4c5c824a:/nesi/nobackup/uoa99999/mfel395/10gb_1_file e7f6aaae-fe52-11e8-9345-0e3d676669f4:/~/in/10gb_1_file --recursive
2019/04/24 16:20:26 | Waiting for transfer to finish (Task ID: 48511fbc-6648-11e9-b7f4-0a37f382de32)
2019/04/24 16:21:25 | RESULT|48511fbc-6648-11e9-b7f4-0a37f382de32|3064bb28-e940-11e8-8caa-0a1d4c5c824a|/nesi/nobackup/uoa99999/mfel395/10gb_1_file|e7f6aaae-fe52-11e8-9345-0e3d676669f4|/~/in/10gb_1_file|10gb_1_file|10737418240|190851413|--no-verify-checksum|NeSI-2-UoA-LocalDisk|SUCCEEDED
2019/04/24 16:21:30 | globus delete --notify off e7f6aaae-fe52-11e8-9345-0e3d676669f4:/~/in/10gb_1_file --recursive
2019/04/24 16:21:32 | Waiting for deletion to finish (Task ID: 70966aea-6648-11e9-bf44-0e4a062367b8)
2019/04/24 16:21:41 | globus transfer --notify off --no-verify-checksum 3064bb28-e940-11e8-8caa-0a1d4c5c824a:/nesi/nobackup/uoa99999/mfel395/10gb_1_file e7f6aaae-fe52-11e8-9345-0e3d676669f4:/~/in/10gb_1_file --recursive
2019/04/24 16:21:43 | Waiting for transfer to finish (Task ID: 76c0956c-6648-11e9-bf44-0e4a062367b8)
2019/04/24 16:22:36 | RESULT|76c0956c-6648-11e9-bf44-0e4a062367b8|3064bb28-e940-11e8-8caa-0a1d4c5c824a|/nesi/nobackup/uoa99999/mfel395/10gb_1_file|e7f6aaae-fe52-11e8-9345-0e3d676669f4|/~/in/10gb_1_file|10gb_1_file|10737418240|210291732|--no-verify-checksum|NeSI-2-UoA-LocalDisk|SUCCEEDED
2019/04/24 16:22:42 | globus delete --notify off e7f6aaae-fe52-11e8-9345-0e3d676669f4:/~/tmpfs/in/10gb_1_file --recursive
2019/04/24 16:22:44 | Waiting for deletion to finish (Task ID: 9b29f916-6648-11e9-b7f4-0a37f382de32)
2019/04/24 16:22:52 | globus transfer --notify off --no-verify-checksum 3064bb28-e940-11e8-8caa-0a1d4c5c824a:/nesi/nobackup/uoa99999/mfel395/10gb_1_file e7f6aaae-fe52-11e8-9345-0e3d676669f4:/~/tmpfs/in/10gb_1_file --recursive
2019/04/24 16:22:55 | Waiting for transfer to finish (Task ID: a13c2856-6648-11e9-b7f4-0a37f382de32)
2019/04/24 16:23:28 | RESULT|a13c2856-6648-11e9-b7f4-0a37f382de32|3064bb28-e940-11e8-8caa-0a1d4c5c824a|/nesi/nobackup/uoa99999/mfel395/10gb_1_file|e7f6aaae-fe52-11e8-9345-0e3d676669f4|/~/tmpfs/in/10gb_1_file|10gb_1_file|10737418240|344029022|--no-verify-checksum|NeSI-2-UoA-tmpfs|SUCCEEDED
2019/04/24 16:23:33 | globus delete --notify off e7f6aaae-fe52-11e8-9345-0e3d676669f4:/~/tmpfs/in/10gb_1_file --recursive
2019/04/24 16:23:35 | Waiting for deletion to finish (Task ID: b9a5d270-6648-11e9-b7f4-0a37f382de32)
2019/04/24 16:23:44 | globus transfer --notify off --no-verify-checksum 3064bb28-e940-11e8-8caa-0a1d4c5c824a:/nesi/nobackup/uoa99999/mfel395/10gb_1_file e7f6aaae-fe52-11e8-9345-0e3d676669f4:/~/tmpfs/in/10gb_1_file --recursive
2019/04/24 16:23:46 | Waiting for transfer to finish (Task ID: bfc43e9e-6648-11e9-8e58-029d279f7e24)
2019/04/24 16:24:21 | RESULT|bfc43e9e-6648-11e9-8e58-029d279f7e24|3064bb28-e940-11e8-8caa-0a1d4c5c824a|/nesi/nobackup/uoa99999/mfel395/10gb_1_file|e7f6aaae-fe52-11e8-9345-0e3d676669f4|/~/tmpfs/in/10gb_1_file|10gb_1_file|10737418240|326981193|--no-verify-checksum|NeSI-2-UoA-tmpfs|SUCCEEDED
2019/04/24 16:24:27 | globus delete --notify off e7f6aaae-fe52-11e8-9345-0e3d676669f4:/~/tmpfs/in/10gb_1_file --recursive
2019/04/24 16:24:29 | Waiting for deletion to finish (Task ID: d9bcdb62-6648-11e9-b7f4-0a37f382de32)
2019/04/24 16:24:38 | globus transfer --notify off --no-verify-checksum 3064bb28-e940-11e8-8caa-0a1d4c5c824a:/nesi/nobackup/uoa99999/mfel395/10gb_1_file e7f6aaae-fe52-11e8-9345-0e3d676669f4:/~/tmpfs/in/10gb_1_file --recursive
2019/04/24 16:24:40 | Waiting for transfer to finish (Task ID: e013181e-6648-11e9-8e58-029d279f7e24)
2019/04/24 16:25:25 | RESULT|e013181e-6648-11e9-8e58-029d279f7e24|3064bb28-e940-11e8-8caa-0a1d4c5c824a|/nesi/nobackup/uoa99999/mfel395/10gb_1_file|e7f6aaae-fe52-11e8-9345-0e3d676669f4|/~/tmpfs/in/10gb_1_file|10gb_1_file|10737418240|253817575|--no-verify-checksum|NeSI-2-UoA-tmpfs|SUCCEEDED
2019/04/24 16:25:30 | globus delete --notify off e7f6aaae-fe52-11e8-9345-0e3d676669f4:/~/tmpfs/in/10gb_1_file --recursive
2019/04/24 16:25:33 | Waiting for deletion to finish (Task ID: ffbbe7b8-6648-11e9-8e58-029d279f7e24)
2019/04/24 16:25:41 | globus transfer --notify off --no-verify-checksum 3064bb28-e940-11e8-8caa-0a1d4c5c824a:/nesi/nobackup/uoa99999/mfel395/10gb_1_file e7f6aaae-fe52-11e8-9345-0e3d676669f4:/~/tmpfs/in/10gb_1_file --recursive
2019/04/24 16:25:44 | Waiting for transfer to finish (Task ID: 05edea82-6649-11e9-8e58-029d279f7e24)
2019/04/24 16:26:41 | RESULT|05edea82-6649-11e9-8e58-029d279f7e24|3064bb28-e940-11e8-8caa-0a1d4c5c824a|/nesi/nobackup/uoa99999/mfel395/10gb_1_file|e7f6aaae-fe52-11e8-9345-0e3d676669f4|/~/tmpfs/in/10gb_1_file|10gb_1_file|10737418240|195445253|--no-verify-checksum|NeSI-2-UoA-tmpfs|SUCCEEDED
2019/04/24 16:26:47 | globus delete --notify off e7f6aaae-fe52-11e8-9345-0e3d676669f4:/~/rescer201900004-data-transfer-tests/in/10gb_1_file --recursive
2019/04/24 16:26:49 | Waiting for deletion to finish (Task ID: 2d11fa9a-6649-11e9-bf44-0e4a062367b8)
2019/04/24 16:26:57 | globus transfer --notify off --no-verify-checksum e7f6aaae-fe52-11e8-9345-0e3d676669f4:/~/tmpfs/in/10gb_1_file e7f6aaae-fe52-11e8-9345-0e3d676669f4:/~/rescer201900004-data-transfer-tests/in/10gb_1_file --recursive
2019/04/24 16:26:59 | Waiting for transfer to finish (Task ID: 33227068-6649-11e9-bf44-0e4a062367b8)
2019/04/24 16:27:34 | RESULT|33227068-6649-11e9-bf44-0e4a062367b8|e7f6aaae-fe52-11e8-9345-0e3d676669f4|/~/tmpfs/in/10gb_1_file|e7f6aaae-fe52-11e8-9345-0e3d676669f4|/~/rescer201900004-data-transfer-tests/in/10gb_1_file|10gb_1_file|10737418240|331071799|--no-verify-checksum|UoA-tmpfs-2-UoA-SpectrumScale|SUCCEEDED
2019/04/24 16:27:39 | globus delete --notify off e7f6aaae-fe52-11e8-9345-0e3d676669f4:/~/rescer201900004-data-transfer-tests/in/10gb_1_file --recursive
2019/04/24 16:27:41 | Waiting for deletion to finish (Task ID: 4c4ad42c-6649-11e9-b7f4-0a37f382de32)
2019/04/24 16:27:50 | globus transfer --notify off --no-verify-checksum e7f6aaae-fe52-11e8-9345-0e3d676669f4:/~/tmpfs/in/10gb_1_file e7f6aaae-fe52-11e8-9345-0e3d676669f4:/~/rescer201900004-data-transfer-tests/in/10gb_1_file --recursive
2019/04/24 16:27:52 | Waiting for transfer to finish (Task ID: 529d0b4c-6649-11e9-bf44-0e4a062367b8)
2019/04/24 16:28:28 | RESULT|529d0b4c-6649-11e9-bf44-0e4a062367b8|e7f6aaae-fe52-11e8-9345-0e3d676669f4|/~/tmpfs/in/10gb_1_file|e7f6aaae-fe52-11e8-9345-0e3d676669f4|/~/rescer201900004-data-transfer-tests/in/10gb_1_file|10gb_1_file|10737418240|328345599|--no-verify-checksum|UoA-tmpfs-2-UoA-SpectrumScale|SUCCEEDED
2019/04/24 16:28:33 | globus delete --notify off e7f6aaae-fe52-11e8-9345-0e3d676669f4:/~/tmpfs/out/10gb_1_file --recursive
2019/04/24 16:28:35 | Waiting for deletion to finish (Task ID: 6c63c4bc-6649-11e9-b7f4-0a37f382de32)
2019/04/24 16:28:43 | globus transfer --notify off --no-verify-checksum e7f6aaae-fe52-11e8-9345-0e3d676669f4:/~/tmpfs/in/10gb_1_file e7f6aaae-fe52-11e8-9345-0e3d676669f4:/~/tmpfs/out/10gb_1_file --recursive
2019/04/24 16:28:46 | Waiting for transfer to finish (Task ID: 72732956-6649-11e9-b7f4-0a37f382de32)
2019/04/24 16:29:08 | RESULT|72732956-6649-11e9-b7f4-0a37f382de32|e7f6aaae-fe52-11e8-9345-0e3d676669f4|/~/tmpfs/in/10gb_1_file|e7f6aaae-fe52-11e8-9345-0e3d676669f4|/~/tmpfs/out/10gb_1_file|10gb_1_file|10737418240|561612292|--no-verify-checksum|UoA-tmpfs-2-UoA-tmpfs|SUCCEEDED
2019/04/24 16:29:13 | globus delete --notify off e7f6aaae-fe52-11e8-9345-0e3d676669f4:/~/tmpfs/out/10gb_1_file --recursive
2019/04/24 16:29:15 | Waiting for deletion to finish (Task ID: 84227fee-6649-11e9-b7f4-0a37f382de32)
2019/04/24 16:29:23 | globus transfer --notify off --no-verify-checksum e7f6aaae-fe52-11e8-9345-0e3d676669f4:/~/tmpfs/in/10gb_1_file e7f6aaae-fe52-11e8-9345-0e3d676669f4:/~/tmpfs/out/10gb_1_file --recursive
2019/04/24 16:29:26 | Waiting for transfer to finish (Task ID: 8a4930f2-6649-11e9-8e58-029d279f7e24)
2019/04/24 16:29:47 | RESULT|8a4930f2-6649-11e9-8e58-029d279f7e24|e7f6aaae-fe52-11e8-9345-0e3d676669f4|/~/tmpfs/in/10gb_1_file|e7f6aaae-fe52-11e8-9345-0e3d676669f4|/~/tmpfs/out/10gb_1_file|10gb_1_file|10737418240|547067735|--no-verify-checksum|UoA-tmpfs-2-UoA-tmpfs|SUCCEEDED
