2019/05/01 10:18:58 | globus delete --notify off e7f6aaae-fe52-11e8-9345-0e3d676669f4:/~/rescer201900004-data-transfer-tests/in/10gb_1_file --recursive
2019/05/01 10:19:00 | Waiting for deletion to finish (Task ID: f3d89b7e-6b95-11e9-b7f6-0a37f382de32)
2019/05/01 10:19:08 | globus transfer --notify off --no-verify-checksum e7f6aaae-fe52-11e8-9345-0e3d676669f4:/~/tmpfs/out/10gb_1_file e7f6aaae-fe52-11e8-9345-0e3d676669f4:/~/rescer201900004-data-transfer-tests/in/10gb_1_file --recursive
2019/05/01 10:19:11 | Waiting for transfer to finish (Task ID: fa1c30ea-6b95-11e9-8e59-029d279f7e24)
2019/05/01 10:19:48 | RESULT|fa1c30ea-6b95-11e9-8e59-029d279f7e24|e7f6aaae-fe52-11e8-9345-0e3d676669f4|/~/tmpfs/out/10gb_1_file|e7f6aaae-fe52-11e8-9345-0e3d676669f4|/~/rescer201900004-data-transfer-tests/in/10gb_1_file|10gb_1_file|10737418240|304673566|--no-verify-checksum|UoA-tmpfs-2-UoA-SpectrumScale|SUCCEEDED
2019/05/01 10:19:53 | globus delete --notify off e7f6aaae-fe52-11e8-9345-0e3d676669f4:/~/rescer201900004-data-transfer-tests/in/10gb_1_file --recursive
2019/05/01 10:19:55 | Waiting for deletion to finish (Task ID: 14d25752-6b96-11e9-8e59-029d279f7e24)
2019/05/01 10:20:04 | globus transfer --notify off --no-verify-checksum e7f6aaae-fe52-11e8-9345-0e3d676669f4:/~/tmpfs/out/10gb_1_file e7f6aaae-fe52-11e8-9345-0e3d676669f4:/~/rescer201900004-data-transfer-tests/in/10gb_1_file --recursive
2019/05/01 10:20:06 | Waiting for transfer to finish (Task ID: 1b1fe0e8-6b96-11e9-bf45-0e4a062367b8)
2019/05/01 10:20:45 | RESULT|1b1fe0e8-6b96-11e9-bf45-0e4a062367b8|e7f6aaae-fe52-11e8-9345-0e3d676669f4|/~/tmpfs/out/10gb_1_file|e7f6aaae-fe52-11e8-9345-0e3d676669f4|/~/rescer201900004-data-transfer-tests/in/10gb_1_file|10gb_1_file|10737418240|296417735|--no-verify-checksum|UoA-tmpfs-2-UoA-SpectrumScale|SUCCEEDED
2019/05/01 10:20:50 | globus delete --notify off e7f6aaae-fe52-11e8-9345-0e3d676669f4:/~/rescer201900004-data-transfer-tests/in/10gb_1_file --recursive
2019/05/01 10:20:53 | Waiting for deletion to finish (Task ID: 375087d6-6b96-11e9-8e59-029d279f7e24)
2019/05/01 10:21:02 | globus transfer --notify off --no-verify-checksum e7f6aaae-fe52-11e8-9345-0e3d676669f4:/~/tmpfs/out/10gb_1_file e7f6aaae-fe52-11e8-9345-0e3d676669f4:/~/rescer201900004-data-transfer-tests/in/10gb_1_file --recursive
2019/05/01 10:21:04 | Waiting for transfer to finish (Task ID: 3d953fec-6b96-11e9-bf45-0e4a062367b8)
2019/05/01 10:21:44 | RESULT|3d953fec-6b96-11e9-bf45-0e4a062367b8|e7f6aaae-fe52-11e8-9345-0e3d676669f4|/~/tmpfs/out/10gb_1_file|e7f6aaae-fe52-11e8-9345-0e3d676669f4|/~/rescer201900004-data-transfer-tests/in/10gb_1_file|10gb_1_file|10737418240|284173368|--no-verify-checksum|UoA-tmpfs-2-UoA-SpectrumScale|SUCCEEDED
2019/05/01 10:21:49 | globus delete --notify off e7f6aaae-fe52-11e8-9345-0e3d676669f4:/~/rescer201900004-data-transfer-tests/in/10gb_1_file --recursive
2019/05/01 10:21:51 | Waiting for deletion to finish (Task ID: 5a1bb704-6b96-11e9-8e59-029d279f7e24)
2019/05/01 10:22:00 | globus transfer --notify off --no-verify-checksum e7f6aaae-fe52-11e8-9345-0e3d676669f4:/~/tmpfs/out/10gb_1_file e7f6aaae-fe52-11e8-9345-0e3d676669f4:/~/rescer201900004-data-transfer-tests/in/10gb_1_file --recursive
2019/05/01 10:22:02 | Waiting for transfer to finish (Task ID: 605253e4-6b96-11e9-b7f6-0a37f382de32)
2019/05/01 10:22:40 | RESULT|605253e4-6b96-11e9-b7f6-0a37f382de32|e7f6aaae-fe52-11e8-9345-0e3d676669f4|/~/tmpfs/out/10gb_1_file|e7f6aaae-fe52-11e8-9345-0e3d676669f4|/~/rescer201900004-data-transfer-tests/in/10gb_1_file|10gb_1_file|10737418240|306730191|--no-verify-checksum|UoA-tmpfs-2-UoA-SpectrumScale|SUCCEEDED
2019/05/01 10:22:48 | globus transfer --notify off --no-verify-checksum e7f6aaae-fe52-11e8-9345-0e3d676669f4:/~/tmpfs/out/10gb_1_file e7f6aaae-fe52-11e8-9345-0e3d676669f4:/~/tmpfs/in/10gb_1_file --recursive
2019/05/01 10:22:50 | Waiting for transfer to finish (Task ID: 7ce892de-6b96-11e9-b7f6-0a37f382de32)
2019/05/01 10:23:13 | RESULT|7ce892de-6b96-11e9-b7f6-0a37f382de32|e7f6aaae-fe52-11e8-9345-0e3d676669f4|/~/tmpfs/out/10gb_1_file|e7f6aaae-fe52-11e8-9345-0e3d676669f4|/~/tmpfs/in/10gb_1_file|10gb_1_file|10737418240|525172433|--no-verify-checksum|UoA-tmpfs-2-UoA-tmpfs|SUCCEEDED
2019/05/01 10:23:18 | globus delete --notify off e7f6aaae-fe52-11e8-9345-0e3d676669f4:/~/tmpfs/in/10gb_1_file --recursive
2019/05/01 10:23:21 | Waiting for deletion to finish (Task ID: 8f3e2da4-6b96-11e9-b7f6-0a37f382de32)
2019/05/01 10:23:29 | globus transfer --notify off --no-verify-checksum e7f6aaae-fe52-11e8-9345-0e3d676669f4:/~/tmpfs/out/10gb_1_file e7f6aaae-fe52-11e8-9345-0e3d676669f4:/~/tmpfs/in/10gb_1_file --recursive
2019/05/01 10:23:32 | Waiting for transfer to finish (Task ID: 9594c834-6b96-11e9-bf45-0e4a062367b8)
2019/05/01 10:23:54 | RESULT|9594c834-6b96-11e9-bf45-0e4a062367b8|e7f6aaae-fe52-11e8-9345-0e3d676669f4|/~/tmpfs/out/10gb_1_file|e7f6aaae-fe52-11e8-9345-0e3d676669f4|/~/tmpfs/in/10gb_1_file|10gb_1_file|10737418240|535415679|--no-verify-checksum|UoA-tmpfs-2-UoA-tmpfs|SUCCEEDED
2019/05/01 10:24:00 | globus delete --notify off e7f6aaae-fe52-11e8-9345-0e3d676669f4:/~/tmpfs/in/10gb_1_file --recursive
2019/05/01 10:24:02 | Waiting for deletion to finish (Task ID: a8060cee-6b96-11e9-bf45-0e4a062367b8)
2019/05/01 10:24:11 | globus transfer --notify off --no-verify-checksum e7f6aaae-fe52-11e8-9345-0e3d676669f4:/~/tmpfs/out/10gb_1_file e7f6aaae-fe52-11e8-9345-0e3d676669f4:/~/tmpfs/in/10gb_1_file --recursive
2019/05/01 10:24:13 | Waiting for transfer to finish (Task ID: ae3c2cc4-6b96-11e9-8e59-029d279f7e24)
2019/05/01 10:24:36 | RESULT|ae3c2cc4-6b96-11e9-8e59-029d279f7e24|e7f6aaae-fe52-11e8-9345-0e3d676669f4|/~/tmpfs/out/10gb_1_file|e7f6aaae-fe52-11e8-9345-0e3d676669f4|/~/tmpfs/in/10gb_1_file|10gb_1_file|10737418240|525633087|--no-verify-checksum|UoA-tmpfs-2-UoA-tmpfs|SUCCEEDED
2019/05/01 10:24:41 | globus delete --notify off e7f6aaae-fe52-11e8-9345-0e3d676669f4:/~/tmpfs/in/10gb_1_file --recursive
2019/05/01 10:24:43 | Waiting for deletion to finish (Task ID: c080eb18-6b96-11e9-b7f6-0a37f382de32)
2019/05/01 10:24:52 | globus transfer --notify off --no-verify-checksum e7f6aaae-fe52-11e8-9345-0e3d676669f4:/~/tmpfs/out/10gb_1_file e7f6aaae-fe52-11e8-9345-0e3d676669f4:/~/tmpfs/in/10gb_1_file --recursive
2019/05/01 10:24:54 | Waiting for transfer to finish (Task ID: c6aa515a-6b96-11e9-bf45-0e4a062367b8)
2019/05/01 10:25:17 | RESULT|c6aa515a-6b96-11e9-bf45-0e4a062367b8|e7f6aaae-fe52-11e8-9345-0e3d676669f4|/~/tmpfs/out/10gb_1_file|e7f6aaae-fe52-11e8-9345-0e3d676669f4|/~/tmpfs/in/10gb_1_file|10gb_1_file|10737418240|531983553|--no-verify-checksum|UoA-tmpfs-2-UoA-tmpfs|SUCCEEDED
